#
# A fatal error has been detected by the Java Runtime Environment:
#
#  SIGSEGV (0xb) at pc=0x000000010982251b, pid=9800, tid=18947
#
# JRE version: Java(TM) SE Runtime Environment (17.0.7+8) (build 17.0.7+8-LTS-224)
# Java VM: Java HotSpot(TM) 64-Bit Server VM (17.0.7+8-LTS-224, mixed mode, sharing, tiered, compressed oops, compressed class ptrs, g1 gc, bsd-amd64)
# Problematic frame:
# V  [libjvm.dylib+0x40351b]  G1ConcurrentMark::mark_in_next_bitmap(unsigned int, HeapRegion*, oopDesc*)+0xb
#
# No core dump will be written. Core dumps have been disabled. To enable core dumping, try "ulimit -c unlimited" before starting Java again
#
# If you would like to submit a bug report, please visit:
#   https://bugreport.java.com/bugreport/crash.jsp
#

---------------  S U M M A R Y ------------

Command Line: -javaagent:/Applications/IntelliJ IDEA CE.app/Contents/lib/idea_rt.jar=63594:/Applications/IntelliJ IDEA CE.app/Contents/bin -Dfile.encoding=UTF-8 --module-path=/Users/mac/.m2/repository/org/openjfx/javafx-controls/17.0.2/javafx-controls-17.0.2-mac.jar:/Users/mac/.m2/repository/org/openjfx/javafx-fxml/17.0.2/javafx-fxml-17.0.2-mac.jar:/Users/mac/.m2/repository/org/openjfx/javafx-base/17.0.2/javafx-base-17.0.2-mac.jar:/Users/mac/.m2/repository/org/mindrot/jbcrypt/0.4/jbcrypt-0.4.jar:/Users/mac/.m2/repository/org/openjfx/javafx-graphics/17.0.2/javafx-graphics-17.0.2-mac.jar:/Users/mac/.m2/repository/org/controlsfx/controlsfx/11.1.1/controlsfx-11.1.1.jar:/Users/mac/.m2/repository/org/kordamp/bootstrapfx/bootstrapfx-core/0.4.0/bootstrapfx-core-0.4.0.jar:/Users/mac/.m2/repository/javax/persistence/javax.persistence-api/2.2/javax.persistence-api-2.2.jar:/Users/mac/eclipse-workspace/java2/untitled folder/jul-12/ManageHotelApp_JavaFX/target/classes:/Users/mac/.m2/repository/org/hibernate/hibernate-core/5.6.15.Final/hibernate-core-5.6.15.Final.jar -Djdk.module.main=com.managehotelapp_javafx com.managehotelapp_javafx/com.managehotelapp_javafx.HelloApplication

Host: "MacBookAir7,2" x86_64 2200 MHz, 4 cores, 8G, Darwin 21.4.0, macOS 12.3 (21E230)
Time: Tue Jul 25 22:31:06 2023 +07 elapsed time: 7.451808 seconds (0d 0h 0m 7s)

---------------  T H R E A D  ---------------

Current thread (0x00007f90e90057a0):  ConcurrentGCThread "G1 Conc#0" [stack: 0x000070000850b000,0x000070000860b000] [id=18947]

Stack: [0x000070000850b000,0x000070000860b000],  sp=0x0000700008608c90,  free space=1015k
Native frames: (J=compiled Java code, j=interpreted, Vv=VM code, C=native code)
V  [libjvm.dylib+0x40351b]  G1ConcurrentMark::mark_in_next_bitmap(unsigned int, HeapRegion*, oopDesc*)+0xb
V  [libjvm.dylib+0x4033d7]  G1CMTask::make_reference_grey(oopDesc*)+0x37
V  [libjvm.dylib+0x4032b0]  void OopOopIterateDispatch<G1CMOopClosure>::Table::oop_oop_iterate<InstanceKlass, narrowOop>(G1CMOopClosure*, oopDesc*, Klass*)+0xd0
V  [libjvm.dylib+0x41d765]  void G1CMTask::process_grey_task_entry<true>(G1TaskQueueEntry)+0x215
V  [libjvm.dylib+0x41c984]  G1CMBitMap::iterate(G1CMBitMapClosure*, MemRegion)+0xf4
V  [libjvm.dylib+0x41bf63]  G1CMTask::do_marking_step(double, bool, bool)+0x4d3
V  [libjvm.dylib+0x41dba4]  G1CMConcurrentMarkingTask::work(unsigned int)+0xb4
V  [libjvm.dylib+0xab2d7c]  GangWorker::loop()+0x5c
V  [libjvm.dylib+0xab2d06]  GangWorker::run()+0x16
V  [libjvm.dylib+0x9fb64a]  Thread::call_run()+0x11a
V  [libjvm.dylib+0x88c0f8]  thread_native_entry(Thread*)+0x148
C  [libsystem_pthread.dylib+0x64e1]  _pthread_start+0x7d
C  [libsystem_pthread.dylib+0x1f6b]  thread_start+0xf


siginfo: si_signo: 11 (SIGSEGV), si_code: 1 (SEGV_MAPERR), si_addr: 0x00000000000000a0

Register to memory mapping:

RAX=0x00007f90e87cea00 points into unknown readable memory: 0x0000000000000000 | 00 00 00 00 00 00 00 00
RBX=0x00007f90e9006280 points into unknown readable memory: 0x000000010a05a900 | 00 a9 05 0a 01 00 00 00
RCX=0x000000079720d698 is an unallocated location in the heap
RDX=0x0 is NULL
RSP=0x0000700008608c90 points into unknown readable memory: 0x00007f90e9006280 | 80 62 00 e9 90 7f 00 00
RBP=0x0000700008608cb0 points into unknown readable memory: 0x0000700008608cd0 | d0 8c 60 08 00 70 00 00
RSI=0x0 is NULL
RDI=0x00007f90e9809400 points into unknown readable memory: 0x00007f90e9004f20 | 20 4f 00 e9 90 7f 00 00
R8 =0x0000000000000003 is an unknown value
R9 =0x0 is NULL
R10=0x000060000285c301 points into unknown readable memory: 3d 7a fd ff 9f ff ff
R11=0x0000000000000246 is an unknown value
R12=0x000000078014ba7c is pointing into object: java.util.HashMap$Node 
{0x000000078014ba60} - klass: 'java/util/HashMap$Node'
 - ---- fields (total size 4 words):
 - final 'hash' 'I' @12  -372475374 (e9cc7a12)
 - final 'key' 'Ljava/lang/Object;' @16  "zh-Hant"{0x000000078014ba80} (f0029750)
 - 'value' 'Ljava/lang/Object;' @20  
[error occurred during error reporting (printing register info), id 0xa, SIGBUS (0xa) at pc=0x000000010992a045]

Registers:
RAX=0x00007f90e87cea00, RBX=0x00007f90e9006280, RCX=0x000000079720d698, RDX=0x0000000000000000
RSP=0x0000700008608c90, RBP=0x0000700008608cb0, RSI=0x0000000000000000, RDI=0x00007f90e9809400
R8 =0x0000000000000003, R9 =0x0000000000000000, R10=0x000060000285c301, R11=0x0000000000000246
R12=0x000000078014ba7c, R13=0x0000700008608db8, R14=0x000000079720d698, R15=0x000000080015b1a8
RIP=0x000000010982251b, EFLAGS=0x0000000000010206, ERR=0x0000000000000004
  TRAPNO=0x000000000000000e

Top of Stack: (sp=0x0000700008608c90)
0x0000700008608c90:   00007f90e9006280 000000078014ba7c
0x0000700008608ca0:   000000079720d698 000000080015b1a8
0x0000700008608cb0:   0000700008608cd0 00000001098223d7
0x0000700008608cc0:   000000010a07cc60 000000078014ba74
0x0000700008608cd0:   0000700008608d20 00000001098222b0
0x0000700008608ce0:   00000007801217d4 000000080015b1b0
0x0000700008608cf0:   000000078014ba60 0000000000000004
0x0000700008608d00:   000000080015af68 00007f90e9006280
0x0000700008608d10:   000000078014ba60 0000700008608db8
0x0000700008608d20:   0000700008608d60 000000010983c765
0x0000700008608d30:   00007f90e9006280 000000000002974c
0x0000700008608d40:   00007f90e9809450 000000078014ba60
0x0000700008608d50:   000000000003b580 0000700008608de0
0x0000700008608d60:   0000700008608da0 000000010983b984
0x0000700008608d70:   0000000000000ed6 0000000780100000
0x0000700008608d80:   0000000000000400 00007f90e9006280
0x0000700008608d90:   0000000000000001 000000010a0b57c0
0x0000700008608da0:   000070000860ae50 000000010983af63
0x0000700008608db0:   0000000000000000 000000010a05a8c0
0x0000700008608dc0:   0000600002f543c0 0000000000000003
0x0000700008608dd0:   00007f90ea814c00 00007f90e9006280
0x0000700008608de0:   00007f90e9809400 00007f90e9006280
0x0000700008608df0:   0000000000000000 00007f90e90063b8
0x0000700008608e00:   3fe0000000000000 0000000000000001
0x0000700008608e10:   3fe0000000000001 00007f90e9006308
0x0000700008608e20:   0000000000000000 0000000000000000
0x0000700008608e30:   0000000000000000 0000000000000000
0x0000700008608e40:   0000000000000000 0000000000000000
0x0000700008608e50:   0000000000000000 0000000000000000
0x0000700008608e60:   0000000000000000 0000000000000000
0x0000700008608e70:   0000000000000000 0000000000000000
0x0000700008608e80:   0000000000000000 0000000000000000 

Instructions: (pc=0x000000010982251b)
0x000000010982241b:   8d 05 68 2e 89 00 80 38 00 74 4c 41 8b 46 08 48
0x000000010982242b:   8d 15 3f a8 85 00 8a 4a 08 48 d3 e0 48 03 02 81
0x000000010982243b:   78 08 00 00 00 c0 72 3c 48 8b 83 a0 00 00 00 48
0x000000010982244b:   3b 83 a8 00 00 00 73 12 48 8b 8b b8 00 00 00 b0
0x000000010982245b:   01 48 3b 8b c0 00 00 00 72 a2 48 89 df e8 63 80
0x000000010982246b:   01 00 e9 96 00 00 00 49 8b 46 08 81 78 08 00 00
0x000000010982247b:   00 c0 73 c4 48 8b 43 30 8b 88 80 00 00 00 8b 90
0x000000010982248b:   00 01 00 00 89 ce 29 d6 81 e6 fe ff 01 00 81 fe
0x000000010982249b:   fe ff 01 00 75 4e 48 89 df e8 67 81 01 00 48 8b
0x00000001098224ab:   4b 30 8b 91 80 00 00 00 8b 81 00 01 00 00 89 d6
0x00000001098224bb:   29 c6 81 e6 fe ff 01 00 b0 01 81 fe fe ff 01 00
0x00000001098224cb:   0f 84 36 ff ff ff 48 8b b1 80 01 00 00 4c 89 34
0x00000001098224db:   d6 ff c2 81 e2 ff ff 01 00 89 91 80 00 00 00 5b
0x00000001098224eb:   41 5e 5d c3 48 8b 90 80 01 00 00 4c 89 34 ca ff
0x00000001098224fb:   c1 81 e1 ff ff 01 00 89 88 80 00 00 00 b0 01 5b
0x000000010982250b:   41 5e 5d c3 90 55 48 89 e5 41 57 41 56 41 54 53
0x000000010982251b:   48 39 8a a0 00 00 00 0f 86 a5 00 00 00 49 89 cc
0x000000010982252b:   41 89 f6 49 89 ff 48 8b 9f 98 00 00 00 48 8b 03
0x000000010982253b:   48 89 df 48 89 ce ff 10 4c 89 e0 48 2b 43 08 48
0x000000010982254b:   c1 e8 03 8a 4b 18 48 d3 e8 48 8b 7b 20 48 89 c3
0x000000010982255b:   ba 01 00 00 00 89 c1 48 d3 e2 48 c1 eb 06 48 8d
0x000000010982256b:   34 df 48 8b 0c df 66 2e 0f 1f 84 00 00 00 00 00
0x000000010982257b:   0f 1f 44 00 00 48 89 cf 48 09 d7 48 39 cf 74 42
0x000000010982258b:   48 89 c8 f0 48 0f b1 3e 48 39 c8 48 89 c1 75 e5
0x000000010982259b:   48 8d 05 e7 2c 89 00 8a 10 84 d2 74 2c 41 8b 7c
0x00000001098225ab:   24 08 48 8d 05 bc a6 85 00 8a 48 08 48 d3 e7 48
0x00000001098225bb:   03 38 8b 47 08 85 c0 7e 1c a8 01 75 1c c1 e8 03
0x00000001098225cb:   eb 5a 31 c0 e9 db 00 00 00 49 8b 7c 24 08 8b 47
0x00000001098225db:   08 85 c0 7f e4 85 c0 78 0e 48 8b 07 4c 89 e6 ff
0x00000001098225eb:   90 00 01 00 00 eb 35 31 c9 84 d2 0f 94 c1 49 63
0x00000001098225fb:   54 8c 0c 89 c1 48 d3 e2 c1 e8 10 0f b6 c0 48 01
0x000000010982260b:   d0 48 8d 0d 11 c5 85 00 48 63 09 48 8d 54 01 ff 


Stack slot to memory mapping:
stack at sp + 0 slots: 0x00007f90e9006280 points into unknown readable memory: 0x000000010a05a900 | 00 a9 05 0a 01 00 00 00
stack at sp + 1 slots: 0x000000078014ba7c is pointing into object: java.util.HashMap$Node 
{0x000000078014ba60} - klass: 'java/util/HashMap$Node'
 - ---- fields (total size 4 words):
 - final 'hash' 'I' @12  -372475374 (e9cc7a12)
 - final 'key' 'Ljava/lang/Object;' @16  "zh-Hant"{0x000000078014ba80} (f0029750)
 - 'value' 'Ljava/lang/Object;' @20  
[error occurred during error reporting (inspecting top of stack), id 0xa, SIGBUS (0xa) at pc=0x000000010992a045]


---------------  P R O C E S S  ---------------

Threads class SMR info:
_java_thread_list=0x0000600000b91460, length=18, elements={
0x00007f90ea812200, 0x00007f90ea82fc00, 0x00007f90e980fe00, 0x00007f90e8827400,
0x00007f90e8819000, 0x00007f90e8827a00, 0x00007f90ea00d000, 0x00007f90e8828000,
0x00007f90e8828600, 0x00007f90ea830200, 0x00007f90e8876a00, 0x00007f90e88a4c00,
0x00007f90ea01e800, 0x00007f90ea8f7200, 0x00007f90ea8f7800, 0x00007f90ea1efe00,
0x00007f90eaa25a00, 0x00007f90ea9f2400
}

Java Threads: ( => current thread )
  0x00007f90ea812200 JavaThread "main" [_thread_blocked, id=6403, stack(0x0000700008202000,0x0000700008302000)]
  0x00007f90ea82fc00 JavaThread "Reference Handler" daemon [_thread_blocked, id=16131, stack(0x0000700008917000,0x0000700008a17000)]
  0x00007f90e980fe00 JavaThread "Finalizer" daemon [_thread_blocked, id=15875, stack(0x0000700008a1a000,0x0000700008b1a000)]
  0x00007f90e8827400 JavaThread "Signal Dispatcher" daemon [_thread_blocked, id=42755, stack(0x0000700008c23000,0x0000700008d23000)]
  0x00007f90e8819000 JavaThread "Service Thread" daemon [_thread_blocked, id=23555, stack(0x0000700008d26000,0x0000700008e26000)]
  0x00007f90e8827a00 JavaThread "Monitor Deflation Thread" daemon [_thread_blocked, id=42243, stack(0x0000700008e29000,0x0000700008f29000)]
  0x00007f90ea00d000 JavaThread "C2 CompilerThread0" daemon [_thread_in_native, id=41731, stack(0x0000700008f2c000,0x000070000902c000)]
  0x00007f90e8828000 JavaThread "C1 CompilerThread0" daemon [_thread_blocked, id=41475, stack(0x000070000902f000,0x000070000912f000)]
  0x00007f90e8828600 JavaThread "Sweeper thread" daemon [_thread_blocked, id=24067, stack(0x0000700009132000,0x0000700009232000)]
  0x00007f90ea830200 JavaThread "Common-Cleaner" daemon [_thread_blocked, id=24323, stack(0x0000700009235000,0x0000700009335000)]
  0x00007f90e8876a00 JavaThread "Monitor Ctrl-Break" daemon [_thread_in_native, id=40451, stack(0x0000700009338000,0x0000700009438000)]
  0x00007f90e88a4c00 JavaThread "Notification Thread" daemon [_thread_blocked, id=24579, stack(0x000070000943b000,0x000070000953b000)]
  0x00007f90ea01e800 JavaThread "QuantumRenderer-0" daemon [_thread_blocked, id=26371, stack(0x0000700009847000,0x0000700009947000)]
  0x00007f90ea8f7200 JavaThread "InvokeLaterDispatcher" daemon [_thread_blocked, id=30219, stack(0x000070000994a000,0x0000700009a4a000)]
  0x00007f90ea8f7800 JavaThread "JavaFX Application Thread" [_thread_in_native, id=259, stack(0x00007ff7b7445000,0x00007ff7b7c45000)]
  0x00007f90ea1efe00 JavaThread "JavaFX-Launcher" [_thread_blocked, id=52231, stack(0x0000700009cd9000,0x0000700009dd9000)]
  0x00007f90eaa25a00 JavaThread "PostgreSQL-JDBC-Cleaner" daemon [_thread_blocked, id=59907, stack(0x0000700009ee2000,0x0000700009fe2000)]
  0x00007f90ea9f2400 JavaThread "Hibernate Connection Pool Validation Thread" daemon [_thread_blocked, id=60419, stack(0x0000700009fe5000,0x000070000a0e5000)]

Other Threads:
  0x00007f90e9106c20 VMThread "VM Thread" [stack: 0x0000700008814000,0x0000700008914000] [id=16387]
  0x00007f90e870fe30 WatcherThread [stack: 0x000070000953e000,0x000070000963e000] [id=25091]
  0x00007f90e8706010 GCTaskThread "GC Thread#0" [stack: 0x0000700008305000,0x0000700008405000] [id=19971]
  0x00007f90e9115f80 GCTaskThread "GC Thread#1" [stack: 0x0000700009641000,0x0000700009741000] [id=25603]
  0x00007f90e900fa30 GCTaskThread "GC Thread#2" [stack: 0x0000700009744000,0x0000700009844000] [id=39939]
  0x00007f90e923dc80 GCTaskThread "GC Thread#3" [stack: 0x0000700009a4d000,0x0000700009b4d000] [id=79371]
  0x00007f90e9004f20 ConcurrentGCThread "G1 Main Marker" [stack: 0x0000700008408000,0x0000700008508000] [id=12547]
=>0x00007f90e90057a0 ConcurrentGCThread "G1 Conc#0" [stack: 0x000070000850b000,0x000070000860b000] [id=18947]
  0x00007f90e9007000 ConcurrentGCThread "G1 Refine#0" [stack: 0x000070000860e000,0x000070000870e000] [id=18179]
  0x00007f90e9205040 ConcurrentGCThread "G1 Service" [stack: 0x0000700008711000,0x0000700008811000] [id=17667]

Threads with active compile tasks:
C2 CompilerThread0     7474 1808       4       jdk.internal.org.objectweb.asm.Frame::execute (2305 bytes)

VM state: not at safepoint (normal execution)

VM Mutex/Monitor currently owned by a thread: None

Heap address: 0x0000000780000000, size: 2048 MB, Compressed Oops mode: Zero based, Oop shift amount: 3

CDS archive(s) mapped at: [0x0000000800000000-0x0000000800bd8000-0x0000000800bd8000), size 12419072, SharedBaseAddress: 0x0000000800000000, ArchiveRelocationMode: 0.
Compressed class space mapped at: 0x0000000800c00000-0x0000000840c00000, reserved size: 1073741824
Narrow klass base: 0x0000000800000000, Narrow klass shift: 0, Narrow klass range: 0x100000000

GC Precious Log:
 CPUs: 4 total, 4 available
 Memory: 8192M
 Large Page Support: Disabled
 NUMA Support: Disabled
 Compressed Oops: Enabled (Zero based)
 Heap Region Size: 1M
 Heap Min Capacity: 8M
 Heap Initial Capacity: 128M
 Heap Max Capacity: 2G
 Pre-touch: Disabled
 Parallel Workers: 4
 Concurrent Workers: 1
 Concurrent Refinement Workers: 4
 Periodic GC: Disabled

Heap:
 garbage-first heap   total 133120K, used 10038K [0x0000000780000000, 0x0000000800000000)
  region size 1024K, 8 young (8192K), 7 survivors (7168K)
 Metaspace       used 21373K, committed 21696K, reserved 1073152K
  class space    used 2831K, committed 3008K, reserved 1048576K

Heap Regions: E=young(eden), S=young(survivor), O=old, HS=humongous(starts), HC=humongous(continues), CS=collection set, F=free, OA=open archive, CA=closed archive, TAMS=top-at-mark-start (previous, next)
|   0|0x0000000780000000, 0x0000000780100000, 0x0000000780100000|100%|HS|  |TAMS 0x0000000780000000, 0x0000000780100000| Complete 
|   1|0x0000000780100000, 0x00000007801dac00, 0x0000000780200000| 85%| O|  |TAMS 0x0000000780100000, 0x00000007801dac00| Untracked 
|   2|0x0000000780200000, 0x0000000780200000, 0x0000000780300000|  0%| F|  |TAMS 0x0000000780200000, 0x0000000780200000| Untracked 
|   3|0x0000000780300000, 0x0000000780300000, 0x0000000780400000|  0%| F|  |TAMS 0x0000000780300000, 0x0000000780300000| Untracked 
|   4|0x0000000780400000, 0x0000000780400000, 0x0000000780500000|  0%| F|  |TAMS 0x0000000780400000, 0x0000000780400000| Untracked 
|   5|0x0000000780500000, 0x0000000780500000, 0x0000000780600000|  0%| F|  |TAMS 0x0000000780500000, 0x0000000780500000| Untracked 
|   6|0x0000000780600000, 0x0000000780600000, 0x0000000780700000|  0%| F|  |TAMS 0x0000000780600000, 0x0000000780600000| Untracked 
|   7|0x0000000780700000, 0x0000000780700000, 0x0000000780800000|  0%| F|  |TAMS 0x0000000780700000, 0x0000000780700000| Untracked 
|   8|0x0000000780800000, 0x0000000780800000, 0x0000000780900000|  0%| F|  |TAMS 0x0000000780800000, 0x0000000780800000| Untracked 
|   9|0x0000000780900000, 0x0000000780900000, 0x0000000780a00000|  0%| F|  |TAMS 0x0000000780900000, 0x0000000780900000| Untracked 
|  10|0x0000000780a00000, 0x0000000780a00000, 0x0000000780b00000|  0%| F|  |TAMS 0x0000000780a00000, 0x0000000780a00000| Untracked 
|  11|0x0000000780b00000, 0x0000000780b00000, 0x0000000780c00000|  0%| F|  |TAMS 0x0000000780b00000, 0x0000000780b00000| Untracked 
|  12|0x0000000780c00000, 0x0000000780c00000, 0x0000000780d00000|  0%| F|  |TAMS 0x0000000780c00000, 0x0000000780c00000| Untracked 
|  13|0x0000000780d00000, 0x0000000780d00000, 0x0000000780e00000|  0%| F|  |TAMS 0x0000000780d00000, 0x0000000780d00000| Untracked 
|  14|0x0000000780e00000, 0x0000000780e00000, 0x0000000780f00000|  0%| F|  |TAMS 0x0000000780e00000, 0x0000000780e00000| Untracked 
|  15|0x0000000780f00000, 0x0000000780f00000, 0x0000000781000000|  0%| F|  |TAMS 0x0000000780f00000, 0x0000000780f00000| Untracked 
|  16|0x0000000781000000, 0x0000000781000000, 0x0000000781100000|  0%| F|  |TAMS 0x0000000781000000, 0x0000000781000000| Untracked 
|  17|0x0000000781100000, 0x0000000781100000, 0x0000000781200000|  0%| F|  |TAMS 0x0000000781100000, 0x0000000781100000| Untracked 
|  18|0x0000000781200000, 0x0000000781200000, 0x0000000781300000|  0%| F|  |TAMS 0x0000000781200000, 0x0000000781200000| Untracked 
|  19|0x0000000781300000, 0x0000000781300000, 0x0000000781400000|  0%| F|  |TAMS 0x0000000781300000, 0x0000000781300000| Untracked 
|  20|0x0000000781400000, 0x0000000781400000, 0x0000000781500000|  0%| F|  |TAMS 0x0000000781400000, 0x0000000781400000| Untracked 
|  21|0x0000000781500000, 0x0000000781500000, 0x0000000781600000|  0%| F|  |TAMS 0x0000000781500000, 0x0000000781500000| Untracked 
|  22|0x0000000781600000, 0x0000000781600000, 0x0000000781700000|  0%| F|  |TAMS 0x0000000781600000, 0x0000000781600000| Untracked 
|  23|0x0000000781700000, 0x0000000781700000, 0x0000000781800000|  0%| F|  |TAMS 0x0000000781700000, 0x0000000781700000| Untracked 
|  24|0x0000000781800000, 0x0000000781800000, 0x0000000781900000|  0%| F|  |TAMS 0x0000000781800000, 0x0000000781800000| Untracked 
|  25|0x0000000781900000, 0x0000000781900000, 0x0000000781a00000|  0%| F|  |TAMS 0x0000000781900000, 0x0000000781900000| Untracked 
|  26|0x0000000781a00000, 0x0000000781a00000, 0x0000000781b00000|  0%| F|  |TAMS 0x0000000781a00000, 0x0000000781a00000| Untracked 
|  27|0x0000000781b00000, 0x0000000781b00000, 0x0000000781c00000|  0%| F|  |TAMS 0x0000000781b00000, 0x0000000781b00000| Untracked 
|  28|0x0000000781c00000, 0x0000000781c00000, 0x0000000781d00000|  0%| F|  |TAMS 0x0000000781c00000, 0x0000000781c00000| Untracked 
|  29|0x0000000781d00000, 0x0000000781d00000, 0x0000000781e00000|  0%| F|  |TAMS 0x0000000781d00000, 0x0000000781d00000| Untracked 
|  30|0x0000000781e00000, 0x0000000781e00000, 0x0000000781f00000|  0%| F|  |TAMS 0x0000000781e00000, 0x0000000781e00000| Untracked 
|  31|0x0000000781f00000, 0x0000000781f00000, 0x0000000782000000|  0%| F|  |TAMS 0x0000000781f00000, 0x0000000781f00000| Untracked 
|  32|0x0000000782000000, 0x0000000782000000, 0x0000000782100000|  0%| F|  |TAMS 0x0000000782000000, 0x0000000782000000| Untracked 
|  33|0x0000000782100000, 0x0000000782100000, 0x0000000782200000|  0%| F|  |TAMS 0x0000000782100000, 0x0000000782100000| Untracked 
|  34|0x0000000782200000, 0x0000000782200000, 0x0000000782300000|  0%| F|  |TAMS 0x0000000782200000, 0x0000000782200000| Untracked 
|  35|0x0000000782300000, 0x0000000782300000, 0x0000000782400000|  0%| F|  |TAMS 0x0000000782300000, 0x0000000782300000| Untracked 
|  36|0x0000000782400000, 0x0000000782400000, 0x0000000782500000|  0%| F|  |TAMS 0x0000000782400000, 0x0000000782400000| Untracked 
|  37|0x0000000782500000, 0x0000000782500000, 0x0000000782600000|  0%| F|  |TAMS 0x0000000782500000, 0x0000000782500000| Untracked 
|  38|0x0000000782600000, 0x0000000782600000, 0x0000000782700000|  0%| F|  |TAMS 0x0000000782600000, 0x0000000782600000| Untracked 
|  39|0x0000000782700000, 0x0000000782700000, 0x0000000782800000|  0%| F|  |TAMS 0x0000000782700000, 0x0000000782700000| Untracked 
|  40|0x0000000782800000, 0x0000000782800000, 0x0000000782900000|  0%| F|  |TAMS 0x0000000782800000, 0x0000000782800000| Untracked 
|  41|0x0000000782900000, 0x0000000782900000, 0x0000000782a00000|  0%| F|  |TAMS 0x0000000782900000, 0x0000000782900000| Untracked 
|  42|0x0000000782a00000, 0x0000000782a00000, 0x0000000782b00000|  0%| F|  |TAMS 0x0000000782a00000, 0x0000000782a00000| Untracked 
|  43|0x0000000782b00000, 0x0000000782b00000, 0x0000000782c00000|  0%| F|  |TAMS 0x0000000782b00000, 0x0000000782b00000| Untracked 
|  44|0x0000000782c00000, 0x0000000782c00000, 0x0000000782d00000|  0%| F|  |TAMS 0x0000000782c00000, 0x0000000782c00000| Untracked 
|  45|0x0000000782d00000, 0x0000000782d00000, 0x0000000782e00000|  0%| F|  |TAMS 0x0000000782d00000, 0x0000000782d00000| Untracked 
|  46|0x0000000782e00000, 0x0000000782e00000, 0x0000000782f00000|  0%| F|  |TAMS 0x0000000782e00000, 0x0000000782e00000| Untracked 
|  47|0x0000000782f00000, 0x0000000782f00000, 0x0000000783000000|  0%| F|  |TAMS 0x0000000782f00000, 0x0000000782f00000| Untracked 
|  48|0x0000000783000000, 0x0000000783000000, 0x0000000783100000|  0%| F|  |TAMS 0x0000000783000000, 0x0000000783000000| Untracked 
|  49|0x0000000783100000, 0x0000000783100000, 0x0000000783200000|  0%| F|  |TAMS 0x0000000783100000, 0x0000000783100000| Untracked 
|  50|0x0000000783200000, 0x0000000783200000, 0x0000000783300000|  0%| F|  |TAMS 0x0000000783200000, 0x0000000783200000| Untracked 
|  51|0x0000000783300000, 0x0000000783300000, 0x0000000783400000|  0%| F|  |TAMS 0x0000000783300000, 0x0000000783300000| Untracked 
|  52|0x0000000783400000, 0x0000000783400000, 0x0000000783500000|  0%| F|  |TAMS 0x0000000783400000, 0x0000000783400000| Untracked 
|  53|0x0000000783500000, 0x0000000783500000, 0x0000000783600000|  0%| F|  |TAMS 0x0000000783500000, 0x0000000783500000| Untracked 
|  54|0x0000000783600000, 0x0000000783600000, 0x0000000783700000|  0%| F|  |TAMS 0x0000000783600000, 0x0000000783600000| Untracked 
|  55|0x0000000783700000, 0x0000000783700000, 0x0000000783800000|  0%| F|  |TAMS 0x0000000783700000, 0x0000000783700000| Untracked 
|  56|0x0000000783800000, 0x0000000783800000, 0x0000000783900000|  0%| F|  |TAMS 0x0000000783800000, 0x0000000783800000| Untracked 
|  57|0x0000000783900000, 0x0000000783900000, 0x0000000783a00000|  0%| F|  |TAMS 0x0000000783900000, 0x0000000783900000| Untracked 
|  58|0x0000000783a00000, 0x0000000783a00000, 0x0000000783b00000|  0%| F|  |TAMS 0x0000000783a00000, 0x0000000783a00000| Untracked 
|  59|0x0000000783b00000, 0x0000000783b00000, 0x0000000783c00000|  0%| F|  |TAMS 0x0000000783b00000, 0x0000000783b00000| Untracked 
|  60|0x0000000783c00000, 0x0000000783c00000, 0x0000000783d00000|  0%| F|  |TAMS 0x0000000783c00000, 0x0000000783c00000| Untracked 
|  61|0x0000000783d00000, 0x0000000783d00000, 0x0000000783e00000|  0%| F|  |TAMS 0x0000000783d00000, 0x0000000783d00000| Untracked 
|  62|0x0000000783e00000, 0x0000000783e00000, 0x0000000783f00000|  0%| F|  |TAMS 0x0000000783e00000, 0x0000000783e00000| Untracked 
|  63|0x0000000783f00000, 0x0000000783f00000, 0x0000000784000000|  0%| F|  |TAMS 0x0000000783f00000, 0x0000000783f00000| Untracked 
|  64|0x0000000784000000, 0x0000000784000000, 0x0000000784100000|  0%| F|  |TAMS 0x0000000784000000, 0x0000000784000000| Untracked 
|  65|0x0000000784100000, 0x0000000784100000, 0x0000000784200000|  0%| F|  |TAMS 0x0000000784100000, 0x0000000784100000| Untracked 
|  66|0x0000000784200000, 0x0000000784200000, 0x0000000784300000|  0%| F|  |TAMS 0x0000000784200000, 0x0000000784200000| Untracked 
|  67|0x0000000784300000, 0x0000000784300000, 0x0000000784400000|  0%| F|  |TAMS 0x0000000784300000, 0x0000000784300000| Untracked 
|  68|0x0000000784400000, 0x0000000784400000, 0x0000000784500000|  0%| F|  |TAMS 0x0000000784400000, 0x0000000784400000| Untracked 
|  69|0x0000000784500000, 0x0000000784500000, 0x0000000784600000|  0%| F|  |TAMS 0x0000000784500000, 0x0000000784500000| Untracked 
|  70|0x0000000784600000, 0x0000000784600000, 0x0000000784700000|  0%| F|  |TAMS 0x0000000784600000, 0x0000000784600000| Untracked 
|  71|0x0000000784700000, 0x0000000784700000, 0x0000000784800000|  0%| F|  |TAMS 0x0000000784700000, 0x0000000784700000| Untracked 
|  72|0x0000000784800000, 0x0000000784800000, 0x0000000784900000|  0%| F|  |TAMS 0x0000000784800000, 0x0000000784800000| Untracked 
|  73|0x0000000784900000, 0x0000000784900000, 0x0000000784a00000|  0%| F|  |TAMS 0x0000000784900000, 0x0000000784900000| Untracked 
|  74|0x0000000784a00000, 0x0000000784a00000, 0x0000000784b00000|  0%| F|  |TAMS 0x0000000784a00000, 0x0000000784a00000| Untracked 
|  75|0x0000000784b00000, 0x0000000784b00000, 0x0000000784c00000|  0%| F|  |TAMS 0x0000000784b00000, 0x0000000784b00000| Untracked 
|  76|0x0000000784c00000, 0x0000000784c00000, 0x0000000784d00000|  0%| F|  |TAMS 0x0000000784c00000, 0x0000000784c00000| Untracked 
|  77|0x0000000784d00000, 0x0000000784d00000, 0x0000000784e00000|  0%| F|  |TAMS 0x0000000784d00000, 0x0000000784d00000| Untracked 
|  78|0x0000000784e00000, 0x0000000784e00000, 0x0000000784f00000|  0%| F|  |TAMS 0x0000000784e00000, 0x0000000784e00000| Untracked 
|  79|0x0000000784f00000, 0x0000000784f00000, 0x0000000785000000|  0%| F|  |TAMS 0x0000000784f00000, 0x0000000784f00000| Untracked 
|  80|0x0000000785000000, 0x0000000785000000, 0x0000000785100000|  0%| F|  |TAMS 0x0000000785000000, 0x0000000785000000| Untracked 
|  81|0x0000000785100000, 0x0000000785100000, 0x0000000785200000|  0%| F|  |TAMS 0x0000000785100000, 0x0000000785100000| Untracked 
|  82|0x0000000785200000, 0x0000000785200000, 0x0000000785300000|  0%| F|  |TAMS 0x0000000785200000, 0x0000000785200000| Untracked 
|  83|0x0000000785300000, 0x0000000785300000, 0x0000000785400000|  0%| F|  |TAMS 0x0000000785300000, 0x0000000785300000| Untracked 
|  84|0x0000000785400000, 0x0000000785400000, 0x0000000785500000|  0%| F|  |TAMS 0x0000000785400000, 0x0000000785400000| Untracked 
|  85|0x0000000785500000, 0x0000000785500000, 0x0000000785600000|  0%| F|  |TAMS 0x0000000785500000, 0x0000000785500000| Untracked 
|  86|0x0000000785600000, 0x00000007856fde20, 0x0000000785700000| 99%| S|CS|TAMS 0x0000000785600000, 0x0000000785600000| Complete 
|  87|0x0000000785700000, 0x0000000785800000, 0x0000000785800000|100%| S|CS|TAMS 0x0000000785700000, 0x0000000785700000| Complete 
|  88|0x0000000785800000, 0x0000000785900000, 0x0000000785900000|100%| S|CS|TAMS 0x0000000785800000, 0x0000000785800000| Complete 
|  89|0x0000000785900000, 0x0000000785a00000, 0x0000000785a00000|100%| S|CS|TAMS 0x0000000785900000, 0x0000000785900000| Complete 
|  90|0x0000000785a00000, 0x0000000785b00000, 0x0000000785b00000|100%| S|CS|TAMS 0x0000000785a00000, 0x0000000785a00000| Complete 
|  91|0x0000000785b00000, 0x0000000785c00000, 0x0000000785c00000|100%| S|CS|TAMS 0x0000000785b00000, 0x0000000785b00000| Complete 
|  92|0x0000000785c00000, 0x0000000785d00000, 0x0000000785d00000|100%| S|CS|TAMS 0x0000000785c00000, 0x0000000785c00000| Complete 
|  93|0x0000000785d00000, 0x0000000785d00000, 0x0000000785e00000|  0%| F|  |TAMS 0x0000000785d00000, 0x0000000785d00000| Untracked 
|  94|0x0000000785e00000, 0x0000000785e00000, 0x0000000785f00000|  0%| F|  |TAMS 0x0000000785e00000, 0x0000000785e00000| Untracked 
|  95|0x0000000785f00000, 0x0000000785f00000, 0x0000000786000000|  0%| F|  |TAMS 0x0000000785f00000, 0x0000000785f00000| Untracked 
|  96|0x0000000786000000, 0x0000000786000000, 0x0000000786100000|  0%| F|  |TAMS 0x0000000786000000, 0x0000000786000000| Untracked 
|  97|0x0000000786100000, 0x0000000786100000, 0x0000000786200000|  0%| F|  |TAMS 0x0000000786100000, 0x0000000786100000| Untracked 
|  98|0x0000000786200000, 0x0000000786200000, 0x0000000786300000|  0%| F|  |TAMS 0x0000000786200000, 0x0000000786200000| Untracked 
|  99|0x0000000786300000, 0x0000000786300000, 0x0000000786400000|  0%| F|  |TAMS 0x0000000786300000, 0x0000000786300000| Untracked 
| 100|0x0000000786400000, 0x0000000786400000, 0x0000000786500000|  0%| F|  |TAMS 0x0000000786400000, 0x0000000786400000| Untracked 
| 101|0x0000000786500000, 0x0000000786500000, 0x0000000786600000|  0%| F|  |TAMS 0x0000000786500000, 0x0000000786500000| Untracked 
| 102|0x0000000786600000, 0x0000000786600000, 0x0000000786700000|  0%| F|  |TAMS 0x0000000786600000, 0x0000000786600000| Untracked 
| 103|0x0000000786700000, 0x0000000786700000, 0x0000000786800000|  0%| F|  |TAMS 0x0000000786700000, 0x0000000786700000| Untracked 
| 104|0x0000000786800000, 0x0000000786800000, 0x0000000786900000|  0%| F|  |TAMS 0x0000000786800000, 0x0000000786800000| Untracked 
| 105|0x0000000786900000, 0x0000000786900000, 0x0000000786a00000|  0%| F|  |TAMS 0x0000000786900000, 0x0000000786900000| Untracked 
| 106|0x0000000786a00000, 0x0000000786a00000, 0x0000000786b00000|  0%| F|  |TAMS 0x0000000786a00000, 0x0000000786a00000| Untracked 
| 107|0x0000000786b00000, 0x0000000786b00000, 0x0000000786c00000|  0%| F|  |TAMS 0x0000000786b00000, 0x0000000786b00000| Untracked 
| 108|0x0000000786c00000, 0x0000000786c00000, 0x0000000786d00000|  0%| F|  |TAMS 0x0000000786c00000, 0x0000000786c00000| Untracked 
| 109|0x0000000786d00000, 0x0000000786d00000, 0x0000000786e00000|  0%| F|  |TAMS 0x0000000786d00000, 0x0000000786d00000| Untracked 
| 110|0x0000000786e00000, 0x0000000786e00000, 0x0000000786f00000|  0%| F|  |TAMS 0x0000000786e00000, 0x0000000786e00000| Untracked 
| 111|0x0000000786f00000, 0x0000000786f00000, 0x0000000787000000|  0%| F|  |TAMS 0x0000000786f00000, 0x0000000786f00000| Untracked 
| 112|0x0000000787000000, 0x0000000787000000, 0x0000000787100000|  0%| F|  |TAMS 0x0000000787000000, 0x0000000787000000| Untracked 
| 113|0x0000000787100000, 0x0000000787100000, 0x0000000787200000|  0%| F|  |TAMS 0x0000000787100000, 0x0000000787100000| Untracked 
| 114|0x0000000787200000, 0x0000000787200000, 0x0000000787300000|  0%| F|  |TAMS 0x0000000787200000, 0x0000000787200000| Untracked 
| 115|0x0000000787300000, 0x0000000787300000, 0x0000000787400000|  0%| F|  |TAMS 0x0000000787300000, 0x0000000787300000| Untracked 
| 116|0x0000000787400000, 0x0000000787400000, 0x0000000787500000|  0%| F|  |TAMS 0x0000000787400000, 0x0000000787400000| Untracked 
| 117|0x0000000787500000, 0x0000000787500000, 0x0000000787600000|  0%| F|  |TAMS 0x0000000787500000, 0x0000000787500000| Untracked 
| 118|0x0000000787600000, 0x0000000787600000, 0x0000000787700000|  0%| F|  |TAMS 0x0000000787600000, 0x0000000787600000| Untracked 
| 119|0x0000000787700000, 0x0000000787700000, 0x0000000787800000|  0%| F|  |TAMS 0x0000000787700000, 0x0000000787700000| Untracked 
| 120|0x0000000787800000, 0x0000000787800000, 0x0000000787900000|  0%| F|  |TAMS 0x0000000787800000, 0x0000000787800000| Untracked 
| 121|0x0000000787900000, 0x0000000787900000, 0x0000000787a00000|  0%| F|  |TAMS 0x0000000787900000, 0x0000000787900000| Untracked 
| 122|0x0000000787a00000, 0x0000000787a00000, 0x0000000787b00000|  0%| F|  |TAMS 0x0000000787a00000, 0x0000000787a00000| Untracked 
| 123|0x0000000787b00000, 0x0000000787b00000, 0x0000000787c00000|  0%| F|  |TAMS 0x0000000787b00000, 0x0000000787b00000| Untracked 
| 124|0x0000000787c00000, 0x0000000787c00000, 0x0000000787d00000|  0%| F|  |TAMS 0x0000000787c00000, 0x0000000787c00000| Untracked 
| 125|0x0000000787d00000, 0x0000000787d00000, 0x0000000787e00000|  0%| F|  |TAMS 0x0000000787d00000, 0x0000000787d00000| Untracked 
| 126|0x0000000787e00000, 0x0000000787e00000, 0x0000000787f00000|  0%| F|  |TAMS 0x0000000787e00000, 0x0000000787e00000| Untracked 
| 127|0x0000000787f00000, 0x0000000788000000, 0x0000000788000000|100%| E|  |TAMS 0x0000000787f00000, 0x0000000787f00000| Complete 
|2046|0x00000007ffe00000, 0x00000007ffe76000, 0x00000007fff00000| 46%|OA|  |TAMS 0x00000007ffe00000, 0x00000007ffe76000| Untracked 
|2047|0x00000007fff00000, 0x00000007fff7f000, 0x0000000800000000| 49%|CA|  |TAMS 0x00000007fff00000, 0x00000007fff7f000| Untracked 

Card table byte_map: [0x0000000108abe000,0x0000000108ebe000] _byte_map_base: 0x0000000104ebe000

Marking Bits (Prev, Next): (CMBitMap*) 0x00007f90e9809410, (CMBitMap*) 0x00007f90e9809450
 Prev Bits: [0x0000000111c1f000, 0x0000000113c1f000)
 Next Bits: [0x00000001249fb000, 0x00000001269fb000)

Polling page: 0x00000001083e2000

Metaspace:

Usage:
  Non-class:     18.15 MB used.
      Class:      2.77 MB used.
       Both:     20.92 MB used.

Virtual space:
  Non-class space:       24.00 MB reserved,      18.25 MB ( 76%) committed,  3 nodes.
      Class space:        1.00 GB reserved,       2.94 MB ( <1%) committed,  1 nodes.
             Both:        1.02 GB reserved,      21.19 MB (  2%) committed. 

Chunk freelists:
   Non-Class:  1.38 MB
       Class:  1.05 MB
        Both:  2.42 MB

MaxMetaspaceSize: unlimited
CompressedClassSpaceSize: 1.00 GB
Initial GC threshold: 21.00 MB
Current GC threshold: 21.31 MB
CDS: on
MetaspaceReclaimPolicy: balanced
 - commit_granule_bytes: 65536.
 - commit_granule_words: 8192.
 - virtual_space_node_default_size: 1048576.
 - enlarge_chunks_in_place: 1.
 - new_chunks_are_fully_committed: 0.
 - uncommit_free_chunks: 1.
 - use_allocation_guard: 0.
 - handle_deallocations: 1.


Internal statistics:

num_allocs_failed_limit: 3.
num_arena_births: 168.
num_arena_deaths: 0.
num_vsnodes_births: 4.
num_vsnodes_deaths: 0.
num_space_committed: 339.
num_space_uncommitted: 0.
num_chunks_returned_to_freelist: 3.
num_chunks_taken_from_freelist: 755.
num_chunk_merges: 3.
num_chunk_splits: 522.
num_chunks_enlarged: 399.
num_purges: 0.
num_inconsistent_stats: 0.

CodeHeap 'non-profiled nmethods': size=120032Kb used=753Kb max_used=753Kb free=119278Kb
 bounds [0x000000011d4c3000, 0x000000011d733000, 0x00000001249fb000]
CodeHeap 'profiled nmethods': size=120028Kb used=3649Kb max_used=3649Kb free=116378Kb
 bounds [0x00000001159fb000, 0x0000000115d9b000, 0x000000011cf32000]
CodeHeap 'non-nmethods': size=5700Kb used=1309Kb max_used=1315Kb free=4390Kb
 bounds [0x000000011cf32000, 0x000000011d1a2000, 0x000000011d4c3000]
 total_blobs=2766 nmethods=2126 adapters=553
 compilation: enabled
              stopped_count=0, restarted_count=0
 full_count=0

Compilation events (20 events):
Event: 7.369 Thread 0x00007f90e8828000 2125       2       jdk.internal.org.objectweb.asm.MethodVisitor::visitVarInsn (17 bytes)
Event: 7.369 Thread 0x00007f90e8828000 nmethod 2125 0x0000000115d83190 code [0x0000000115d83340, 0x0000000115d83480]
Event: 7.369 Thread 0x00007f90e8828000 2126       2       jdk.internal.org.objectweb.asm.FieldWriter::computeFieldInfoSize (86 bytes)
Event: 7.369 Thread 0x00007f90e8828000 nmethod 2126 0x0000000115d83510 code [0x0000000115d836e0, 0x0000000115d83910]
Event: 7.369 Thread 0x00007f90e8828000 2127       2       jdk.internal.org.objectweb.asm.FieldWriter::putFieldInfo (269 bytes)
Event: 7.370 Thread 0x00007f90e8828000 nmethod 2127 0x0000000115d83a90 code [0x0000000115d83cc0, 0x0000000115d84180]
Event: 7.391 Thread 0x00007f90e8828000 2128       2       jdk.internal.org.objectweb.asm.FieldVisitor::<init> (88 bytes)
Event: 7.391 Thread 0x00007f90e8828000 nmethod 2128 0x0000000115d84510 code [0x0000000115d84720, 0x0000000115d84b40]
Event: 7.391 Thread 0x00007f90e8828000 2129       2       java.lang.invoke.MethodHandles$Lookup$ClassFile::<init> (20 bytes)
Event: 7.392 Thread 0x00007f90e8828000 nmethod 2129 0x0000000115d84d10 code [0x0000000115d84ea0, 0x0000000115d85070]
Event: 7.428 Thread 0x00007f90e8828000 2131       2       java.lang.invoke.LambdaForm::useCount (61 bytes)
Event: 7.439 Thread 0x00007f90e8828000 nmethod 2131 0x0000000115d85110 code [0x0000000115d852c0, 0x0000000115d854e0]
Event: 7.439 Thread 0x00007f90e8828000 2132   !   2       java.lang.ref.ReferenceQueue::remove (125 bytes)
Event: 7.440 Thread 0x00007f90e8828000 nmethod 2132 0x0000000115d85690 code [0x0000000115d858a0, 0x0000000115d85e70]
Event: 7.440 Thread 0x00007f90e8828000 2133   !   2       jdk.internal.ref.PhantomCleanable::isListEmpty (34 bytes)
Event: 7.440 Thread 0x00007f90e8828000 nmethod 2133 0x0000000115d86190 code [0x0000000115d86340, 0x0000000115d86550]
Event: 7.440 Thread 0x00007f90e8828000 2135   !   2       java.util.concurrent.ConcurrentHashMap::replaceNode (437 bytes)
Event: 7.442 Thread 0x00007f90e8828000 nmethod 2135 0x0000000115d86690 code [0x0000000115d86960, 0x0000000115d87650]
Event: 7.442 Thread 0x00007f90e8828000 2134       2       jdk.internal.misc.InnocuousThread::eraseThreadLocals (23 bytes)
Event: 7.442 Thread 0x00007f90e8828000 nmethod 2134 0x0000000115d88210 code [0x0000000115d883c0, 0x0000000115d885b0]

GC Heap History (6 events):
Event: 0.914 GC heap before
{Heap before GC invocations=0 (full 0):
 garbage-first heap   total 133120K, used 14292K [0x0000000780000000, 0x0000000800000000)
  region size 1024K, 13 young (13312K), 0 survivors (0K)
 Metaspace       used 1637K, committed 1728K, reserved 1056768K
  class space    used 171K, committed 192K, reserved 1048576K
}
Event: 0.920 GC heap after
{Heap after GC invocations=1 (full 0):
 garbage-first heap   total 133120K, used 2906K [0x0000000780000000, 0x0000000800000000)
  region size 1024K, 2 young (2048K), 2 survivors (2048K)
 Metaspace       used 1637K, committed 1728K, reserved 1056768K
  class space    used 171K, committed 192K, reserved 1048576K
}
Event: 3.715 GC heap before
{Heap before GC invocations=1 (full 0):
 garbage-first heap   total 133120K, used 26458K [0x0000000780000000, 0x0000000800000000)
  region size 1024K, 25 young (25600K), 2 survivors (2048K)
 Metaspace       used 8948K, committed 9152K, reserved 1064960K
  class space    used 1161K, committed 1216K, reserved 1048576K
}
Event: 3.743 GC heap after
{Heap after GC invocations=2 (full 0):
 garbage-first heap   total 133120K, used 6975K [0x0000000780000000, 0x0000000800000000)
  region size 1024K, 4 young (4096K), 4 survivors (4096K)
 Metaspace       used 8948K, committed 9152K, reserved 1064960K
  class space    used 1161K, committed 1216K, reserved 1048576K
}
Event: 7.428 GC heap before
{Heap before GC invocations=2 (full 0):
 garbage-first heap   total 133120K, used 37695K [0x0000000780000000, 0x0000000800000000)
  region size 1024K, 35 young (35840K), 4 survivors (4096K)
 Metaspace       used 21234K, committed 21504K, reserved 1073152K
  class space    used 2814K, committed 2944K, reserved 1048576K
}
Event: 7.439 GC heap after
{Heap after GC invocations=3 (full 0):
 garbage-first heap   total 133120K, used 10038K [0x0000000780000000, 0x0000000800000000)
  region size 1024K, 7 young (7168K), 7 survivors (7168K)
 Metaspace       used 21234K, committed 21504K, reserved 1073152K
  class space    used 2814K, committed 2944K, reserved 1048576K
}

Deoptimization events (20 events):
Event: 6.789 Thread 0x00007f90ea8f7800 Uncommon trap: trap_request=0xffffffc6 fr.pc=0x000000011d55eae8 relative=0x00000000000015a8
Event: 6.789 Thread 0x00007f90ea8f7800 Uncommon trap: reason=bimorphic_or_optimized_type_check action=maybe_recompile pc=0x000000011d55eae8 method=java.util.HashMap.putVal(ILjava/lang/Object;Ljava/lang/Object;ZZ)Ljava/lang/Object; @ 56 c2
Event: 6.789 Thread 0x00007f90ea8f7800 DEOPT PACKING pc=0x000000011d55eae8 sp=0x00007ff7b7c3ede0
Event: 6.789 Thread 0x00007f90ea8f7800 DEOPT UNPACKING pc=0x000000011cf84099 sp=0x00007ff7b7c3ed00 mode 2
Event: 6.792 Thread 0x00007f90ea8f7800 Uncommon trap: trap_request=0xffffffc6 fr.pc=0x000000011d55eae8 relative=0x00000000000015a8
Event: 6.792 Thread 0x00007f90ea8f7800 Uncommon trap: reason=bimorphic_or_optimized_type_check action=maybe_recompile pc=0x000000011d55eae8 method=java.util.HashMap.putVal(ILjava/lang/Object;Ljava/lang/Object;ZZ)Ljava/lang/Object; @ 56 c2
Event: 6.792 Thread 0x00007f90ea8f7800 DEOPT PACKING pc=0x000000011d55eae8 sp=0x00007ff7b7c3ede0
Event: 6.792 Thread 0x00007f90ea8f7800 DEOPT UNPACKING pc=0x000000011cf84099 sp=0x00007ff7b7c3ed00 mode 2
Event: 6.833 Thread 0x00007f90ea8f7800 Uncommon trap: trap_request=0xffffffc6 fr.pc=0x000000011d55eae8 relative=0x00000000000015a8
Event: 6.833 Thread 0x00007f90ea8f7800 Uncommon trap: reason=bimorphic_or_optimized_type_check action=maybe_recompile pc=0x000000011d55eae8 method=java.util.HashMap.putVal(ILjava/lang/Object;Ljava/lang/Object;ZZ)Ljava/lang/Object; @ 56 c2
Event: 6.833 Thread 0x00007f90ea8f7800 DEOPT PACKING pc=0x000000011d55eae8 sp=0x00007ff7b7c3ea70
Event: 6.833 Thread 0x00007f90ea8f7800 DEOPT UNPACKING pc=0x000000011cf84099 sp=0x00007ff7b7c3e990 mode 2
Event: 6.833 Thread 0x00007f90ea8f7800 Uncommon trap: trap_request=0xffffffc6 fr.pc=0x000000011d55eae8 relative=0x00000000000015a8
Event: 6.833 Thread 0x00007f90ea8f7800 Uncommon trap: reason=bimorphic_or_optimized_type_check action=maybe_recompile pc=0x000000011d55eae8 method=java.util.HashMap.putVal(ILjava/lang/Object;Ljava/lang/Object;ZZ)Ljava/lang/Object; @ 56 c2
Event: 6.833 Thread 0x00007f90ea8f7800 DEOPT PACKING pc=0x000000011d55eae8 sp=0x00007ff7b7c3ed50
Event: 6.833 Thread 0x00007f90ea8f7800 DEOPT UNPACKING pc=0x000000011cf84099 sp=0x00007ff7b7c3ec70 mode 2
Event: 6.922 Thread 0x00007f90ea8f7800 DEOPT PACKING pc=0x0000000115aa9a6e sp=0x00007ff7b7c3f170
Event: 6.922 Thread 0x00007f90ea8f7800 DEOPT UNPACKING pc=0x000000011cf8482f sp=0x00007ff7b7c3e5e0 mode 0
Event: 7.197 Thread 0x00007f90ea8f7800 DEOPT PACKING pc=0x0000000115aa9a6e sp=0x00007ff7b7c3f2d0
Event: 7.197 Thread 0x00007f90ea8f7800 DEOPT UNPACKING pc=0x000000011cf8482f sp=0x00007ff7b7c3e740 mode 0

Classes unloaded (0 events):
No events

Classes redefined (0 events):
No events

Internal exceptions (20 events):
Event: 4.057 Thread 0x00007f90ea8f7800 Exception <a 'sun/nio/fs/UnixException'{0x0000000787bb2830}> (0x0000000787bb2830) 
thrown [open/src/hotspot/share/prims/jni.cpp, line 516]
Event: 4.059 Thread 0x00007f90ea8f7800 Exception <a 'sun/nio/fs/UnixException'{0x0000000787bbc640}> (0x0000000787bbc640) 
thrown [open/src/hotspot/share/prims/jni.cpp, line 516]
Event: 4.060 Thread 0x00007f90ea8f7800 Exception <a 'sun/nio/fs/UnixException'{0x0000000787bc2648}> (0x0000000787bc2648) 
thrown [open/src/hotspot/share/prims/jni.cpp, line 516]
Event: 4.093 Thread 0x00007f90ea8f7800 Exception <a 'sun/nio/fs/UnixException'{0x0000000787a3e3b8}> (0x0000000787a3e3b8) 
thrown [open/src/hotspot/share/prims/jni.cpp, line 516]
Event: 4.094 Thread 0x00007f90ea8f7800 Exception <a 'sun/nio/fs/UnixException'{0x0000000787a403e8}> (0x0000000787a403e8) 
thrown [open/src/hotspot/share/prims/jni.cpp, line 516]
Event: 4.103 Thread 0x00007f90ea8f7800 Exception <a 'sun/nio/fs/UnixException'{0x0000000787a53840}> (0x0000000787a53840) 
thrown [open/src/hotspot/share/prims/jni.cpp, line 516]
Event: 4.215 Thread 0x00007f90ea8f7800 Exception <a 'sun/nio/fs/UnixException'{0x0000000787814378}> (0x0000000787814378) 
thrown [open/src/hotspot/share/prims/jni.cpp, line 516]
Event: 4.233 Thread 0x00007f90ea8f7800 Exception <a 'java/lang/NoSuchMethodError'{0x000000078781a7e0}: 'java.lang.Object java.lang.invoke.DirectMethodHandle$Holder.invokeVirtual(java.lang.Object, java.lang.Object, java.lang.Object, java.lang.Object)'> (0x000000078781a7e0) 
thrown [open/src/hotspot/share/interpreter/linkResolver.cpp, line 759]
Event: 4.259 Thread 0x00007f90ea8f7800 Exception <a 'java/lang/NoSuchMethodError'{0x0000000787868bb0}: 'int java.lang.invoke.DirectMethodHandle$Holder.invokeStatic(java.lang.Object, java.lang.Object, java.lang.Object, java.lang.Object)'> (0x0000000787868bb0) 
thrown [open/src/hotspot/share/interpreter/linkResolver.cpp, line 759]
Event: 4.259 Thread 0x00007f90ea8f7800 Exception <a 'java/lang/NoSuchMethodError'{0x000000078786c3b8}: 'int java.lang.invoke.DirectMethodHandle$Holder.invokeStaticInit(java.lang.Object, java.lang.Object, java.lang.Object, java.lang.Object)'> (0x000000078786c3b8) 
thrown [open/src/hotspot/share/interpreter/linkResolver.cpp, line 759]
Event: 4.261 Thread 0x00007f90ea8f7800 Exception <a 'java/lang/IncompatibleClassChangeError'{0x0000000787875238}: Found class java.lang.Object, but interface was expected> (0x0000000787875238) 
thrown [open/src/hotspot/share/interpreter/linkResolver.cpp, line 826]
Event: 4.261 Thread 0x00007f90ea8f7800 Exception <a 'java/lang/NoSuchMethodError'{0x0000000787878130}: 'void java.lang.invoke.DirectMethodHandle$Holder.invokeStaticInit(java.lang.Object, java.lang.Object)'> (0x0000000787878130) 
thrown [open/src/hotspot/share/interpreter/linkResolver.cpp, line 759]
Event: 4.262 Thread 0x00007f90ea8f7800 Exception <a 'java/lang/NoSuchMethodError'{0x000000078787dd50}: 'int java.lang.invoke.DirectMethodHandle$Holder.invokeStaticInit(java.lang.Object, java.lang.Object)'> (0x000000078787dd50) 
thrown [open/src/hotspot/share/interpreter/linkResolver.cpp, line 759]
Event: 4.612 Thread 0x00007f90ea8f7800 Exception <a 'sun/nio/fs/UnixException'{0x00000007876be1f8}> (0x00000007876be1f8) 
thrown [open/src/hotspot/share/prims/jni.cpp, line 516]
Event: 6.105 Thread 0x00007f90ea8f7800 Exception <a 'java/lang/NoSuchMethodError'{0x0000000787188458}: 'java.lang.Object java.lang.invoke.DirectMethodHandle$Holder.invokeStaticInit(java.lang.Object, java.lang.Object, java.lang.Object)'> (0x0000000787188458) 
thrown [open/src/hotspot/share/interpreter/linkResolver.cpp, line 759]
Event: 6.415 Thread 0x00007f90ea8f7800 Exception <a 'sun/nio/fs/UnixException'{0x0000000786e7e600}> (0x0000000786e7e600) 
thrown [open/src/hotspot/share/prims/jni.cpp, line 516]
Event: 7.222 Thread 0x00007f90ea8f7800 Exception <a 'sun/nio/fs/UnixException'{0x00000007860760b0}> (0x00000007860760b0) 
thrown [open/src/hotspot/share/prims/jni.cpp, line 516]
Event: 7.334 Thread 0x00007f90ea8f7800 Exception <a 'sun/nio/fs/UnixException'{0x0000000785ffead8}> (0x0000000785ffead8) 
thrown [open/src/hotspot/share/prims/jni.cpp, line 516]
Event: 7.394 Thread 0x00007f90ea8f7800 Exception <a 'sun/nio/fs/UnixException'{0x0000000785eee388}> (0x0000000785eee388) 
thrown [open/src/hotspot/share/prims/jni.cpp, line 516]
Event: 7.427 Thread 0x00007f90ea8f7800 Exception <a 'java/lang/NoSuchMethodError'{0x0000000785dc92a8}: 'java.lang.Object java.lang.invoke.DirectMethodHandle$Holder.newInvokeSpecial(java.lang.Object, java.lang.Object, int, java.lang.Object, java.lang.Object)'> (0x0000000785dc92a8) 
thrown [open/src/hotspot/share/interpreter/linkResolver.cpp, line 759]

VM Operations (20 events):
Event: 3.447 Executing VM operation: Cleanup
Event: 3.447 Executing VM operation: Cleanup done
Event: 3.715 Executing VM operation: G1CollectForAllocation
Event: 3.744 Executing VM operation: G1CollectForAllocation done
Event: 3.761 Executing VM operation: HandshakeAllThreads
Event: 3.761 Executing VM operation: HandshakeAllThreads done
Event: 4.482 Executing VM operation: HandshakeAllThreads
Event: 4.482 Executing VM operation: HandshakeAllThreads done
Event: 4.616 Executing VM operation: HandshakeAllThreads
Event: 4.616 Executing VM operation: HandshakeAllThreads done
Event: 5.267 Executing VM operation: HandshakeAllThreads
Event: 5.267 Executing VM operation: HandshakeAllThreads done
Event: 5.267 Executing VM operation: Cleanup
Event: 5.277 Executing VM operation: Cleanup done
Event: 5.426 Executing VM operation: HandshakeAllThreads
Event: 5.426 Executing VM operation: HandshakeAllThreads done
Event: 6.429 Executing VM operation: Cleanup
Event: 6.430 Executing VM operation: Cleanup done
Event: 7.428 Executing VM operation: CollectForMetadataAllocation
Event: 7.439 Executing VM operation: CollectForMetadataAllocation done

Events (20 events):
Event: 7.293 loading class java/beans/FeatureDescriptor done
Event: 7.293 loading class java/beans/EventSetDescriptor done
Event: 7.293 loading class java/beans/Introspector$1
Event: 7.293 loading class jdk/internal/access/JavaBeansAccess
Event: 7.294 loading class jdk/internal/access/JavaBeansAccess done
Event: 7.294 loading class java/beans/Introspector$1 done
Event: 7.367 loading class java/util/Collections$UnmodifiableMap$UnmodifiableEntrySet
Event: 7.367 loading class java/util/Collections$UnmodifiableMap$UnmodifiableEntrySet done
Event: 7.367 loading class java/util/Collections$UnmodifiableMap$UnmodifiableEntrySet$1
Event: 7.367 loading class java/util/Collections$UnmodifiableMap$UnmodifiableEntrySet$1 done
Event: 7.367 loading class java/util/Collections$UnmodifiableMap$UnmodifiableEntrySet$UnmodifiableEntry
Event: 7.367 loading class java/util/Collections$UnmodifiableMap$UnmodifiableEntrySet$UnmodifiableEntry done
Event: 7.407 loading class javax/naming/RefAddr
Event: 7.407 loading class javax/naming/RefAddr done
Event: 7.407 loading class javax/naming/StringRefAddr
Event: 7.410 loading class javax/naming/StringRefAddr done
Event: 7.410 loading class java/io/InvalidObjectException
Event: 7.410 loading class java/io/ObjectStreamException
Event: 7.410 loading class java/io/ObjectStreamException done
Event: 7.410 loading class java/io/InvalidObjectException done


Dynamic libraries:
0x00000001083e4000 	/Library/Java/JavaVirtualMachines/jdk-17.jdk/Contents/Home/lib/libjli.dylib
0x00007ff81cfbd000 	/usr/lib/libz.1.dylib
0x00007ff81d09d000 	/usr/lib/libSystem.B.dylib
0x00007ff81d098000 	/usr/lib/system/libcache.dylib
0x00007ff81d054000 	/usr/lib/system/libcommonCrypto.dylib
0x00007ff81d07d000 	/usr/lib/system/libcompiler_rt.dylib
0x00007ff81d073000 	/usr/lib/system/libcopyfile.dylib
0x00007ff812048000 	/usr/lib/system/libcorecrypto.dylib
0x00007ff812106000 	/usr/lib/system/libdispatch.dylib
0x00007ff8122ca000 	/usr/lib/system/libdyld.dylib
0x00007ff81d08f000 	/usr/lib/system/libkeymgr.dylib
0x00007ff81d032000 	/usr/lib/system/libmacho.dylib
0x00007ff81c6b1000 	/usr/lib/system/libquarantine.dylib
0x00007ff81d08d000 	/usr/lib/system/libremovefile.dylib
0x00007ff817244000 	/usr/lib/system/libsystem_asl.dylib
0x00007ff811ff1000 	/usr/lib/system/libsystem_blocks.dylib
0x00007ff81218e000 	/usr/lib/system/libsystem_c.dylib
0x00007ff81d085000 	/usr/lib/system/libsystem_collections.dylib
0x00007ff81b95e000 	/usr/lib/system/libsystem_configuration.dylib
0x00007ff81ac0a000 	/usr/lib/system/libsystem_containermanager.dylib
0x00007ff81cd6b000 	/usr/lib/system/libsystem_coreservices.dylib
0x00007ff8148ed000 	/usr/lib/system/libsystem_darwin.dylib
0x00007ff81d090000 	/usr/lib/system/libsystem_dnssd.dylib
0x00007ff81218b000 	/usr/lib/system/libsystem_featureflags.dylib
0x00007ff8122e0000 	/usr/lib/system/libsystem_info.dylib
0x00007ff81cfd0000 	/usr/lib/system/libsystem_m.dylib
0x00007ff8120da000 	/usr/lib/system/libsystem_malloc.dylib
0x00007ff8171df000 	/usr/lib/system/libsystem_networkextension.dylib
0x00007ff814d13000 	/usr/lib/system/libsystem_notify.dylib
0x00007ff8232fb000 	/usr/lib/system/libsystem_product_info_filter.dylib
0x00007ff81b962000 	/usr/lib/system/libsystem_sandbox.dylib
0x00007ff81d08a000 	/usr/lib/system/libsystem_secinit.dylib
0x00007ff812286000 	/usr/lib/system/libsystem_kernel.dylib
0x00007ff8122d6000 	/usr/lib/system/libsystem_platform.dylib
0x00007ff8122be000 	/usr/lib/system/libsystem_pthread.dylib
0x00007ff818a8c000 	/usr/lib/system/libsystem_symptoms.dylib
0x00007ff81202f000 	/usr/lib/system/libsystem_trace.dylib
0x00007ff81d060000 	/usr/lib/system/libunwind.dylib
0x00007ff811ff3000 	/usr/lib/system/libxpc.dylib
0x00007ff812270000 	/usr/lib/libc++abi.dylib
0x00007ff81214d000 	/usr/lib/libobjc.A.dylib
0x00007ff81d06b000 	/usr/lib/liboah.dylib
0x00007ff812217000 	/usr/lib/libc++.1.dylib
0x00007ff8290f8000 	/System/Library/Frameworks/Cocoa.framework/Versions/A/Cocoa
0x00007ff814d71000 	/System/Library/Frameworks/AppKit.framework/Versions/C/AppKit
0x00007ff81827c000 	/System/Library/Frameworks/CoreData.framework/Versions/A/CoreData
0x00007ff81317d000 	/System/Library/Frameworks/Foundation.framework/Versions/C/Foundation
0x00007ff815bff000 	/System/Library/PrivateFrameworks/UIFoundation.framework/Versions/A/UIFoundation
0x00007ff822ffe000 	/System/Library/PrivateFrameworks/RemoteViewServices.framework/Versions/A/RemoteViewServices
0x00007ff81b2e8000 	/System/Library/PrivateFrameworks/XCTTargetBootstrap.framework/Versions/A/XCTTargetBootstrap
0x00007ff81eea4000 	/System/Library/PrivateFrameworks/InternationalSupport.framework/Versions/A/InternationalSupport
0x00007ff81ef2e000 	/System/Library/PrivateFrameworks/UserActivity.framework/Versions/A/UserActivity
0x00007ff81e284000 	/usr/lib/libspindump.dylib
0x00007ff815e8d000 	/System/Library/Frameworks/UniformTypeIdentifiers.framework/Versions/A/UniformTypeIdentifiers
0x00007ff819a11000 	/usr/lib/libapp_launch_measurement.dylib
0x00007ff818c4c000 	/System/Library/PrivateFrameworks/CoreAnalytics.framework/Versions/A/CoreAnalytics
0x00007ff819a14000 	/System/Library/PrivateFrameworks/CoreAutoLayout.framework/Versions/A/CoreAutoLayout
0x00007ff81ac42000 	/System/Library/Frameworks/Metal.framework/Versions/A/Metal
0x00007ff81b96e000 	/usr/lib/liblangid.dylib
0x00007ff81b2ed000 	/System/Library/PrivateFrameworks/CoreSVG.framework/Versions/A/CoreSVG
0x00007ff817274000 	/System/Library/PrivateFrameworks/SkyLight.framework/Versions/A/SkyLight
0x00007ff817612000 	/System/Library/Frameworks/CoreGraphics.framework/Versions/A/CoreGraphics
0x00007ff8236be000 	/System/Library/Frameworks/Accelerate.framework/Versions/A/Accelerate
0x00007ff81dd03000 	/System/Library/PrivateFrameworks/IconServices.framework/Versions/A/IconServices
0x00007ff81ac27000 	/System/Library/Frameworks/IOSurface.framework/Versions/A/IOSurface
0x00007ff818c7a000 	/usr/lib/libDiagnosticMessagesClient.dylib
0x00007ff826da1000 	/System/Library/Frameworks/ApplicationServices.framework/Versions/A/ApplicationServices
0x00007ff81b2d4000 	/System/Library/PrivateFrameworks/DFRFoundation.framework/Versions/A/DFRFoundation
0x00007ff814659000 	/usr/lib/libicucore.A.dylib
0x00007ff81fc99000 	/System/Library/Frameworks/AudioToolbox.framework/Versions/A/AudioToolbox
0x00007ff81eeb0000 	/System/Library/PrivateFrameworks/DataDetectorsCore.framework/Versions/A/DataDetectorsCore
0x00007ff91ae3d000 	/System/Library/PrivateFrameworks/TextInput.framework/Versions/A/TextInput
0x00007ff8171f7000 	/usr/lib/libMobileGestalt.dylib
0x00007ff81afe0000 	/System/Library/Frameworks/Carbon.framework/Versions/A/Frameworks/HIToolbox.framework/Versions/A/HIToolbox
0x00007ff819417000 	/System/Library/Frameworks/QuartzCore.framework/Versions/A/QuartzCore
0x00007ff814300000 	/System/Library/Frameworks/Security.framework/Versions/A/Security
0x00007ff823036000 	/System/Library/Frameworks/Carbon.framework/Versions/A/Frameworks/SpeechRecognition.framework/Versions/A/SpeechRecognition
0x00007ff819771000 	/System/Library/PrivateFrameworks/CoreUI.framework/Versions/A/CoreUI
0x00007ff813bcc000 	/System/Library/Frameworks/CoreAudio.framework/Versions/A/CoreAudio
0x00007ff818d69000 	/System/Library/Frameworks/DiskArbitration.framework/Versions/A/DiskArbitration
0x00007ff81e672000 	/System/Library/PrivateFrameworks/MultitouchSupport.framework/Versions/A/MultitouchSupport
0x00007ff8171f6000 	/usr/lib/libenergytrace.dylib
0x00007ff814c5d000 	/System/Library/Frameworks/IOKit.framework/Versions/A/IOKit
0x00007ff823426000 	/System/Library/Frameworks/CoreServices.framework/Versions/A/CoreServices
0x00007ff8199ab000 	/System/Library/PrivateFrameworks/PerformanceAnalysis.framework/Versions/A/PerformanceAnalysis
0x00007ffa2a361000 	/System/Library/Frameworks/OpenGL.framework/Versions/A/OpenGL
0x00007ff81c5d7000 	/System/Library/PrivateFrameworks/MobileKeyBag.framework/Versions/A/MobileKeyBag
0x00007ff817cdd000 	/System/Library/Frameworks/ColorSync.framework/Versions/A/ColorSync
0x00007ff81230b000 	/System/Library/Frameworks/CoreFoundation.framework/Versions/A/CoreFoundation
0x00007ff81b564000 	/System/Library/Frameworks/CoreImage.framework/Versions/A/CoreImage
0x00007ff8139e4000 	/System/Library/Frameworks/CoreText.framework/Versions/A/CoreText
0x00007ff81b31d000 	/System/Library/Frameworks/ImageIO.framework/Versions/A/ImageIO
0x00007ff81d0a3000 	/System/Library/PrivateFrameworks/SoftLinking.framework/Versions/A/SoftLinking
0x00007ff819a5c000 	/usr/lib/libxml2.2.dylib
0x00007ff81d327000 	/usr/lib/libcompression.dylib
0x00007ff81edd7000 	/System/Library/PrivateFrameworks/TextureIO.framework/Versions/A/TextureIO
0x00007ff81da15000 	/usr/lib/libate.dylib
0x00007ff81d7f1000 	/usr/lib/liblzma.5.dylib
0x00007ff812e90000 	/System/Library/Frameworks/SystemConfiguration.framework/Versions/A/SystemConfiguration
0x00007ff81d09f000 	/usr/lib/libfakelink.dylib
0x00007ff816d50000 	/System/Library/Frameworks/CFNetwork.framework/Versions/A/CFNetwork
0x00007ff81d1e0000 	/usr/lib/libarchive.2.dylib
0x00007ff81b96a000 	/System/Library/PrivateFrameworks/AppleSystemInfo.framework/Versions/A/AppleSystemInfo
0x00007ff81c6d8000 	/usr/lib/libbsm.0.dylib
0x00007ff816363000 	/usr/lib/libnetwork.dylib
0x00007ff81d038000 	/usr/lib/system/libkxld.dylib
0x00007ff81c304000 	/System/Library/PrivateFrameworks/IOMobileFramebuffer.framework/Versions/A/IOMobileFramebuffer
0x00007ffb29868000 	/usr/lib/libCoreEntitlements.dylib
0x00007ff81cd4d000 	/System/Library/PrivateFrameworks/AppleFSCompression.framework/Versions/A/AppleFSCompression
0x00007ff81c6c0000 	/usr/lib/libcoretls.dylib
0x00007ff81d80b000 	/usr/lib/libcoretls_cfhelpers.dylib
0x00007ff81d322000 	/usr/lib/libpam.2.dylib
0x00007ff8186ac000 	/usr/lib/libsqlite3.dylib
0x00007ff81d87a000 	/usr/lib/libxar.1.dylib
0x00007ff81cd5d000 	/usr/lib/libbz2.1.0.dylib
0x00007ff81d0a4000 	/usr/lib/libpcap.A.dylib
0x00007ff818a84000 	/usr/lib/libdns_services.dylib
0x00007ff81d2f2000 	/usr/lib/libapple_nghttp2.dylib
0x00007ff81d0de000 	/usr/lib/libiconv.2.dylib
0x00007ff81d031000 	/usr/lib/libcharset.1.dylib
0x00007ff8199df000 	/System/Library/Frameworks/CoreServices.framework/Versions/A/Frameworks/FSEvents.framework/Versions/A/FSEvents
0x00007ff8148f7000 	/System/Library/Frameworks/CoreServices.framework/Versions/A/Frameworks/CarbonCore.framework/Versions/A/CarbonCore
0x00007ff818ccd000 	/System/Library/Frameworks/CoreServices.framework/Versions/A/Frameworks/Metadata.framework/Versions/A/Metadata
0x00007ff81cd70000 	/System/Library/Frameworks/CoreServices.framework/Versions/A/Frameworks/OSServices.framework/Versions/A/OSServices
0x00007ff81d267000 	/System/Library/Frameworks/CoreServices.framework/Versions/A/Frameworks/SearchKit.framework/Versions/A/SearchKit
0x00007ff818a17000 	/System/Library/Frameworks/CoreServices.framework/Versions/A/Frameworks/AE.framework/Versions/A/AE
0x00007ff81280d000 	/System/Library/Frameworks/CoreServices.framework/Versions/A/Frameworks/LaunchServices.framework/Versions/A/LaunchServices
0x00007ff81d7a2000 	/System/Library/Frameworks/CoreServices.framework/Versions/A/Frameworks/DictionaryServices.framework/Versions/A/DictionaryServices
0x00007ff8199ec000 	/System/Library/Frameworks/CoreServices.framework/Versions/A/Frameworks/SharedFileList.framework/Versions/A/SharedFileList
0x00007ff81c6b4000 	/usr/lib/libCheckFix.dylib
0x00007ff81725b000 	/System/Library/PrivateFrameworks/TCC.framework/Versions/A/TCC
0x00007ff81b970000 	/System/Library/PrivateFrameworks/CoreNLP.framework/Versions/A/CoreNLP
0x00007ff818c7d000 	/System/Library/PrivateFrameworks/MetadataUtilities.framework/Versions/A/MetadataUtilities
0x00007ff812f40000 	/usr/lib/libmecabra.dylib
0x00007ff81c6e8000 	/usr/lib/libmecab.dylib
0x00007ff812f0b000 	/usr/lib/libCRFSuite.dylib
0x00007ff81c742000 	/usr/lib/libgermantok.dylib
0x00007ff81d2cd000 	/usr/lib/libThaiTokenizer.dylib
0x00007ff818d70000 	/System/Library/Frameworks/Accelerate.framework/Versions/A/Frameworks/vImage.framework/Versions/A/vImage
0x00007ff8233fd000 	/System/Library/Frameworks/Accelerate.framework/Versions/A/Frameworks/vecLib.framework/Versions/A/vecLib
0x00007ff81d8bb000 	/System/Library/Frameworks/Accelerate.framework/Versions/A/Frameworks/vecLib.framework/Versions/A/libvMisc.dylib
0x00007ff81c12f000 	/System/Library/Frameworks/Accelerate.framework/Versions/A/Frameworks/vecLib.framework/Versions/A/libvDSP.dylib
0x00007ff812b87000 	/System/Library/Frameworks/Accelerate.framework/Versions/A/Frameworks/vecLib.framework/Versions/A/libBLAS.dylib
0x00007ff81d404000 	/System/Library/Frameworks/Accelerate.framework/Versions/A/Frameworks/vecLib.framework/Versions/A/libLAPACK.dylib
0x00007ff81c745000 	/System/Library/Frameworks/Accelerate.framework/Versions/A/Frameworks/vecLib.framework/Versions/A/libLinearAlgebra.dylib
0x00007ff81d30a000 	/System/Library/Frameworks/Accelerate.framework/Versions/A/Frameworks/vecLib.framework/Versions/A/libSparseBLAS.dylib
0x00007ff81d3fe000 	/System/Library/Frameworks/Accelerate.framework/Versions/A/Frameworks/vecLib.framework/Versions/A/libQuadrature.dylib
0x00007ff81ba5b000 	/System/Library/Frameworks/Accelerate.framework/Versions/A/Frameworks/vecLib.framework/Versions/A/libBNNS.dylib
0x00007ff812e21000 	/System/Library/Frameworks/Accelerate.framework/Versions/A/Frameworks/vecLib.framework/Versions/A/libSparse.dylib
0x00007ff81ba54000 	/System/Library/PrivateFrameworks/LinguisticData.framework/Versions/A/LinguisticData
0x00007ff812dd7000 	/System/Library/PrivateFrameworks/Lexicon.framework/Versions/A/Lexicon
0x00007ff81d8b4000 	/usr/lib/libChineseTokenizer.dylib
0x00007ff813539000 	/System/Library/PrivateFrameworks/LanguageModeling.framework/Versions/A/LanguageModeling
0x00007ff81d2cf000 	/System/Library/PrivateFrameworks/AppleSauce.framework/Versions/A/AppleSauce
0x00007ff81c2f2000 	/System/Library/PrivateFrameworks/CoreEmoji.framework/Versions/A/CoreEmoji
0x00007ff81d1cf000 	/usr/lib/libcmph.dylib
0x00007ff8199c3000 	/System/Library/Frameworks/OpenDirectory.framework/Versions/A/Frameworks/CFOpenDirectory.framework/Versions/A/CFOpenDirectory
0x00007ff8199b7000 	/System/Library/Frameworks/OpenDirectory.framework/Versions/A/OpenDirectory
0x00007ff81d80d000 	/System/Library/PrivateFrameworks/APFS.framework/Versions/A/APFS
0x00007ff81c60f000 	/System/Library/Frameworks/SecurityFoundation.framework/Versions/A/SecurityFoundation
0x00007ff81d888000 	/usr/lib/libutil.dylib
0x00007ff814c21000 	/System/Library/PrivateFrameworks/CoreServicesStore.framework/Versions/A/CoreServicesStore
0x00007ff81d88c000 	/usr/lib/libxslt.1.dylib
0x00007ff81c69c000 	/System/Library/PrivateFrameworks/BackgroundTaskManagement.framework/Versions/A/BackgroundTaskManagement
0x00007ff81ecf7000 	/System/Library/Frameworks/ImageIO.framework/Versions/A/Resources/libRadiance.dylib
0x00007ff81ed00000 	/System/Library/Frameworks/ImageIO.framework/Versions/A/Resources/libJPEG.dylib
0x00007ff81ec51000 	/System/Library/Frameworks/ImageIO.framework/Versions/A/Resources/libPng.dylib
0x00007ff81ec72000 	/System/Library/Frameworks/ImageIO.framework/Versions/A/Resources/libTIFF.dylib
0x00007ff81ed60000 	/System/Library/Frameworks/ImageIO.framework/Versions/A/Resources/libGIF.dylib
0x00007ff81e58c000 	/System/Library/Frameworks/ImageIO.framework/Versions/A/Resources/libJP2.dylib
0x00007ff81dcca000 	/usr/lib/libexpat.1.dylib
0x00007ff81e541000 	/System/Library/PrivateFrameworks/AppleJPEG.framework/Versions/A/AppleJPEG
0x00007ff81aea4000 	/System/Library/PrivateFrameworks/FontServices.framework/libFontParser.dylib
0x00007ff8189c1000 	/System/Library/PrivateFrameworks/RunningBoardServices.framework/Versions/A/RunningBoardServices
0x00007ff8296b0000 	/System/Library/PrivateFrameworks/IOSurfaceAccelerator.framework/Versions/A/IOSurfaceAccelerator
0x00007ff81e66e000 	/System/Library/PrivateFrameworks/WatchdogClient.framework/Versions/A/WatchdogClient
0x00007ff813627000 	/System/Library/Frameworks/CoreDisplay.framework/Versions/A/CoreDisplay
0x00007ff81ada2000 	/System/Library/Frameworks/CoreMedia.framework/Versions/A/CoreMedia
0x00007ff81ac39000 	/System/Library/PrivateFrameworks/IOAccelerator.framework/Versions/A/IOAccelerator
0x00007ff819b40000 	/System/Library/Frameworks/CoreVideo.framework/Versions/A/CoreVideo
0x00007ff81d320000 	/System/Library/Frameworks/MetalPerformanceShaders.framework/Versions/A/MetalPerformanceShaders
0x00007ff81e6ab000 	/System/Library/Frameworks/VideoToolbox.framework/Versions/A/VideoToolbox
0x00007ff81890b000 	/System/Library/PrivateFrameworks/BaseBoard.framework/Versions/A/BaseBoard
0x00007ff818692000 	/System/Library/PrivateFrameworks/ProtocolBuffer.framework/Versions/A/ProtocolBuffer
0x00007ff81ecf0000 	/System/Library/PrivateFrameworks/GPUWrangler.framework/Versions/A/GPUWrangler
0x00007ff81ecd4000 	/System/Library/PrivateFrameworks/IOPresentment.framework/Versions/A/IOPresentment
0x00007ff81ecfa000 	/System/Library/PrivateFrameworks/DSExternalDisplay.framework/Versions/A/DSExternalDisplay
0x00007ffa2a355000 	/System/Library/Frameworks/OpenGL.framework/Versions/A/Libraries/libCoreFSCache.dylib
0x00007ffb17011000 	/System/Library/PrivateFrameworks/GPUCompiler.framework/Versions/31001/Libraries/libGPUCompilerUtils.dylib
0x00007ff81ed65000 	/System/Library/PrivateFrameworks/CMCaptureCore.framework/Versions/A/CMCaptureCore
0x00007ff81e272000 	/System/Library/PrivateFrameworks/AppServerSupport.framework/Versions/A/AppServerSupport
0x00007ff820531000 	/System/Library/PrivateFrameworks/perfdata.framework/Versions/A/perfdata
0x00007ff813753000 	/System/Library/PrivateFrameworks/AudioToolboxCore.framework/Versions/A/AudioToolboxCore
0x00007ff81ad80000 	/System/Library/PrivateFrameworks/caulk.framework/Versions/A/caulk
0x00007ff81fe43000 	/usr/lib/libAudioStatistics.dylib
0x00007ff9175eb000 	/System/Library/PrivateFrameworks/SystemPolicy.framework/Versions/A/SystemPolicy
0x00007ff82009e000 	/usr/lib/libSMC.dylib
0x00007ff828fab000 	/System/Library/Frameworks/CoreMIDI.framework/Versions/A/CoreMIDI
0x00007ff81ec20000 	/usr/lib/libAudioToolboxUtility.dylib
0x00007ff91388e000 	/System/Library/PrivateFrameworks/OSAServicesClient.framework/Versions/A/OSAServicesClient
0x00007ff82053e000 	/usr/lib/libperfcheck.dylib
0x00007ff918095000 	/usr/lib/libmis.dylib
0x00007ffa2a3b0000 	/System/Library/Frameworks/OpenGL.framework/Versions/A/Libraries/libGLU.dylib
0x00007ffa2a374000 	/System/Library/Frameworks/OpenGL.framework/Versions/A/Libraries/libGFXShared.dylib
0x00007ffa2a57d000 	/System/Library/Frameworks/OpenGL.framework/Versions/A/Libraries/libGL.dylib
0x00007ffa2a37d000 	/System/Library/Frameworks/OpenGL.framework/Versions/A/Libraries/libGLImage.dylib
0x00007ffa2a371000 	/System/Library/Frameworks/OpenGL.framework/Versions/A/Libraries/libCVMSPluginSupport.dylib
0x00007ffa2a35c000 	/System/Library/Frameworks/OpenGL.framework/Versions/A/Libraries/libCoreVMClient.dylib
0x00007ff81b8ec000 	/System/Library/Frameworks/MetalPerformanceShaders.framework/Versions/A/Frameworks/MPSCore.framework/Versions/A/MPSCore
0x00007ff81ccb8000 	/System/Library/Frameworks/MetalPerformanceShaders.framework/Versions/A/Frameworks/MPSImage.framework/Versions/A/MPSImage
0x00007ff81c75b000 	/System/Library/Frameworks/MetalPerformanceShaders.framework/Versions/A/Frameworks/MPSNeuralNetwork.framework/Versions/A/MPSNeuralNetwork
0x00007ff81cbcf000 	/System/Library/Frameworks/MetalPerformanceShaders.framework/Versions/A/Frameworks/MPSMatrix.framework/Versions/A/MPSMatrix
0x00007ff81c98a000 	/System/Library/Frameworks/MetalPerformanceShaders.framework/Versions/A/Frameworks/MPSRayIntersector.framework/Versions/A/MPSRayIntersector
0x00007ff81cc07000 	/System/Library/Frameworks/MetalPerformanceShaders.framework/Versions/A/Frameworks/MPSNDArray.framework/Versions/A/MPSNDArray
0x00007ffa2f2dd000 	/System/Library/Frameworks/MetalPerformanceShaders.framework/Versions/A/Frameworks/MPSFunctions.framework/Versions/A/MPSFunctions
0x00007ff812a64000 	/System/Library/PrivateFrameworks/MetalTools.framework/Versions/A/MetalTools
0x00007ff81b968000 	/System/Library/PrivateFrameworks/AggregateDictionary.framework/Versions/A/AggregateDictionary
0x00007ff81daac000 	/usr/lib/libIOReport.dylib
0x00007ffa2b98c000 	/System/Library/Frameworks/OpenCL.framework/Versions/A/OpenCL
0x00007ff81de10000 	/System/Library/PrivateFrameworks/FaceCore.framework/Versions/A/FaceCore
0x00007ff81de01000 	/System/Library/PrivateFrameworks/GraphVisualizer.framework/Versions/A/GraphVisualizer
0x00007ffb16f1c000 	/System/Library/PrivateFrameworks/FontServices.framework/Versions/A/FontServices
0x00007ff81e22a000 	/System/Library/PrivateFrameworks/OTSVG.framework/Versions/A/OTSVG
0x00007ff819727000 	/System/Library/Frameworks/ApplicationServices.framework/Versions/A/Frameworks/ATS.framework/Versions/A/Resources/libFontRegistry.dylib
0x00007ff81e27a000 	/System/Library/PrivateFrameworks/FontServices.framework/libhvf.dylib
0x00007ffb16f1d000 	/System/Library/PrivateFrameworks/FontServices.framework/libXTFontStaticRegistryData.dylib
0x00007ff81dc7a000 	/System/Library/PrivateFrameworks/AppleVA.framework/Versions/A/AppleVA
0x00007ff81fe63000 	/System/Library/Frameworks/ApplicationServices.framework/Versions/A/Frameworks/ATS.framework/Versions/A/ATS
0x00007ff817dd9000 	/System/Library/Frameworks/ApplicationServices.framework/Versions/A/Frameworks/HIServices.framework/Versions/A/HIServices
0x00007ff81ed6f000 	/System/Library/Frameworks/ApplicationServices.framework/Versions/A/Frameworks/PrintCore.framework/Versions/A/PrintCore
0x00007ff8201f1000 	/System/Library/Frameworks/ApplicationServices.framework/Versions/A/Frameworks/QD.framework/Versions/A/QD
0x00007ff8201e9000 	/System/Library/Frameworks/ApplicationServices.framework/Versions/A/Frameworks/ColorSyncLegacy.framework/Versions/A/ColorSyncLegacy
0x00007ff81fe53000 	/System/Library/Frameworks/ApplicationServices.framework/Versions/A/Frameworks/SpeechSynthesis.framework/Versions/A/SpeechSynthesis
0x00007ff81ed30000 	/System/Library/Frameworks/ApplicationServices.framework/Versions/A/Frameworks/ATSUI.framework/Versions/A/ATSUI
0x00007ff82017e000 	/usr/lib/libcups.2.dylib
0x00007ff82054d000 	/System/Library/Frameworks/Kerberos.framework/Versions/A/Kerberos
0x00007ff82055c000 	/System/Library/Frameworks/GSS.framework/Versions/A/GSS
0x00007ff81fecf000 	/usr/lib/libresolv.9.dylib
0x00007ff81e289000 	/System/Library/PrivateFrameworks/Heimdal.framework/Versions/A/Heimdal
0x00007ff827129000 	/System/Library/Frameworks/Kerberos.framework/Versions/A/Libraries/libHeimdalProxy.dylib
0x00007ff818a94000 	/System/Library/Frameworks/Network.framework/Versions/A/Network
0x00007ff81dce4000 	/usr/lib/libheimdal-asn1.dylib
0x00007ff8205a7000 	/System/Library/PrivateFrameworks/CommonAuth.framework/Versions/A/CommonAuth
0x00007ff81fdd5000 	/System/Library/PrivateFrameworks/AudioSession.framework/Versions/A/AudioSession
0x00007ff81dd74000 	/System/Library/PrivateFrameworks/MediaExperience.framework/Versions/A/MediaExperience
0x00007ff81fc68000 	/System/Library/PrivateFrameworks/AudioSession.framework/libSessionUtility.dylib
0x00007ff8201fd000 	/System/Library/PrivateFrameworks/AudioResourceArbitration.framework/Versions/A/AudioResourceArbitration
0x00007ff824270000 	/System/Library/PrivateFrameworks/PowerLog.framework/Versions/A/PowerLog
0x00007ff81dced000 	/System/Library/PrivateFrameworks/IconFoundation.framework/Versions/A/IconFoundation
0x00007ff823026000 	/System/Library/PrivateFrameworks/SpeechRecognitionCore.framework/Versions/A/SpeechRecognitionCore
0x000000010941f000 	/Library/Java/JavaVirtualMachines/jdk-17.jdk/Contents/Home/lib/server/libjvm.dylib
0x0000000108413000 	/Library/Java/JavaVirtualMachines/jdk-17.jdk/Contents/Home/lib/libjimage.dylib
0x0000000108436000 	/Library/Java/JavaVirtualMachines/jdk-17.jdk/Contents/Home/lib/libinstrument.dylib
0x0000000108478000 	/Library/Java/JavaVirtualMachines/jdk-17.jdk/Contents/Home/lib/libjava.dylib
0x0000000109303000 	/Library/Java/JavaVirtualMachines/jdk-17.jdk/Contents/Home/lib/libnio.dylib
0x000000010931f000 	/Library/Java/JavaVirtualMachines/jdk-17.jdk/Contents/Home/lib/libnet.dylib
0x000000010933f000 	/Library/Java/JavaVirtualMachines/jdk-17.jdk/Contents/Home/lib/libzip.dylib
0x0000000109353000 	/Users/mac/.openjfx/cache/17.0.2-ea/libprism_es2.dylib
0x00007ff814be3000 	/System/Library/PrivateFrameworks/CoreServicesInternal.framework/Versions/A/CoreServicesInternal
0x00007ffa2a588000 	/System/Library/Frameworks/OpenGL.framework/Versions/A/Resources/GLEngine.bundle/GLEngine
0x00007ffa2a3ee000 	/System/Library/Frameworks/OpenGL.framework/Versions/A/Libraries/libGLProgrammability.dylib
0x00007ffa22d5c000 	/System/Library/Extensions/AppleIntelBDWGraphicsGLDriver.bundle/Contents/MacOS/AppleIntelBDWGraphicsGLDriver
0x00007ff9221cf000 	/System/Library/PrivateFrameworks/GPUSupport.framework/Versions/A/Libraries/libGPUSupportMercury.dylib
0x00007ffa2a712000 	/System/Library/Frameworks/OpenGL.framework/Versions/A/Resources/GLRendererFloat.bundle/GLRendererFloat
0x0000000114f63000 	/Users/mac/.openjfx/cache/17.0.2-ea/libglass.dylib
0x00007ff824861000 	/System/Library/Frameworks/FileProvider.framework/Versions/A/FileProvider
0x00007ff818878000 	/System/Library/Frameworks/Accounts.framework/Versions/A/Accounts
0x00007ff8249da000 	/System/Library/PrivateFrameworks/GenerationalStorage.framework/Versions/A/GenerationalStorage
0x00007ff8254ed000 	/System/Library/PrivateFrameworks/CoreSymbolication.framework/Versions/A/CoreSymbolication
0x00007ff824265000 	/System/Library/PrivateFrameworks/SymptomDiagnosticReporter.framework/Versions/A/SymptomDiagnosticReporter
0x00007ff815ea1000 	/System/Library/PrivateFrameworks/DesktopServicesPriv.framework/Versions/A/DesktopServicesPriv
0x00007ff814d22000 	/usr/lib/libsandbox.1.dylib
0x00007ff819bbf000 	/System/Library/PrivateFrameworks/UserManagement.framework/Versions/A/UserManagement
0x00007ff8254b2000 	/System/Library/PrivateFrameworks/DebugSymbols.framework/Versions/A/DebugSymbols
0x00007ff8201de000 	/System/Library/PrivateFrameworks/NetAuth.framework/Versions/A/NetAuth
0x00007ff8210eb000 	/System/Library/PrivateFrameworks/Sharing.framework/Versions/A/Sharing
0x00007ff819b92000 	/System/Library/PrivateFrameworks/login.framework/Versions/A/Frameworks/loginsupport.framework/Versions/A/loginsupport
0x00007ff826650000 	/System/Library/PrivateFrameworks/Apple80211.framework/Versions/A/Apple80211
0x00007ff81cd9d000 	/System/Library/PrivateFrameworks/AuthKit.framework/Versions/A/AuthKit
0x00007ff81c3e8000 	/System/Library/PrivateFrameworks/CoreUtils.framework/Versions/A/CoreUtils
0x00007ff81c30f000 	/System/Library/Frameworks/CoreWLAN.framework/Versions/A/CoreWLAN
0x00007ff82124a000 	/System/Library/Frameworks/IOBluetooth.framework/Versions/A/IOBluetooth
0x00007ff8266b8000 	/System/Library/PrivateFrameworks/CoreWiFi.framework/Versions/A/CoreWiFi
0x00007ff825084000 	/System/Library/PrivateFrameworks/FrontBoardServices.framework/Versions/A/FrontBoardServices
0x00007ff825115000 	/System/Library/PrivateFrameworks/BoardServices.framework/Versions/A/BoardServices
0x00007ff81c5fe000 	/System/Library/PrivateFrameworks/AssertionServices.framework/Versions/A/AssertionServices
0x00007ff82683b000 	/System/Library/PrivateFrameworks/BackBoardServices.framework/Versions/A/BackBoardServices
0x00007ff820638000 	/System/Library/PrivateFrameworks/CorePhoneNumbers.framework/Versions/A/CorePhoneNumbers
0x00007ff824382000 	/System/Library/PrivateFrameworks/DiskManagement.framework/Versions/A/DiskManagement
0x00007ff824296000 	/System/Library/PrivateFrameworks/AppleIDAuthSupport.framework/Versions/A/AppleIDAuthSupport
0x00007ffa3189e000 	/System/Library/PrivateFrameworks/AAAFoundation.framework/Versions/A/AAAFoundation
0x00007ff820619000 	/System/Library/PrivateFrameworks/KeychainCircle.framework/Versions/A/KeychainCircle
0x00007ff82434e000 	/System/Library/PrivateFrameworks/MediaKit.framework/Versions/A/MediaKit
0x00007ff8242a2000 	/System/Library/Frameworks/DiscRecording.framework/Versions/A/DiscRecording
0x00007ff81dbf2000 	/usr/lib/libCoreStorage.dylib
0x00007ff826b29000 	/usr/lib/libcsfde.dylib
0x00007ff821317000 	/System/Library/PrivateFrameworks/ProtectedCloudStorage.framework/Versions/A/ProtectedCloudStorage
0x00007ff826b25000 	/System/Library/PrivateFrameworks/EFILogin.framework/Versions/A/EFILogin
0x00007ff824a00000 	/System/Library/PrivateFrameworks/OctagonTrust.framework/Versions/A/OctagonTrust
0x00007ffb1618b000 	/System/Library/PrivateFrameworks/CoreUtilsExtras.framework/Versions/A/CoreUtilsExtras
0x00007ff8241c9000 	/System/Library/Frameworks/CoreBluetooth.framework/Versions/A/CoreBluetooth
0x00007ff8271ae000 	/System/Library/Frameworks/AudioUnit.framework/Versions/A/AudioUnit
0x00007ff81dbea000 	/usr/lib/libMatch.1.dylib
0x00007ff91c66e000 	/System/Library/Frameworks/Accelerate.framework/Versions/A/Frameworks/vImage.framework/Versions/A/Libraries/libCGInterfaces.dylib
0x0000000115817000 	/usr/lib/libobjc-trampolines.dylib
0x00007ff8198b7000 	/System/Library/PrivateFrameworks/ViewBridge.framework/Versions/A/ViewBridge
0x000000012d9c7000 	/Library/Java/JavaVirtualMachines/jdk-17.jdk/Contents/Home/lib/libverify.dylib
0x000000012d9df000 	/Library/Java/JavaVirtualMachines/jdk-17.jdk/Contents/Home/lib/libmanagement.dylib
0x000000012d9ef000 	/Library/Java/JavaVirtualMachines/jdk-17.jdk/Contents/Home/lib/libmanagement_ext.dylib
0x00007ffb29977000 	/usr/lib/libRosetta.dylib


VM Arguments:
jvm_args: -javaagent:/Applications/IntelliJ IDEA CE.app/Contents/lib/idea_rt.jar=63594:/Applications/IntelliJ IDEA CE.app/Contents/bin -Dfile.encoding=UTF-8 --module-path=/Users/mac/.m2/repository/org/openjfx/javafx-controls/17.0.2/javafx-controls-17.0.2-mac.jar:/Users/mac/.m2/repository/org/openjfx/javafx-fxml/17.0.2/javafx-fxml-17.0.2-mac.jar:/Users/mac/.m2/repository/org/openjfx/javafx-base/17.0.2/javafx-base-17.0.2-mac.jar:/Users/mac/.m2/repository/org/mindrot/jbcrypt/0.4/jbcrypt-0.4.jar:/Users/mac/.m2/repository/org/openjfx/javafx-graphics/17.0.2/javafx-graphics-17.0.2-mac.jar:/Users/mac/.m2/repository/org/controlsfx/controlsfx/11.1.1/controlsfx-11.1.1.jar:/Users/mac/.m2/repository/org/kordamp/bootstrapfx/bootstrapfx-core/0.4.0/bootstrapfx-core-0.4.0.jar:/Users/mac/.m2/repository/javax/persistence/javax.persistence-api/2.2/javax.persistence-api-2.2.jar:/Users/mac/eclipse-workspace/java2/untitled folder/jul-12/ManageHotelApp_JavaFX/target/classes:/Users/mac/.m2/repository/org/hibernate/hibernate-core/5.6.15.Final/hibernate-core-5.6.15.Final.jar -Djdk.module.main=com.managehotelapp_javafx 
java_command: com.managehotelapp_javafx/com.managehotelapp_javafx.HelloApplication
java_class_path (initial): /Users/mac/.m2/repository/org/openjfx/javafx-controls/17.0.2/javafx-controls-17.0.2.jar:/Users/mac/.m2/repository/org/openjfx/javafx-graphics/17.0.2/javafx-graphics-17.0.2.jar:/Users/mac/.m2/repository/org/openjfx/javafx-base/17.0.2/javafx-base-17.0.2.jar:/Users/mac/.m2/repository/org/openjfx/javafx-fxml/17.0.2/javafx-fxml-17.0.2.jar:/Users/mac/.m2/repository/org/postgresql/postgresql/42.6.0/postgresql-42.6.0.jar:/Users/mac/.m2/repository/org/checkerframework/checker-qual/3.31.0/checker-qual-3.31.0.jar:/Users/mac/.m2/repository/org/jboss/logging/jboss-logging/3.4.3.Final/jboss-logging-3.4.3.Final.jar:/Users/mac/.m2/repository/net/bytebuddy/byte-buddy/1.12.18/byte-buddy-1.12.18.jar:/Users/mac/.m2/repository/antlr/antlr/2.7.7/antlr-2.7.7.jar:/Users/mac/.m2/repository/org/jboss/spec/javax/transaction/jboss-transaction-api_1.2_spec/1.1.1.Final/jboss-transaction-api_1.2_spec-1.1.1.Final.jar:/Users/mac/.m2/repository/org/jboss/jandex/2.4.2.Final/jandex-2.4.2.Final.jar:/Users/mac/.m2/repository/com/fasterxml/classmate/1.5.1/classmate-1.5.1.jar:/Users/mac/.m2/repository/javax/activation/javax.activation-api/1.2.0/javax.activation-api-1.2.0.jar:/Users/mac/.m2/repository/org/hibernate/common/hibernate-commons-annotations/5.1.2.Final/hibernate-commons-annotations-5.1.2.Final.jar:/Users/mac/.m2/repository/javax/xml/bind/jaxb-api/2.3.1/jaxb-api-2.3.1.jar:/Users/mac/.m2/repository/org/glassfish/jaxb/jaxb-runtime/2.3.1/jaxb-runtime-2.3.1.jar:/Users/mac/.m2/repository/org/glassfish/jaxb/txw2/2.3.1/txw2-2.3.1.jar:/Users/mac/.m2/repository/com/sun/istack/istack-commons-runtime/3.0.7/istack-commons-runtime-3.0.7.jar:/Users/mac/.m2/repository/org/jvnet/staxex/stax-ex/1.8/stax-ex-1.8.jar:/Users/mac/.m2/repository/com/sun/xml/fastinfoset/FastInfoset/1.2.15/FastInfoset-1.2.15.jar
Launcher Type: SUN_STANDARD

[Global flags]
     intx CICompilerCount                          = 3                                         {product} {ergonomic}
     uint ConcGCThreads                            = 1                                         {product} {ergonomic}
     uint G1ConcRefinementThreads                  = 4                                         {product} {ergonomic}
   size_t G1HeapRegionSize                         = 1048576                                   {product} {ergonomic}
    uintx GCDrainStackTargetSize                   = 64                                        {product} {ergonomic}
   size_t InitialHeapSize                          = 134217728                                 {product} {ergonomic}
   size_t MarkStackSize                            = 4194304                                   {product} {ergonomic}
   size_t MaxHeapSize                              = 2147483648                                {product} {ergonomic}
   size_t MaxNewSize                               = 1287651328                                {product} {ergonomic}
   size_t MinHeapDeltaBytes                        = 1048576                                   {product} {ergonomic}
   size_t MinHeapSize                              = 8388608                                   {product} {ergonomic}
    uintx NonNMethodCodeHeapSize                   = 5832780                                {pd product} {ergonomic}
    uintx NonProfiledCodeHeapSize                  = 122912730                              {pd product} {ergonomic}
    uintx ProfiledCodeHeapSize                     = 122912730                              {pd product} {ergonomic}
    uintx ReservedCodeCacheSize                    = 251658240                              {pd product} {ergonomic}
     bool SegmentedCodeCache                       = true                                      {product} {ergonomic}
   size_t SoftMaxHeapSize                          = 2147483648                             {manageable} {ergonomic}
     bool UseCompressedClassPointers               = true                           {product lp64_product} {ergonomic}
     bool UseCompressedOops                        = true                           {product lp64_product} {ergonomic}
     bool UseG1GC                                  = true                                      {product} {ergonomic}
     bool UseNUMA                                  = false                                     {product} {ergonomic}
     bool UseNUMAInterleaving                      = false                                     {product} {ergonomic}

Logging:
Log output configuration:
 #0: stdout all=warning uptime,level,tags
 #1: stderr all=off uptime,level,tags

Environment Variables:
PATH=/usr/local/mysql/bin:/usr/local/opt/php@8.1/sbin:/usr/local/opt/php@8.1/bin:/usr/local/opt/php@8.0/bin:/Users/mac/.composer/vendor/bin:/usr/local/bin:/usr/bin:/bin:/usr/sbin:/sbin
SHELL=/bin/zsh
LC_CTYPE=en_US.UTF-8

Signal Handlers:
   SIGSEGV: crash_handler in libjvm.dylib, mask=11100110000111110111111111111111, flags=SA_RESTART|SA_SIGINFO
    SIGBUS: crash_handler in libjvm.dylib, mask=11100110000111110111111111111111, flags=SA_RESTART|SA_SIGINFO
    SIGFPE: crash_handler in libjvm.dylib, mask=11100110000111110111111111111111, flags=SA_RESTART|SA_SIGINFO
   SIGPIPE: javaSignalHandler in libjvm.dylib, mask=11100110000111110111111111111111, flags=SA_RESTART|SA_SIGINFO
   SIGXFSZ: javaSignalHandler in libjvm.dylib, mask=11100110000111110111111111111111, flags=SA_RESTART|SA_SIGINFO
    SIGILL: crash_handler in libjvm.dylib, mask=11100110000111110111111111111111, flags=SA_RESTART|SA_SIGINFO
   SIGUSR2: SR_handler in libjvm.dylib, mask=00100000000000000000000000000000, flags=SA_RESTART|SA_SIGINFO
    SIGHUP: UserHandler in libjvm.dylib, mask=11100110000111110111111111111111, flags=SA_RESTART|SA_SIGINFO
    SIGINT: UserHandler in libjvm.dylib, mask=11100110000111110111111111111111, flags=SA_RESTART|SA_SIGINFO
   SIGTERM: UserHandler in libjvm.dylib, mask=11100110000111110111111111111111, flags=SA_RESTART|SA_SIGINFO
   SIGQUIT: UserHandler in libjvm.dylib, mask=11100110000111110111111111111111, flags=SA_RESTART|SA_SIGINFO
   SIGTRAP: crash_handler in libjvm.dylib, mask=11100110000111110111111111111111, flags=SA_RESTART|SA_SIGINFO


---------------  S Y S T E M  ---------------

OS:
uname: Darwin 21.4.0 Darwin Kernel Version 21.4.0: Mon Feb 21 20:34:37 PST 2022; root:xnu-8020.101.4~2/RELEASE_X86_64 x86_64
OS uptime: 1 days 0:42 hours
rlimit (soft/hard): STACK 8192k/65532k , CORE 0k/infinity , NPROC 1392/2088 , NOFILE 10240/infinity , AS infinity/infinity , CPU infinity/infinity , DATA infinity/infinity , FSIZE infinity/infinity , MEMLOCK infinity/infinity , RSS infinity/infinity
load average: 6.37 5.98 6.19

CPU: total 4 (initial active 4) (2 cores per cpu, 2 threads per core) family 6 model 61 stepping 4 microcode 0x2f, cx8, cmov, fxsr, ht, mmx, 3dnowpref, sse, sse2, sse3, ssse3, sse4.1, sse4.2, popcnt, lzcnt, tsc, tscinvbit, avx, avx2, aes, erms, clmul, bmi1, bmi2, rtm, adx, fma, vzeroupper, clflush

Memory: 4k page, physical 8388608k(30740k free), swap 4194304k(1445632k free)

vm_info: Java HotSpot(TM) 64-Bit Server VM (17.0.7+8-LTS-224) for bsd-amd64 JRE (17.0.7+8-LTS-224), built on Feb 28 2023 23:06:28 by "mach5one" with clang Apple LLVM 12.0.0 (clang-1200.0.32.29)

END.
