#
# A fatal error has been detected by the Java Runtime Environment:
#
#  SIGSEGV (0xb) at pc=0x0000000105474b78, pid=65706, tid=41987
#
# JRE version: Java(TM) SE Runtime Environment (17.0.7+8) (build 17.0.7+8-LTS-224)
# Java VM: Java HotSpot(TM) 64-Bit Server VM (17.0.7+8-LTS-224, mixed mode, sharing, tiered, compressed oops, compressed class ptrs, g1 gc, bsd-amd64)
# Problematic frame:
# V  [libjvm.dylib+0x904b78]  _ZN12PhaseChaitin5SplitEjP12ResourceArea+0x2cb8
#
# No core dump will be written. Core dumps have been disabled. To enable core dumping, try "ulimit -c unlimited" before starting Java again
#
# If you would like to submit a bug report, please visit:
#   https://bugreport.java.com/bugreport/crash.jsp
#

---------------  S U M M A R Y ------------

Command Line: -javaagent:/Applications/IntelliJ IDEA CE.app/Contents/lib/idea_rt.jar=65297:/Applications/IntelliJ IDEA CE.app/Contents/bin -Dfile.encoding=UTF-8 --module-path=/Users/mac/.m2/repository/org/mindrot/jbcrypt/0.4/jbcrypt-0.4.jar:/Users/mac/.m2/repository/org/openjfx/javafx-fxml/17.0.2/javafx-fxml-17.0.2-mac.jar:/Users/mac/.m2/repository/javax/persistence/javax.persistence-api/2.2/javax.persistence-api-2.2.jar:/Users/mac/.m2/repository/org/hibernate/hibernate-core/5.6.15.Final/hibernate-core-5.6.15.Final.jar:/Users/mac/eclipse-workspace/java2/untitled folder/jul-12/ManageHotelApp_JavaFX/target/classes:/Users/mac/.m2/repository/org/openjfx/javafx-graphics/17.0.2/javafx-graphics-17.0.2-mac.jar:/Users/mac/.m2/repository/org/kordamp/bootstrapfx/bootstrapfx-core/0.4.0/bootstrapfx-core-0.4.0.jar:/Users/mac/.m2/repository/org/openjfx/javafx-controls/17.0.2/javafx-controls-17.0.2-mac.jar:/Users/mac/.m2/repository/org/openjfx/javafx-base/17.0.2/javafx-base-17.0.2-mac.jar:/Users/mac/.m2/repository/org/controlsfx/controlsfx/11.1.1/controlsfx-11.1.1.jar -Djdk.module.main=com.managehotelapp_javafx com.managehotelapp_javafx/com.managehotelapp_javafx.HelloApplication

Host: "MacBookAir7,2" x86_64 2200 MHz, 4 cores, 8G, Darwin 21.4.0, macOS 12.3 (21E230)
Time: Sat Jul 15 19:16:42 2023 +07 elapsed time: 0.944323 seconds (0d 0h 0m 0s)

---------------  T H R E A D  ---------------

Current thread (0x00007fd40c046e00):  JavaThread "C2 CompilerThread0" daemon [_thread_in_native, id=41987, stack(0x000070000ffdb000,0x00007000100db000)]


Current CompileTask:
C2:    946  215       4       java.util.stream.ReferencePipeline$2$1::accept (27 bytes)

Stack: [0x000070000ffdb000,0x00007000100db000],  sp=0x00007000100d76f0,  free space=1009k
Native frames: (J=compiled Java code, j=interpreted, Vv=VM code, C=native code)
V  [libjvm.dylib+0x904b78]  _ZN12PhaseChaitin5SplitEjP12ResourceArea+0x2cb8
V  [libjvm.dylib+0x29e1a3]  _ZN12PhaseChaitin17Register_AllocateEv+0x4e3
V  [libjvm.dylib+0x31a620]  _ZN7Compile8Code_GenEv+0x3d0
V  [libjvm.dylib+0x3178ee]  _ZN7CompileC2EP5ciEnvP8ciMethodibbbbbP12DirectiveSet+0x116e
V  [libjvm.dylib+0x27e742]  _ZN10C2Compiler14compile_methodEP5ciEnvP8ciMethodibP12DirectiveSet+0xf2
V  [libjvm.dylib+0x32a54e]  _ZN13CompileBroker25invoke_compiler_on_methodEP11CompileTask+0x53e
V  [libjvm.dylib+0x329f6c]  _ZN13CompileBroker20compiler_thread_loopEv+0x45c
V  [libjvm.dylib+0x9fd067]  _ZN10JavaThread17thread_main_innerEv+0x147
V  [libjvm.dylib+0x9fb64a]  _ZN6Thread8call_runEv+0x11a
V  [libjvm.dylib+0x88c0f8]  _ZL19thread_native_entryP6Thread+0x148
C  [libsystem_pthread.dylib+0x64e1]  _pthread_start+0x7d
C  [libsystem_pthread.dylib+0x1f6b]  thread_start+0xf


siginfo: si_signo: 11 (SIGSEGV), si_code: 0 (unknown), si_addr: 0x0000000000000000

Register to memory mapping:

RAX=0x0000000000000032 is an unknown value
RBX=0x0000000000000003 is an unknown value
RCX=0x0000000000000229 is an unknown value
RDX=0x02000001058068c8 is an unknown value
RSP=0x00007000100d76f0 is pointing into the stack for thread: 0x00007fd40c046e00
RBP=0x00007000100d7960 is pointing into the stack for thread: 0x00007fd40c046e00
RSI=0x0 is NULL
RDI=0x0000000000000098 is an unknown value
R8 =0x0000000000000005 is an unknown value
R9 =0x00007fd40b0eb810 points into unknown readable memory: 0x0000000105780238 | 38 02 78 05 01 00 00 00
R10=0x00007fd40c28cae0 points into unknown readable memory: 0x000000010574f110 | 10 f1 74 05 01 00 00 00
R11=0x00007fd40c983050 points into unknown readable memory: 0x00006000036b1170 | 70 11 6b 03 00 60 00 00
R12=0x0000000000000098 is an unknown value
R13=0x0000000000000001 is an unknown value
R14=0x00007fd40c28fd58 points into unknown readable memory: 0x0000000105790350 | 50 03 79 05 01 00 00 00
R15=0x00007000100d92d8 is pointing into the stack for thread: 0x00007fd40c046e00


Registers:
RAX=0x0000000000000032, RBX=0x0000000000000003, RCX=0x0000000000000229, RDX=0x02000001058068c8
RSP=0x00007000100d76f0, RBP=0x00007000100d7960, RSI=0x0000000000000000, RDI=0x0000000000000098
R8 =0x0000000000000005, R9 =0x00007fd40b0eb810, R10=0x00007fd40c28cae0, R11=0x00007fd40c983050
R12=0x0000000000000098, R13=0x0000000000000001, R14=0x00007fd40c28fd58, R15=0x00007000100d92d8
RIP=0x0000000105474b78, EFLAGS=0x0000000000010246, ERR=0x0000000000000000
  TRAPNO=0x000000000000000d

Top of Stack: (sp=0x00007000100d76f0)
0x00007000100d76f0:   00000000000f423f 00007000100d0000
0x00007000100d7700:   0000000000000000 0000000000000001
0x00007000100d7710:   0000000000000000 00007fd40c1242f0
0x00007000100d7720:   00000001056c288f 0000000000000000
0x00007000100d7730:   0000000000000000 0000000000000000
0x00007000100d7740:   00000001056c288f 0000000104cc0000
0x00007000100d7750:   000300030ffffcff 0003000300030003
0x00007000100d7760:   0003000300030003 0003000300030003
0x00007000100d7770:   0000000000030003 0000000000000000
0x00007000100d7780:   0000000000000000 0000000000000000
0x00007000100d7790:   0000000000000000 0000000000000000
0x00007000100d77a0:   0000000000000000 0000000a00000000
0x00007000100d77b0:   00007fd40bb0b410 00007fd40bb0b420
0x00007000100d77c0:   00000001058068c8 000000010578c970
0x00007000100d77d0:   0000000000000488 00007fd40bb0b7f8
0x00007000100d77e0:   00000000000003d8 0000000000000002
0x00007000100d77f0:   00007fd40b0eb820 000000010570f378
0x00007000100d7800:   0000000000000000 0000000000005940
0x00007000100d7810:   00007000100d93d8 00007fd40c970070
0x00007000100d7820:   0000000000000000 00000001057f60c0
0x00007000100d7830:   000009f500000098 00007fd40a96f410
0x00007000100d7840:   00007000100d7af8 00007fd40dd4c010
0x00007000100d7850:   000000000000000f 00007fd40b0eb87c
0x00007000100d7860:   00007fd40b0eb884 00007fd40c983090
0x00007000100d7870:   00007fd40a9743d0 00007fd40c96d5e0
0x00007000100d7880:   00007fd40c96fbb0 00007fd40b0eb888
0x00007000100d7890:   0000000000000098 0000000000000000
0x00007000100d78a0:   00007fd40c28f358 0000000000000000
0x00007000100d78b0:   00007fd40c96b010 00007fd40b0eb880
0x00007000100d78c0:   0000000000000098 0000000000000001
0x00007000100d78d0:   00007fd40c953ad0 00007fd40c953f90
0x00007000100d78e0:   0000000000000000 00007fd40c983050 

Instructions: (pc=0x0000000105474b78)
0x0000000105474a78:   4c 8b 52 10 4d 85 d2 74 27 44 8b 42 20 4b 8d 34
0x0000000105474a88:   c2 0f 1f 80 00 00 00 00 48 39 5e f8 48 8d 76 f8
0x0000000105474a98:   75 f6 41 ff c8 44 89 42 20 4b 8b 14 c2 48 89 16
0x0000000105474aa8:   48 89 0c f8 48 85 c9 74 3a 48 8b 41 10 48 85 c0
0x0000000105474ab8:   74 31 8b 71 20 3b 71 24 75 1d 48 89 cf 48 89 cb
0x0000000105474ac8:   e8 03 57 f6 ff 48 89 d9 48 8b 5d c0 4c 8b 4d c8
0x0000000105474ad8:   48 8b 41 10 8b 71 20 8d 56 01 89 51 20 89 f2 48
0x0000000105474ae8:   89 1c d0 4c 89 6b 48 4c 89 f2 41 8d 5e 01 44 8b
0x0000000105474af8:   45 d0 41 8d 40 01 89 45 d0 4c 89 ff 4c 89 ce e8
0x0000000105474b08:   64 c5 ff ff 4c 8b 4d c8 e9 7c e8 ff ff 66 2e 0f
0x0000000105474b18:   1f 84 00 00 00 00 00 90 45 85 e4 0f 84 07 dd ff
0x0000000105474b28:   ff 31 c0 eb 0e 0f 1f 00 48 ff c0 39 c7 0f 84 f5
0x0000000105474b38:   dc ff ff 48 8b 8d d8 fe ff ff 48 63 d0 8b 0c 91
0x0000000105474b48:   49 8b 57 68 48 8b 52 10 41 8b 71 4c ff ce 48 8d
0x0000000105474b58:   34 b6 48 c1 e6 05 48 8b 54 32 08 48 89 ce 48 c1
0x0000000105474b68:   ee 08 48 8b 14 f2 48 89 ce 48 c1 ee 03 83 e6 18
0x0000000105474b78:   48 8b 14 32 48 0f a3 ca 72 ae 48 8b 8d 70 ff ff
0x0000000105474b88:   ff 48 c7 04 c1 00 00 00 00 eb 9d 4c 8b 75 88 41
0x0000000105474b98:   83 7e 18 00 74 27 31 db 49 8b 46 10 48 8b 34 d8
0x0000000105474ba8:   8b 55 d0 8d 42 01 89 45 d0 4c 89 ff e8 e7 89 99
0x0000000105474bb8:   ff 48 ff c3 41 8b 46 18 48 39 c3 72 db 8b 75 d0
0x0000000105474bc8:   48 8b 85 08 ff ff ff 83 78 18 00 0f 84 7c 04 00
0x0000000105474bd8:   00 49 8d 87 e0 00 00 00 48 89 45 b8 48 8b 45 a0
0x0000000105474be8:   48 83 e0 01 48 89 45 80 0f 94 c0 48 83 7d a8 00
0x0000000105474bf8:   0f 94 c1 08 c1 88 8d 20 ff ff ff 31 c0 89 f2 48
0x0000000105474c08:   8b 8d 08 ff ff ff 4c 8b b5 10 ff ff ff 89 75 c8
0x0000000105474c18:   4c 89 b5 10 ff ff ff 48 89 c6 48 8b 41 10 48 89
0x0000000105474c28:   b5 38 ff ff ff 48 8b 1c f0 48 63 43 28 49 8b 4f
0x0000000105474c38:   48 49 8b b7 08 01 00 00 48 8b 49 78 89 c7 4c 8b
0x0000000105474c48:   2c f9 8b 04 86 48 89 85 78 ff ff ff 45 8b 24 86
0x0000000105474c58:   8d 42 01 89 45 d0 4c 89 ff 48 89 de e8 37 89 99
0x0000000105474c68:   ff 48 8b 85 b8 fe ff ff 4c 89 a5 70 ff ff ff 4a 


Stack slot to memory mapping:
stack at sp + 0 slots: 0x00000000000f423f is an unknown value
stack at sp + 1 slots: 0x00007000100d0000 is pointing into the stack for thread: 0x00007fd40c046e00
stack at sp + 2 slots: 0x0 is NULL
stack at sp + 3 slots: 0x0000000000000001 is an unknown value
stack at sp + 4 slots: 0x0 is NULL
stack at sp + 5 slots: 0x00007fd40c1242f0 points into unknown readable memory: 0x000000010571dd60 | 60 dd 71 05 01 00 00 00
stack at sp + 6 slots: 0x00000001056c288f: _ZL18hsdis_library_name+0x41f36 in /Library/Java/JavaVirtualMachines/jdk-17.jdk/Contents/Home/lib/server/libjvm.dylib at 0x0000000104b70000
stack at sp + 7 slots: 0x0 is NULL


---------------  P R O C E S S  ---------------

Threads class SMR info:
_java_thread_list=0x00006000038a2060, length=12, elements={
0x00007fd40c008e00, 0x00007fd40b010000, 0x00007fd40a80d000, 0x00007fd40a826400,
0x00007fd40a826a00, 0x00007fd40c046800, 0x00007fd40c046e00, 0x00007fd40a82a800,
0x00007fd40c047e00, 0x00007fd40c852200, 0x00007fd40a82a200, 0x00007fd40c04bc00
}

Java Threads: ( => current thread )
  0x00007fd40c008e00 JavaThread "main" [_thread_in_native, id=9731, stack(0x000070000f2b1000,0x000070000f3b1000)]
  0x00007fd40b010000 JavaThread "Reference Handler" daemon [_thread_blocked, id=15619, stack(0x000070000f9c6000,0x000070000fac6000)]
  0x00007fd40a80d000 JavaThread "Finalizer" daemon [_thread_blocked, id=16643, stack(0x000070000fac9000,0x000070000fbc9000)]
  0x00007fd40a826400 JavaThread "Signal Dispatcher" daemon [_thread_blocked, id=23299, stack(0x000070000fcd2000,0x000070000fdd2000)]
  0x00007fd40a826a00 JavaThread "Service Thread" daemon [_thread_blocked, id=23555, stack(0x000070000fdd5000,0x000070000fed5000)]
  0x00007fd40c046800 JavaThread "Monitor Deflation Thread" daemon [_thread_blocked, id=23811, stack(0x000070000fed8000,0x000070000ffd8000)]
=>0x00007fd40c046e00 JavaThread "C2 CompilerThread0" daemon [_thread_in_native, id=41987, stack(0x000070000ffdb000,0x00007000100db000)]
  0x00007fd40a82a800 JavaThread "C1 CompilerThread0" daemon [_thread_blocked, id=24323, stack(0x00007000100de000,0x00007000101de000)]
  0x00007fd40c047e00 JavaThread "Sweeper thread" daemon [_thread_blocked, id=24579, stack(0x00007000101e1000,0x00007000102e1000)]
  0x00007fd40c852200 JavaThread "Common-Cleaner" daemon [_thread_blocked, id=24835, stack(0x00007000102e4000,0x00007000103e4000)]
  0x00007fd40a82a200 JavaThread "Monitor Ctrl-Break" daemon [_thread_in_native, id=40963, stack(0x00007000103e7000,0x00007000104e7000)]
  0x00007fd40c04bc00 JavaThread "Notification Thread" daemon [_thread_blocked, id=25347, stack(0x00007000104ea000,0x00007000105ea000)]

Other Threads:
  0x00007fd40a7095d0 VMThread "VM Thread" [stack: 0x000070000f8c3000,0x000070000f9c3000] [id=17411]
  0x00007fd40ba19910 WatcherThread [stack: 0x00007000105ed000,0x00007000106ed000] [id=40707]
  0x00007fd40a707100 GCTaskThread "GC Thread#0" [stack: 0x000070000f3b4000,0x000070000f4b4000] [id=12803]
  0x00007fd40ba043d0 ConcurrentGCThread "G1 Main Marker" [stack: 0x000070000f4b7000,0x000070000f5b7000] [id=13059]
  0x00007fd40b804ac0 ConcurrentGCThread "G1 Conc#0" [stack: 0x000070000f5ba000,0x000070000f6ba000] [id=19715]
  0x00007fd40bb05a80 ConcurrentGCThread "G1 Refine#0" [stack: 0x000070000f6bd000,0x000070000f7bd000] [id=19203]
  0x00007fd40ba05d90 ConcurrentGCThread "G1 Service" [stack: 0x000070000f7c0000,0x000070000f8c0000] [id=18947]

Threads with active compile tasks:
C2 CompilerThread0      978  215       4       java.util.stream.ReferencePipeline$2$1::accept (27 bytes)

VM state: not at safepoint (normal execution)

VM Mutex/Monitor currently owned by a thread: None

Heap address: 0x0000000780000000, size: 2048 MB, Compressed Oops mode: Zero based, Oop shift amount: 3

CDS archive(s) mapped at: [0x0000000800000000-0x0000000800bd8000-0x0000000800bd8000), size 12419072, SharedBaseAddress: 0x0000000800000000, ArchiveRelocationMode: 0.
Compressed class space mapped at: 0x0000000800c00000-0x0000000840c00000, reserved size: 1073741824
Narrow klass base: 0x0000000800000000, Narrow klass shift: 0, Narrow klass range: 0x100000000

GC Precious Log:
 CPUs: 4 total, 4 available
 Memory: 8192M
 Large Page Support: Disabled
 NUMA Support: Disabled
 Compressed Oops: Enabled (Zero based)
 Heap Region Size: 1M
 Heap Min Capacity: 8M
 Heap Initial Capacity: 128M
 Heap Max Capacity: 2G
 Pre-touch: Disabled
 Parallel Workers: 4
 Concurrent Workers: 1
 Concurrent Refinement Workers: 4
 Periodic GC: Disabled

Heap:
 garbage-first heap   total 133120K, used 14292K [0x0000000780000000, 0x0000000800000000)
  region size 1024K, 13 young (13312K), 0 survivors (0K)
 Metaspace       used 1714K, committed 1856K, reserved 1056768K
  class space    used 181K, committed 256K, reserved 1048576K

Heap Regions: E=young(eden), S=young(survivor), O=old, HS=humongous(starts), HC=humongous(continues), CS=collection set, F=free, OA=open archive, CA=closed archive, TAMS=top-at-mark-start (previous, next)
|   0|0x0000000780000000, 0x0000000780100000, 0x0000000780100000|100%|HS|  |TAMS 0x0000000780000000, 0x0000000780000000| Complete 
|   1|0x0000000780100000, 0x0000000780100000, 0x0000000780200000|  0%| F|  |TAMS 0x0000000780100000, 0x0000000780100000| Untracked 
|   2|0x0000000780200000, 0x0000000780200000, 0x0000000780300000|  0%| F|  |TAMS 0x0000000780200000, 0x0000000780200000| Untracked 
|   3|0x0000000780300000, 0x0000000780300000, 0x0000000780400000|  0%| F|  |TAMS 0x0000000780300000, 0x0000000780300000| Untracked 
|   4|0x0000000780400000, 0x0000000780400000, 0x0000000780500000|  0%| F|  |TAMS 0x0000000780400000, 0x0000000780400000| Untracked 
|   5|0x0000000780500000, 0x0000000780500000, 0x0000000780600000|  0%| F|  |TAMS 0x0000000780500000, 0x0000000780500000| Untracked 
|   6|0x0000000780600000, 0x0000000780600000, 0x0000000780700000|  0%| F|  |TAMS 0x0000000780600000, 0x0000000780600000| Untracked 
|   7|0x0000000780700000, 0x0000000780700000, 0x0000000780800000|  0%| F|  |TAMS 0x0000000780700000, 0x0000000780700000| Untracked 
|   8|0x0000000780800000, 0x0000000780800000, 0x0000000780900000|  0%| F|  |TAMS 0x0000000780800000, 0x0000000780800000| Untracked 
|   9|0x0000000780900000, 0x0000000780900000, 0x0000000780a00000|  0%| F|  |TAMS 0x0000000780900000, 0x0000000780900000| Untracked 
|  10|0x0000000780a00000, 0x0000000780a00000, 0x0000000780b00000|  0%| F|  |TAMS 0x0000000780a00000, 0x0000000780a00000| Untracked 
|  11|0x0000000780b00000, 0x0000000780b00000, 0x0000000780c00000|  0%| F|  |TAMS 0x0000000780b00000, 0x0000000780b00000| Untracked 
|  12|0x0000000780c00000, 0x0000000780c00000, 0x0000000780d00000|  0%| F|  |TAMS 0x0000000780c00000, 0x0000000780c00000| Untracked 
|  13|0x0000000780d00000, 0x0000000780d00000, 0x0000000780e00000|  0%| F|  |TAMS 0x0000000780d00000, 0x0000000780d00000| Untracked 
|  14|0x0000000780e00000, 0x0000000780e00000, 0x0000000780f00000|  0%| F|  |TAMS 0x0000000780e00000, 0x0000000780e00000| Untracked 
|  15|0x0000000780f00000, 0x0000000780f00000, 0x0000000781000000|  0%| F|  |TAMS 0x0000000780f00000, 0x0000000780f00000| Untracked 
|  16|0x0000000781000000, 0x0000000781000000, 0x0000000781100000|  0%| F|  |TAMS 0x0000000781000000, 0x0000000781000000| Untracked 
|  17|0x0000000781100000, 0x0000000781100000, 0x0000000781200000|  0%| F|  |TAMS 0x0000000781100000, 0x0000000781100000| Untracked 
|  18|0x0000000781200000, 0x0000000781200000, 0x0000000781300000|  0%| F|  |TAMS 0x0000000781200000, 0x0000000781200000| Untracked 
|  19|0x0000000781300000, 0x0000000781300000, 0x0000000781400000|  0%| F|  |TAMS 0x0000000781300000, 0x0000000781300000| Untracked 
|  20|0x0000000781400000, 0x0000000781400000, 0x0000000781500000|  0%| F|  |TAMS 0x0000000781400000, 0x0000000781400000| Untracked 
|  21|0x0000000781500000, 0x0000000781500000, 0x0000000781600000|  0%| F|  |TAMS 0x0000000781500000, 0x0000000781500000| Untracked 
|  22|0x0000000781600000, 0x0000000781600000, 0x0000000781700000|  0%| F|  |TAMS 0x0000000781600000, 0x0000000781600000| Untracked 
|  23|0x0000000781700000, 0x0000000781700000, 0x0000000781800000|  0%| F|  |TAMS 0x0000000781700000, 0x0000000781700000| Untracked 
|  24|0x0000000781800000, 0x0000000781800000, 0x0000000781900000|  0%| F|  |TAMS 0x0000000781800000, 0x0000000781800000| Untracked 
|  25|0x0000000781900000, 0x0000000781900000, 0x0000000781a00000|  0%| F|  |TAMS 0x0000000781900000, 0x0000000781900000| Untracked 
|  26|0x0000000781a00000, 0x0000000781a00000, 0x0000000781b00000|  0%| F|  |TAMS 0x0000000781a00000, 0x0000000781a00000| Untracked 
|  27|0x0000000781b00000, 0x0000000781b00000, 0x0000000781c00000|  0%| F|  |TAMS 0x0000000781b00000, 0x0000000781b00000| Untracked 
|  28|0x0000000781c00000, 0x0000000781c00000, 0x0000000781d00000|  0%| F|  |TAMS 0x0000000781c00000, 0x0000000781c00000| Untracked 
|  29|0x0000000781d00000, 0x0000000781d00000, 0x0000000781e00000|  0%| F|  |TAMS 0x0000000781d00000, 0x0000000781d00000| Untracked 
|  30|0x0000000781e00000, 0x0000000781e00000, 0x0000000781f00000|  0%| F|  |TAMS 0x0000000781e00000, 0x0000000781e00000| Untracked 
|  31|0x0000000781f00000, 0x0000000781f00000, 0x0000000782000000|  0%| F|  |TAMS 0x0000000781f00000, 0x0000000781f00000| Untracked 
|  32|0x0000000782000000, 0x0000000782000000, 0x0000000782100000|  0%| F|  |TAMS 0x0000000782000000, 0x0000000782000000| Untracked 
|  33|0x0000000782100000, 0x0000000782100000, 0x0000000782200000|  0%| F|  |TAMS 0x0000000782100000, 0x0000000782100000| Untracked 
|  34|0x0000000782200000, 0x0000000782200000, 0x0000000782300000|  0%| F|  |TAMS 0x0000000782200000, 0x0000000782200000| Untracked 
|  35|0x0000000782300000, 0x0000000782300000, 0x0000000782400000|  0%| F|  |TAMS 0x0000000782300000, 0x0000000782300000| Untracked 
|  36|0x0000000782400000, 0x0000000782400000, 0x0000000782500000|  0%| F|  |TAMS 0x0000000782400000, 0x0000000782400000| Untracked 
|  37|0x0000000782500000, 0x0000000782500000, 0x0000000782600000|  0%| F|  |TAMS 0x0000000782500000, 0x0000000782500000| Untracked 
|  38|0x0000000782600000, 0x0000000782600000, 0x0000000782700000|  0%| F|  |TAMS 0x0000000782600000, 0x0000000782600000| Untracked 
|  39|0x0000000782700000, 0x0000000782700000, 0x0000000782800000|  0%| F|  |TAMS 0x0000000782700000, 0x0000000782700000| Untracked 
|  40|0x0000000782800000, 0x0000000782800000, 0x0000000782900000|  0%| F|  |TAMS 0x0000000782800000, 0x0000000782800000| Untracked 
|  41|0x0000000782900000, 0x0000000782900000, 0x0000000782a00000|  0%| F|  |TAMS 0x0000000782900000, 0x0000000782900000| Untracked 
|  42|0x0000000782a00000, 0x0000000782a00000, 0x0000000782b00000|  0%| F|  |TAMS 0x0000000782a00000, 0x0000000782a00000| Untracked 
|  43|0x0000000782b00000, 0x0000000782b00000, 0x0000000782c00000|  0%| F|  |TAMS 0x0000000782b00000, 0x0000000782b00000| Untracked 
|  44|0x0000000782c00000, 0x0000000782c00000, 0x0000000782d00000|  0%| F|  |TAMS 0x0000000782c00000, 0x0000000782c00000| Untracked 
|  45|0x0000000782d00000, 0x0000000782d00000, 0x0000000782e00000|  0%| F|  |TAMS 0x0000000782d00000, 0x0000000782d00000| Untracked 
|  46|0x0000000782e00000, 0x0000000782e00000, 0x0000000782f00000|  0%| F|  |TAMS 0x0000000782e00000, 0x0000000782e00000| Untracked 
|  47|0x0000000782f00000, 0x0000000782f00000, 0x0000000783000000|  0%| F|  |TAMS 0x0000000782f00000, 0x0000000782f00000| Untracked 
|  48|0x0000000783000000, 0x0000000783000000, 0x0000000783100000|  0%| F|  |TAMS 0x0000000783000000, 0x0000000783000000| Untracked 
|  49|0x0000000783100000, 0x0000000783100000, 0x0000000783200000|  0%| F|  |TAMS 0x0000000783100000, 0x0000000783100000| Untracked 
|  50|0x0000000783200000, 0x0000000783200000, 0x0000000783300000|  0%| F|  |TAMS 0x0000000783200000, 0x0000000783200000| Untracked 
|  51|0x0000000783300000, 0x0000000783300000, 0x0000000783400000|  0%| F|  |TAMS 0x0000000783300000, 0x0000000783300000| Untracked 
|  52|0x0000000783400000, 0x0000000783400000, 0x0000000783500000|  0%| F|  |TAMS 0x0000000783400000, 0x0000000783400000| Untracked 
|  53|0x0000000783500000, 0x0000000783500000, 0x0000000783600000|  0%| F|  |TAMS 0x0000000783500000, 0x0000000783500000| Untracked 
|  54|0x0000000783600000, 0x0000000783600000, 0x0000000783700000|  0%| F|  |TAMS 0x0000000783600000, 0x0000000783600000| Untracked 
|  55|0x0000000783700000, 0x0000000783700000, 0x0000000783800000|  0%| F|  |TAMS 0x0000000783700000, 0x0000000783700000| Untracked 
|  56|0x0000000783800000, 0x0000000783800000, 0x0000000783900000|  0%| F|  |TAMS 0x0000000783800000, 0x0000000783800000| Untracked 
|  57|0x0000000783900000, 0x0000000783900000, 0x0000000783a00000|  0%| F|  |TAMS 0x0000000783900000, 0x0000000783900000| Untracked 
|  58|0x0000000783a00000, 0x0000000783a00000, 0x0000000783b00000|  0%| F|  |TAMS 0x0000000783a00000, 0x0000000783a00000| Untracked 
|  59|0x0000000783b00000, 0x0000000783b00000, 0x0000000783c00000|  0%| F|  |TAMS 0x0000000783b00000, 0x0000000783b00000| Untracked 
|  60|0x0000000783c00000, 0x0000000783c00000, 0x0000000783d00000|  0%| F|  |TAMS 0x0000000783c00000, 0x0000000783c00000| Untracked 
|  61|0x0000000783d00000, 0x0000000783d00000, 0x0000000783e00000|  0%| F|  |TAMS 0x0000000783d00000, 0x0000000783d00000| Untracked 
|  62|0x0000000783e00000, 0x0000000783e00000, 0x0000000783f00000|  0%| F|  |TAMS 0x0000000783e00000, 0x0000000783e00000| Untracked 
|  63|0x0000000783f00000, 0x0000000783f00000, 0x0000000784000000|  0%| F|  |TAMS 0x0000000783f00000, 0x0000000783f00000| Untracked 
|  64|0x0000000784000000, 0x0000000784000000, 0x0000000784100000|  0%| F|  |TAMS 0x0000000784000000, 0x0000000784000000| Untracked 
|  65|0x0000000784100000, 0x0000000784100000, 0x0000000784200000|  0%| F|  |TAMS 0x0000000784100000, 0x0000000784100000| Untracked 
|  66|0x0000000784200000, 0x0000000784200000, 0x0000000784300000|  0%| F|  |TAMS 0x0000000784200000, 0x0000000784200000| Untracked 
|  67|0x0000000784300000, 0x0000000784300000, 0x0000000784400000|  0%| F|  |TAMS 0x0000000784300000, 0x0000000784300000| Untracked 
|  68|0x0000000784400000, 0x0000000784400000, 0x0000000784500000|  0%| F|  |TAMS 0x0000000784400000, 0x0000000784400000| Untracked 
|  69|0x0000000784500000, 0x0000000784500000, 0x0000000784600000|  0%| F|  |TAMS 0x0000000784500000, 0x0000000784500000| Untracked 
|  70|0x0000000784600000, 0x0000000784600000, 0x0000000784700000|  0%| F|  |TAMS 0x0000000784600000, 0x0000000784600000| Untracked 
|  71|0x0000000784700000, 0x0000000784700000, 0x0000000784800000|  0%| F|  |TAMS 0x0000000784700000, 0x0000000784700000| Untracked 
|  72|0x0000000784800000, 0x0000000784800000, 0x0000000784900000|  0%| F|  |TAMS 0x0000000784800000, 0x0000000784800000| Untracked 
|  73|0x0000000784900000, 0x0000000784900000, 0x0000000784a00000|  0%| F|  |TAMS 0x0000000784900000, 0x0000000784900000| Untracked 
|  74|0x0000000784a00000, 0x0000000784a00000, 0x0000000784b00000|  0%| F|  |TAMS 0x0000000784a00000, 0x0000000784a00000| Untracked 
|  75|0x0000000784b00000, 0x0000000784b00000, 0x0000000784c00000|  0%| F|  |TAMS 0x0000000784b00000, 0x0000000784b00000| Untracked 
|  76|0x0000000784c00000, 0x0000000784c00000, 0x0000000784d00000|  0%| F|  |TAMS 0x0000000784c00000, 0x0000000784c00000| Untracked 
|  77|0x0000000784d00000, 0x0000000784d00000, 0x0000000784e00000|  0%| F|  |TAMS 0x0000000784d00000, 0x0000000784d00000| Untracked 
|  78|0x0000000784e00000, 0x0000000784e00000, 0x0000000784f00000|  0%| F|  |TAMS 0x0000000784e00000, 0x0000000784e00000| Untracked 
|  79|0x0000000784f00000, 0x0000000784f00000, 0x0000000785000000|  0%| F|  |TAMS 0x0000000784f00000, 0x0000000784f00000| Untracked 
|  80|0x0000000785000000, 0x0000000785000000, 0x0000000785100000|  0%| F|  |TAMS 0x0000000785000000, 0x0000000785000000| Untracked 
|  81|0x0000000785100000, 0x0000000785100000, 0x0000000785200000|  0%| F|  |TAMS 0x0000000785100000, 0x0000000785100000| Untracked 
|  82|0x0000000785200000, 0x0000000785200000, 0x0000000785300000|  0%| F|  |TAMS 0x0000000785200000, 0x0000000785200000| Untracked 
|  83|0x0000000785300000, 0x0000000785300000, 0x0000000785400000|  0%| F|  |TAMS 0x0000000785300000, 0x0000000785300000| Untracked 
|  84|0x0000000785400000, 0x0000000785400000, 0x0000000785500000|  0%| F|  |TAMS 0x0000000785400000, 0x0000000785400000| Untracked 
|  85|0x0000000785500000, 0x0000000785500000, 0x0000000785600000|  0%| F|  |TAMS 0x0000000785500000, 0x0000000785500000| Untracked 
|  86|0x0000000785600000, 0x0000000785600000, 0x0000000785700000|  0%| F|  |TAMS 0x0000000785600000, 0x0000000785600000| Untracked 
|  87|0x0000000785700000, 0x0000000785700000, 0x0000000785800000|  0%| F|  |TAMS 0x0000000785700000, 0x0000000785700000| Untracked 
|  88|0x0000000785800000, 0x0000000785800000, 0x0000000785900000|  0%| F|  |TAMS 0x0000000785800000, 0x0000000785800000| Untracked 
|  89|0x0000000785900000, 0x0000000785900000, 0x0000000785a00000|  0%| F|  |TAMS 0x0000000785900000, 0x0000000785900000| Untracked 
|  90|0x0000000785a00000, 0x0000000785a00000, 0x0000000785b00000|  0%| F|  |TAMS 0x0000000785a00000, 0x0000000785a00000| Untracked 
|  91|0x0000000785b00000, 0x0000000785b00000, 0x0000000785c00000|  0%| F|  |TAMS 0x0000000785b00000, 0x0000000785b00000| Untracked 
|  92|0x0000000785c00000, 0x0000000785c00000, 0x0000000785d00000|  0%| F|  |TAMS 0x0000000785c00000, 0x0000000785c00000| Untracked 
|  93|0x0000000785d00000, 0x0000000785d00000, 0x0000000785e00000|  0%| F|  |TAMS 0x0000000785d00000, 0x0000000785d00000| Untracked 
|  94|0x0000000785e00000, 0x0000000785e00000, 0x0000000785f00000|  0%| F|  |TAMS 0x0000000785e00000, 0x0000000785e00000| Untracked 
|  95|0x0000000785f00000, 0x0000000785f00000, 0x0000000786000000|  0%| F|  |TAMS 0x0000000785f00000, 0x0000000785f00000| Untracked 
|  96|0x0000000786000000, 0x0000000786000000, 0x0000000786100000|  0%| F|  |TAMS 0x0000000786000000, 0x0000000786000000| Untracked 
|  97|0x0000000786100000, 0x0000000786100000, 0x0000000786200000|  0%| F|  |TAMS 0x0000000786100000, 0x0000000786100000| Untracked 
|  98|0x0000000786200000, 0x0000000786200000, 0x0000000786300000|  0%| F|  |TAMS 0x0000000786200000, 0x0000000786200000| Untracked 
|  99|0x0000000786300000, 0x0000000786300000, 0x0000000786400000|  0%| F|  |TAMS 0x0000000786300000, 0x0000000786300000| Untracked 
| 100|0x0000000786400000, 0x0000000786400000, 0x0000000786500000|  0%| F|  |TAMS 0x0000000786400000, 0x0000000786400000| Untracked 
| 101|0x0000000786500000, 0x0000000786500000, 0x0000000786600000|  0%| F|  |TAMS 0x0000000786500000, 0x0000000786500000| Untracked 
| 102|0x0000000786600000, 0x0000000786600000, 0x0000000786700000|  0%| F|  |TAMS 0x0000000786600000, 0x0000000786600000| Untracked 
| 103|0x0000000786700000, 0x0000000786700000, 0x0000000786800000|  0%| F|  |TAMS 0x0000000786700000, 0x0000000786700000| Untracked 
| 104|0x0000000786800000, 0x0000000786800000, 0x0000000786900000|  0%| F|  |TAMS 0x0000000786800000, 0x0000000786800000| Untracked 
| 105|0x0000000786900000, 0x0000000786900000, 0x0000000786a00000|  0%| F|  |TAMS 0x0000000786900000, 0x0000000786900000| Untracked 
| 106|0x0000000786a00000, 0x0000000786a00000, 0x0000000786b00000|  0%| F|  |TAMS 0x0000000786a00000, 0x0000000786a00000| Untracked 
| 107|0x0000000786b00000, 0x0000000786b00000, 0x0000000786c00000|  0%| F|  |TAMS 0x0000000786b00000, 0x0000000786b00000| Untracked 
| 108|0x0000000786c00000, 0x0000000786c00000, 0x0000000786d00000|  0%| F|  |TAMS 0x0000000786c00000, 0x0000000786c00000| Untracked 
| 109|0x0000000786d00000, 0x0000000786d00000, 0x0000000786e00000|  0%| F|  |TAMS 0x0000000786d00000, 0x0000000786d00000| Untracked 
| 110|0x0000000786e00000, 0x0000000786e00000, 0x0000000786f00000|  0%| F|  |TAMS 0x0000000786e00000, 0x0000000786e00000| Untracked 
| 111|0x0000000786f00000, 0x0000000786f00000, 0x0000000787000000|  0%| F|  |TAMS 0x0000000786f00000, 0x0000000786f00000| Untracked 
| 112|0x0000000787000000, 0x0000000787000000, 0x0000000787100000|  0%| F|  |TAMS 0x0000000787000000, 0x0000000787000000| Untracked 
| 113|0x0000000787100000, 0x0000000787100000, 0x0000000787200000|  0%| F|  |TAMS 0x0000000787100000, 0x0000000787100000| Untracked 
| 114|0x0000000787200000, 0x0000000787200000, 0x0000000787300000|  0%| F|  |TAMS 0x0000000787200000, 0x0000000787200000| Untracked 
| 115|0x0000000787300000, 0x00000007873d1af8, 0x0000000787400000| 81%| E|  |TAMS 0x0000000787300000, 0x0000000787300000| Complete 
| 116|0x0000000787400000, 0x0000000787500000, 0x0000000787500000|100%| E|CS|TAMS 0x0000000787400000, 0x0000000787400000| Complete 
| 117|0x0000000787500000, 0x0000000787600000, 0x0000000787600000|100%| E|CS|TAMS 0x0000000787500000, 0x0000000787500000| Complete 
| 118|0x0000000787600000, 0x0000000787700000, 0x0000000787700000|100%| E|CS|TAMS 0x0000000787600000, 0x0000000787600000| Complete 
| 119|0x0000000787700000, 0x0000000787800000, 0x0000000787800000|100%| E|CS|TAMS 0x0000000787700000, 0x0000000787700000| Complete 
| 120|0x0000000787800000, 0x0000000787900000, 0x0000000787900000|100%| E|CS|TAMS 0x0000000787800000, 0x0000000787800000| Complete 
| 121|0x0000000787900000, 0x0000000787a00000, 0x0000000787a00000|100%| E|CS|TAMS 0x0000000787900000, 0x0000000787900000| Complete 
| 122|0x0000000787a00000, 0x0000000787b00000, 0x0000000787b00000|100%| E|CS|TAMS 0x0000000787a00000, 0x0000000787a00000| Complete 
| 123|0x0000000787b00000, 0x0000000787c00000, 0x0000000787c00000|100%| E|CS|TAMS 0x0000000787b00000, 0x0000000787b00000| Complete 
| 124|0x0000000787c00000, 0x0000000787d00000, 0x0000000787d00000|100%| E|CS|TAMS 0x0000000787c00000, 0x0000000787c00000| Complete 
| 125|0x0000000787d00000, 0x0000000787e00000, 0x0000000787e00000|100%| E|CS|TAMS 0x0000000787d00000, 0x0000000787d00000| Complete 
| 126|0x0000000787e00000, 0x0000000787f00000, 0x0000000787f00000|100%| E|CS|TAMS 0x0000000787e00000, 0x0000000787e00000| Complete 
| 127|0x0000000787f00000, 0x0000000788000000, 0x0000000788000000|100%| E|CS|TAMS 0x0000000787f00000, 0x0000000787f00000| Complete 
|2046|0x00000007ffe00000, 0x00000007ffe76000, 0x00000007fff00000| 46%|OA|  |TAMS 0x00000007ffe00000, 0x00000007ffe00000| Untracked 
|2047|0x00000007fff00000, 0x00000007fff7f000, 0x0000000800000000| 49%|CA|  |TAMS 0x00000007fff00000, 0x00000007fff00000| Untracked 

Card table byte_map: [0x000000010420f000,0x000000010460f000] _byte_map_base: 0x000000010060f000

Marking Bits (Prev, Next): (CMBitMap*) 0x00007fd40c808210, (CMBitMap*) 0x00007fd40c808250
 Prev Bits: [0x0000000105be4000, 0x0000000107be4000)
 Next Bits: [0x0000000107be4000, 0x0000000109be4000)

Polling page: 0x0000000103b33000

Metaspace:

Usage:
  Non-class:      1.50 MB used.
      Class:    181.65 KB used.
       Both:      1.67 MB used.

Virtual space:
  Non-class space:        8.00 MB reserved,       1.56 MB ( 20%) committed,  1 nodes.
      Class space:        1.00 GB reserved,     256.00 KB ( <1%) committed,  1 nodes.
             Both:        1.01 GB reserved,       1.81 MB ( <1%) committed. 

Chunk freelists:
   Non-Class:  3.60 MB
       Class:  3.67 MB
        Both:  7.27 MB

MaxMetaspaceSize: unlimited
CompressedClassSpaceSize: 1.00 GB
Initial GC threshold: 21.00 MB
Current GC threshold: 21.00 MB
CDS: on
MetaspaceReclaimPolicy: balanced
 - commit_granule_bytes: 65536.
 - commit_granule_words: 8192.
 - virtual_space_node_default_size: 1048576.
 - enlarge_chunks_in_place: 1.
 - new_chunks_are_fully_committed: 0.
 - uncommit_free_chunks: 1.
 - use_allocation_guard: 0.
 - handle_deallocations: 1.


Internal statistics:

num_allocs_failed_limit: 0.
num_arena_births: 24.
num_arena_deaths: 0.
num_vsnodes_births: 2.
num_vsnodes_deaths: 0.
num_space_committed: 29.
num_space_uncommitted: 0.
num_chunks_returned_to_freelist: 0.
num_chunks_taken_from_freelist: 53.
num_chunk_merges: 0.
num_chunk_splits: 33.
num_chunks_enlarged: 22.
num_purges: 0.
num_inconsistent_stats: 0.

CodeHeap 'non-profiled nmethods': size=120032Kb used=121Kb max_used=121Kb free=119910Kb
 bounds [0x000000011bf49000, 0x000000011c1b9000, 0x0000000123481000]
CodeHeap 'profiled nmethods': size=120028Kb used=627Kb max_used=627Kb free=119400Kb
 bounds [0x0000000114481000, 0x00000001146f1000, 0x000000011b9b8000]
CodeHeap 'non-nmethods': size=5700Kb used=1122Kb max_used=1122Kb free=4577Kb
 bounds [0x000000011b9b8000, 0x000000011bc28000, 0x000000011bf49000]
 total_blobs=912 nmethods=503 adapters=323
 compilation: enabled
              stopped_count=0, restarted_count=0
 full_count=0

Compilation events (20 events):
Event: 0.895 Thread 0x00007fd40a82a800  474       1       java.net.URL::getHost (5 bytes)
Event: 0.895 Thread 0x00007fd40a82a800 nmethod 474 0x000000011bf62e90 code [0x000000011bf63020, 0x000000011bf630f0]
Event: 0.896 Thread 0x00007fd40a82a800  475       2       java.util.zip.ZipFile$Source::getEntryNext (9 bytes)
Event: 0.896 Thread 0x00007fd40a82a800 nmethod 475 0x0000000114513b10 code [0x0000000114513ca0, 0x0000000114513dd0]
Event: 0.897 Thread 0x00007fd40a82a800  476       2       java.lang.Float::isNaN (12 bytes)
Event: 0.898 Thread 0x00007fd40a82a800 nmethod 476 0x0000000114513e90 code [0x0000000114514020, 0x0000000114514130]
Event: 0.898 Thread 0x00007fd40a82a800  477       2       java.util.Set::copyOf (27 bytes)
Event: 0.898 Thread 0x00007fd40a82a800 nmethod 477 0x0000000114514190 code [0x0000000114514360, 0x0000000114514680]
Event: 0.899 Thread 0x00007fd40a82a800  480       2       java.lang.invoke.MemberName::flagsMods (73 bytes)
Event: 0.900 Thread 0x00007fd40a82a800 nmethod 480 0x0000000114514810 code [0x00000001145149a0, 0x0000000114514a90]
Event: 0.900 Thread 0x00007fd40a82a800  479       1       java.lang.module.ModuleDescriptor::isOpen (5 bytes)
Event: 0.900 Thread 0x00007fd40a82a800 nmethod 479 0x000000011bf63190 code [0x000000011bf63320, 0x000000011bf633f0]
Event: 0.901 Thread 0x00007fd40a82a800  482       2       java.lang.PublicMethods$Key::matches (31 bytes)
Event: 0.902 Thread 0x00007fd40a82a800 nmethod 482 0x0000000114514b10 code [0x0000000114514cc0, 0x0000000114514e90]
Event: 0.902 Thread 0x00007fd40a82a800  481       1       java.lang.reflect.Method::getName (5 bytes)
Event: 0.904 Thread 0x00007fd40a82a800 nmethod 481 0x000000011bf63a90 code [0x000000011bf63c20, 0x000000011bf63cf0]
Event: 0.904 Thread 0x00007fd40a82a800  486       2       jdk.internal.org.objectweb.asm.SymbolTable::addConstantUtf8Reference (101 bytes)
Event: 0.905 Thread 0x00007fd40a82a800 nmethod 486 0x0000000114515010 code [0x0000000114515200, 0x00000001145155d0]
Event: 0.905 Thread 0x00007fd40a82a800  485       2       jdk.internal.org.objectweb.asm.SymbolTable::addConstantClass (8 bytes)
Event: 0.905 Thread 0x00007fd40a82a800 nmethod 485 0x0000000114515890 code [0x0000000114515a40, 0x0000000114515b60]

GC Heap History (0 events):
No events

Deoptimization events (10 events):
Event: 0.380 Thread 0x00007fd40c008e00 DEOPT PACKING pc=0x00000001144aa7d5 sp=0x000070000f3af790
Event: 0.380 Thread 0x00007fd40c008e00 DEOPT UNPACKING pc=0x000000011ba0a82f sp=0x000070000f3aec50 mode 0
Event: 0.380 Thread 0x00007fd40c008e00 DEOPT PACKING pc=0x00000001144aa7d5 sp=0x000070000f3af790
Event: 0.380 Thread 0x00007fd40c008e00 DEOPT UNPACKING pc=0x000000011ba0a82f sp=0x000070000f3aec50 mode 0
Event: 0.861 Thread 0x00007fd40c008e00 Uncommon trap: trap_request=0xffffff45 fr.pc=0x000000011bf58408 relative=0x00000000000001e8
Event: 0.861 Thread 0x00007fd40c008e00 Uncommon trap: reason=unstable_if action=reinterpret pc=0x000000011bf58408 method=java.lang.String.startsWith(Ljava/lang/String;I)Z @ 1 c2
Event: 0.861 Thread 0x00007fd40c008e00 DEOPT PACKING pc=0x000000011bf58408 sp=0x000070000f3afa70
Event: 0.861 Thread 0x00007fd40c008e00 DEOPT UNPACKING pc=0x000000011ba0a099 sp=0x000070000f3af9f8 mode 2
Event: 0.872 Thread 0x00007fd40c008e00 DEOPT PACKING pc=0x00000001144bc4de sp=0x000070000f3af850
Event: 0.872 Thread 0x00007fd40c008e00 DEOPT UNPACKING pc=0x000000011ba0a82f sp=0x000070000f3aed00 mode 0

Classes unloaded (0 events):
No events

Classes redefined (0 events):
No events

Internal exceptions (9 events):
Event: 0.530 Thread 0x00007fd40c008e00 Exception <a 'java/lang/NoSuchMethodError'{0x0000000787ac6468}: 'void java.lang.invoke.DirectMethodHandle$Holder.invokeSpecial(java.lang.Object, java.lang.Object, java.lang.Object)'> (0x0000000787ac6468) 
thrown [open/src/hotspot/share/interpreter/linkResolver.cpp, line 759]
Event: 0.574 Thread 0x00007fd40c008e00 Exception <a 'java/lang/NoSuchMethodError'{0x0000000787ae4b28}: 'void java.lang.invoke.DirectMethodHandle$Holder.invokeVirtual(java.lang.Object, java.lang.Object)'> (0x0000000787ae4b28) 
thrown [open/src/hotspot/share/interpreter/linkResolver.cpp, line 759]
Event: 0.756 Thread 0x00007fd40c008e00 Exception <a 'java/lang/NoSuchMethodError'{0x00000007877ebfa8}: 'void java.lang.invoke.DirectMethodHandle$Holder.invokeSpecial(java.lang.Object, java.lang.Object, java.lang.Object, java.lang.Object, java.lang.Object)'> (0x00000007877ebfa8) 
thrown [open/src/hotspot/share/interpreter/linkResolver.cpp, line 759]
Event: 0.767 Thread 0x00007fd40c008e00 Exception <a 'java/lang/NoSuchMethodError'{0x0000000787600eb0}: 'java.lang.Object java.lang.invoke.DirectMethodHandle$Holder.invokeInterface(java.lang.Object, java.lang.Object)'> (0x0000000787600eb0) 
thrown [open/src/hotspot/share/interpreter/linkResolver.cpp, line 759]
Event: 0.768 Thread 0x00007fd40c008e00 Exception <a 'java/lang/IncompatibleClassChangeError'{0x0000000787604528}: Found class java.lang.Object, but interface was expected> (0x0000000787604528) 
thrown [open/src/hotspot/share/interpreter/linkResolver.cpp, line 826]
Event: 0.769 Thread 0x00007fd40c008e00 Exception <a 'java/lang/NoSuchMethodError'{0x00000007876072f0}: 'void java.lang.invoke.DirectMethodHandle$Holder.invokeStatic(java.lang.Object, java.lang.Object, java.lang.Object, java.lang.Object)'> (0x00000007876072f0) 
thrown [open/src/hotspot/share/interpreter/linkResolver.cpp, line 759]
Event: 0.889 Thread 0x00007fd40a82a200 Exception <a 'java/lang/NoSuchMethodError'{0x00000007875e3150}: 'java.lang.Object java.lang.invoke.DirectMethodHandle$Holder.invokeStaticInit(java.lang.Object)'> (0x00000007875e3150) 
thrown [open/src/hotspot/share/interpreter/linkResolver.cpp, line 759]
Event: 0.897 Thread 0x00007fd40a82a200 Exception <a 'java/lang/ClassNotFoundException'{0x00000007875ee040}: jdk/net/ExtendedSocketOptions> (0x00000007875ee040) 
thrown [open/src/hotspot/share/classfile/systemDictionary.cpp, line 256]
Event: 0.902 Thread 0x00007fd40c008e00 Exception <a 'java/lang/NoSuchMethodError'{0x000000078745c248}: 'void java.lang.invoke.DirectMethodHandle$Holder.invokeStatic(java.lang.Object, java.lang.Object)'> (0x000000078745c248) 
thrown [open/src/hotspot/share/interpreter/linkResolver.cpp, line 759]

VM Operations (4 events):
Event: 0.764 Executing VM operation: HandshakeAllThreads
Event: 0.764 Executing VM operation: HandshakeAllThreads done
Event: 0.886 Executing VM operation: HandshakeAllThreads
Event: 0.886 Executing VM operation: HandshakeAllThreads done

Events (20 events):
Event: 0.897 loading class java/lang/IllegalAccessException
Event: 0.897 loading class java/lang/IllegalAccessException done
Event: 0.898 loading class java/lang/IllegalStateException
Event: 0.898 loading class java/lang/IllegalStateException done
Event: 0.900 loading class java/util/concurrent/atomic/AtomicBoolean
Event: 0.900 loading class java/util/concurrent/atomic/AtomicBoolean done
Event: 0.900 loading class java/lang/reflect/TypeVariable
Event: 0.900 loading class java/lang/reflect/TypeVariable done
Event: 0.900 loading class java/lang/InstantiationException
Event: 0.901 loading class java/lang/InstantiationException done
Event: 0.901 loading class java/lang/SecurityException
Event: 0.901 loading class java/lang/SecurityException done
Event: 0.901 loading class java/lang/reflect/AnnotatedType
Event: 0.901 loading class java/lang/reflect/AnnotatedType done
Event: 0.901 loading class java/util/concurrent/CountDownLatch
Event: 0.902 loading class java/util/concurrent/CountDownLatch done
Event: 0.902 loading class java/util/concurrent/CountDownLatch$Sync
Event: 0.902 loading class java/util/concurrent/CountDownLatch$Sync done
Event: 0.904 loading class java/net/StandardProtocolFamily
Event: 0.904 loading class java/net/StandardProtocolFamily done


Dynamic libraries:
0x0000000103b35000 	/Library/Java/JavaVirtualMachines/jdk-17.jdk/Contents/Home/lib/libjli.dylib
0x00007ff80e9e1000 	/usr/lib/libz.1.dylib
0x00007ff80eac1000 	/usr/lib/libSystem.B.dylib
0x00007ff80eabc000 	/usr/lib/system/libcache.dylib
0x00007ff80ea78000 	/usr/lib/system/libcommonCrypto.dylib
0x00007ff80eaa1000 	/usr/lib/system/libcompiler_rt.dylib
0x00007ff80ea97000 	/usr/lib/system/libcopyfile.dylib
0x00007ff803a6c000 	/usr/lib/system/libcorecrypto.dylib
0x00007ff803b2a000 	/usr/lib/system/libdispatch.dylib
0x00007ff803cee000 	/usr/lib/system/libdyld.dylib
0x00007ff80eab3000 	/usr/lib/system/libkeymgr.dylib
0x00007ff80ea56000 	/usr/lib/system/libmacho.dylib
0x00007ff80e0d5000 	/usr/lib/system/libquarantine.dylib
0x00007ff80eab1000 	/usr/lib/system/libremovefile.dylib
0x00007ff808c68000 	/usr/lib/system/libsystem_asl.dylib
0x00007ff803a15000 	/usr/lib/system/libsystem_blocks.dylib
0x00007ff803bb2000 	/usr/lib/system/libsystem_c.dylib
0x00007ff80eaa9000 	/usr/lib/system/libsystem_collections.dylib
0x00007ff80d382000 	/usr/lib/system/libsystem_configuration.dylib
0x00007ff80c62e000 	/usr/lib/system/libsystem_containermanager.dylib
0x00007ff80e78f000 	/usr/lib/system/libsystem_coreservices.dylib
0x00007ff806311000 	/usr/lib/system/libsystem_darwin.dylib
0x00007ff80eab4000 	/usr/lib/system/libsystem_dnssd.dylib
0x00007ff803baf000 	/usr/lib/system/libsystem_featureflags.dylib
0x00007ff803d04000 	/usr/lib/system/libsystem_info.dylib
0x00007ff80e9f4000 	/usr/lib/system/libsystem_m.dylib
0x00007ff803afe000 	/usr/lib/system/libsystem_malloc.dylib
0x00007ff808c03000 	/usr/lib/system/libsystem_networkextension.dylib
0x00007ff806737000 	/usr/lib/system/libsystem_notify.dylib
0x00007ff814d1f000 	/usr/lib/system/libsystem_product_info_filter.dylib
0x00007ff80d386000 	/usr/lib/system/libsystem_sandbox.dylib
0x00007ff80eaae000 	/usr/lib/system/libsystem_secinit.dylib
0x00007ff803caa000 	/usr/lib/system/libsystem_kernel.dylib
0x00007ff803cfa000 	/usr/lib/system/libsystem_platform.dylib
0x00007ff803ce2000 	/usr/lib/system/libsystem_pthread.dylib
0x00007ff80a4b0000 	/usr/lib/system/libsystem_symptoms.dylib
0x00007ff803a53000 	/usr/lib/system/libsystem_trace.dylib
0x00007ff80ea84000 	/usr/lib/system/libunwind.dylib
0x00007ff803a17000 	/usr/lib/system/libxpc.dylib
0x00007ff803c94000 	/usr/lib/libc++abi.dylib
0x00007ff803b71000 	/usr/lib/libobjc.A.dylib
0x00007ff80ea8f000 	/usr/lib/liboah.dylib
0x00007ff803c3b000 	/usr/lib/libc++.1.dylib
0x00007ff81ab1c000 	/System/Library/Frameworks/Cocoa.framework/Versions/A/Cocoa
0x00007ff806795000 	/System/Library/Frameworks/AppKit.framework/Versions/C/AppKit
0x00007ff809ca0000 	/System/Library/Frameworks/CoreData.framework/Versions/A/CoreData
0x00007ff804ba1000 	/System/Library/Frameworks/Foundation.framework/Versions/C/Foundation
0x00007ff807623000 	/System/Library/PrivateFrameworks/UIFoundation.framework/Versions/A/UIFoundation
0x00007ff814a22000 	/System/Library/PrivateFrameworks/RemoteViewServices.framework/Versions/A/RemoteViewServices
0x00007ff80cd0c000 	/System/Library/PrivateFrameworks/XCTTargetBootstrap.framework/Versions/A/XCTTargetBootstrap
0x00007ff8108c8000 	/System/Library/PrivateFrameworks/InternationalSupport.framework/Versions/A/InternationalSupport
0x00007ff810952000 	/System/Library/PrivateFrameworks/UserActivity.framework/Versions/A/UserActivity
0x00007ff80fca8000 	/usr/lib/libspindump.dylib
0x00007ff8078b1000 	/System/Library/Frameworks/UniformTypeIdentifiers.framework/Versions/A/UniformTypeIdentifiers
0x00007ff80b435000 	/usr/lib/libapp_launch_measurement.dylib
0x00007ff80a670000 	/System/Library/PrivateFrameworks/CoreAnalytics.framework/Versions/A/CoreAnalytics
0x00007ff80b438000 	/System/Library/PrivateFrameworks/CoreAutoLayout.framework/Versions/A/CoreAutoLayout
0x00007ff80c666000 	/System/Library/Frameworks/Metal.framework/Versions/A/Metal
0x00007ff80d392000 	/usr/lib/liblangid.dylib
0x00007ff80cd11000 	/System/Library/PrivateFrameworks/CoreSVG.framework/Versions/A/CoreSVG
0x00007ff808c98000 	/System/Library/PrivateFrameworks/SkyLight.framework/Versions/A/SkyLight
0x00007ff809036000 	/System/Library/Frameworks/CoreGraphics.framework/Versions/A/CoreGraphics
0x00007ff8150e2000 	/System/Library/Frameworks/Accelerate.framework/Versions/A/Accelerate
0x00007ff80f727000 	/System/Library/PrivateFrameworks/IconServices.framework/Versions/A/IconServices
0x00007ff80c64b000 	/System/Library/Frameworks/IOSurface.framework/Versions/A/IOSurface
0x00007ff80a69e000 	/usr/lib/libDiagnosticMessagesClient.dylib
0x00007ff8187c5000 	/System/Library/Frameworks/ApplicationServices.framework/Versions/A/ApplicationServices
0x00007ff80ccf8000 	/System/Library/PrivateFrameworks/DFRFoundation.framework/Versions/A/DFRFoundation
0x00007ff80607d000 	/usr/lib/libicucore.A.dylib
0x00007ff8116bd000 	/System/Library/Frameworks/AudioToolbox.framework/Versions/A/AudioToolbox
0x00007ff8108d4000 	/System/Library/PrivateFrameworks/DataDetectorsCore.framework/Versions/A/DataDetectorsCore
0x00007ff90c861000 	/System/Library/PrivateFrameworks/TextInput.framework/Versions/A/TextInput
0x00007ff808c1b000 	/usr/lib/libMobileGestalt.dylib
0x00007ff80ca04000 	/System/Library/Frameworks/Carbon.framework/Versions/A/Frameworks/HIToolbox.framework/Versions/A/HIToolbox
0x00007ff80ae3b000 	/System/Library/Frameworks/QuartzCore.framework/Versions/A/QuartzCore
0x00007ff805d24000 	/System/Library/Frameworks/Security.framework/Versions/A/Security
0x00007ff814a5a000 	/System/Library/Frameworks/Carbon.framework/Versions/A/Frameworks/SpeechRecognition.framework/Versions/A/SpeechRecognition
0x00007ff80b195000 	/System/Library/PrivateFrameworks/CoreUI.framework/Versions/A/CoreUI
0x00007ff8055f0000 	/System/Library/Frameworks/CoreAudio.framework/Versions/A/CoreAudio
0x00007ff80a78d000 	/System/Library/Frameworks/DiskArbitration.framework/Versions/A/DiskArbitration
0x00007ff810096000 	/System/Library/PrivateFrameworks/MultitouchSupport.framework/Versions/A/MultitouchSupport
0x00007ff808c1a000 	/usr/lib/libenergytrace.dylib
0x00007ff806681000 	/System/Library/Frameworks/IOKit.framework/Versions/A/IOKit
0x00007ff814e4a000 	/System/Library/Frameworks/CoreServices.framework/Versions/A/CoreServices
0x00007ff80b3cf000 	/System/Library/PrivateFrameworks/PerformanceAnalysis.framework/Versions/A/PerformanceAnalysis
0x00007ffa1bd85000 	/System/Library/Frameworks/OpenGL.framework/Versions/A/OpenGL
0x00007ff80dffb000 	/System/Library/PrivateFrameworks/MobileKeyBag.framework/Versions/A/MobileKeyBag
0x00007ff809701000 	/System/Library/Frameworks/ColorSync.framework/Versions/A/ColorSync
0x00007ff803d2f000 	/System/Library/Frameworks/CoreFoundation.framework/Versions/A/CoreFoundation
0x00007ff80cf88000 	/System/Library/Frameworks/CoreImage.framework/Versions/A/CoreImage
0x00007ff805408000 	/System/Library/Frameworks/CoreText.framework/Versions/A/CoreText
0x00007ff80cd41000 	/System/Library/Frameworks/ImageIO.framework/Versions/A/ImageIO
0x00007ff80eac7000 	/System/Library/PrivateFrameworks/SoftLinking.framework/Versions/A/SoftLinking
0x00007ff80b480000 	/usr/lib/libxml2.2.dylib
0x00007ff80ed4b000 	/usr/lib/libcompression.dylib
0x00007ff8107fb000 	/System/Library/PrivateFrameworks/TextureIO.framework/Versions/A/TextureIO
0x00007ff80f439000 	/usr/lib/libate.dylib
0x00007ff80f215000 	/usr/lib/liblzma.5.dylib
0x00007ff8048b4000 	/System/Library/Frameworks/SystemConfiguration.framework/Versions/A/SystemConfiguration
0x00007ff80eac3000 	/usr/lib/libfakelink.dylib
0x00007ff808774000 	/System/Library/Frameworks/CFNetwork.framework/Versions/A/CFNetwork
0x00007ff80ec04000 	/usr/lib/libarchive.2.dylib
0x00007ff80d38e000 	/System/Library/PrivateFrameworks/AppleSystemInfo.framework/Versions/A/AppleSystemInfo
0x00007ff80e0fc000 	/usr/lib/libbsm.0.dylib
0x00007ff807d87000 	/usr/lib/libnetwork.dylib
0x00007ff80ea5c000 	/usr/lib/system/libkxld.dylib
0x00007ff80dd28000 	/System/Library/PrivateFrameworks/IOMobileFramebuffer.framework/Versions/A/IOMobileFramebuffer
0x00007ffb1b28c000 	/usr/lib/libCoreEntitlements.dylib
0x00007ff80e771000 	/System/Library/PrivateFrameworks/AppleFSCompression.framework/Versions/A/AppleFSCompression
0x00007ff80e0e4000 	/usr/lib/libcoretls.dylib
0x00007ff80f22f000 	/usr/lib/libcoretls_cfhelpers.dylib
0x00007ff80ed46000 	/usr/lib/libpam.2.dylib
0x00007ff80a0d0000 	/usr/lib/libsqlite3.dylib
0x00007ff80f29e000 	/usr/lib/libxar.1.dylib
0x00007ff80e781000 	/usr/lib/libbz2.1.0.dylib
0x00007ff80eac8000 	/usr/lib/libpcap.A.dylib
0x00007ff80a4a8000 	/usr/lib/libdns_services.dylib
0x00007ff80ed16000 	/usr/lib/libapple_nghttp2.dylib
0x00007ff80eb02000 	/usr/lib/libiconv.2.dylib
0x00007ff80ea55000 	/usr/lib/libcharset.1.dylib
0x00007ff80b403000 	/System/Library/Frameworks/CoreServices.framework/Versions/A/Frameworks/FSEvents.framework/Versions/A/FSEvents
0x00007ff80631b000 	/System/Library/Frameworks/CoreServices.framework/Versions/A/Frameworks/CarbonCore.framework/Versions/A/CarbonCore
0x00007ff80a6f1000 	/System/Library/Frameworks/CoreServices.framework/Versions/A/Frameworks/Metadata.framework/Versions/A/Metadata
0x00007ff80e794000 	/System/Library/Frameworks/CoreServices.framework/Versions/A/Frameworks/OSServices.framework/Versions/A/OSServices
0x00007ff80ec8b000 	/System/Library/Frameworks/CoreServices.framework/Versions/A/Frameworks/SearchKit.framework/Versions/A/SearchKit
0x00007ff80a43b000 	/System/Library/Frameworks/CoreServices.framework/Versions/A/Frameworks/AE.framework/Versions/A/AE
0x00007ff804231000 	/System/Library/Frameworks/CoreServices.framework/Versions/A/Frameworks/LaunchServices.framework/Versions/A/LaunchServices
0x00007ff80f1c6000 	/System/Library/Frameworks/CoreServices.framework/Versions/A/Frameworks/DictionaryServices.framework/Versions/A/DictionaryServices
0x00007ff80b410000 	/System/Library/Frameworks/CoreServices.framework/Versions/A/Frameworks/SharedFileList.framework/Versions/A/SharedFileList
0x00007ff80e0d8000 	/usr/lib/libCheckFix.dylib
0x00007ff808c7f000 	/System/Library/PrivateFrameworks/TCC.framework/Versions/A/TCC
0x00007ff80d394000 	/System/Library/PrivateFrameworks/CoreNLP.framework/Versions/A/CoreNLP
0x00007ff80a6a1000 	/System/Library/PrivateFrameworks/MetadataUtilities.framework/Versions/A/MetadataUtilities
0x00007ff804964000 	/usr/lib/libmecabra.dylib
0x00007ff80e10c000 	/usr/lib/libmecab.dylib
0x00007ff80492f000 	/usr/lib/libCRFSuite.dylib
0x00007ff80e166000 	/usr/lib/libgermantok.dylib
0x00007ff80ecf1000 	/usr/lib/libThaiTokenizer.dylib
0x00007ff80a794000 	/System/Library/Frameworks/Accelerate.framework/Versions/A/Frameworks/vImage.framework/Versions/A/vImage
0x00007ff814e21000 	/System/Library/Frameworks/Accelerate.framework/Versions/A/Frameworks/vecLib.framework/Versions/A/vecLib
0x00007ff80f2df000 	/System/Library/Frameworks/Accelerate.framework/Versions/A/Frameworks/vecLib.framework/Versions/A/libvMisc.dylib
0x00007ff80db53000 	/System/Library/Frameworks/Accelerate.framework/Versions/A/Frameworks/vecLib.framework/Versions/A/libvDSP.dylib
0x00007ff8045ab000 	/System/Library/Frameworks/Accelerate.framework/Versions/A/Frameworks/vecLib.framework/Versions/A/libBLAS.dylib
0x00007ff80ee28000 	/System/Library/Frameworks/Accelerate.framework/Versions/A/Frameworks/vecLib.framework/Versions/A/libLAPACK.dylib
0x00007ff80e169000 	/System/Library/Frameworks/Accelerate.framework/Versions/A/Frameworks/vecLib.framework/Versions/A/libLinearAlgebra.dylib
0x00007ff80ed2e000 	/System/Library/Frameworks/Accelerate.framework/Versions/A/Frameworks/vecLib.framework/Versions/A/libSparseBLAS.dylib
0x00007ff80ee22000 	/System/Library/Frameworks/Accelerate.framework/Versions/A/Frameworks/vecLib.framework/Versions/A/libQuadrature.dylib
0x00007ff80d47f000 	/System/Library/Frameworks/Accelerate.framework/Versions/A/Frameworks/vecLib.framework/Versions/A/libBNNS.dylib
0x00007ff804845000 	/System/Library/Frameworks/Accelerate.framework/Versions/A/Frameworks/vecLib.framework/Versions/A/libSparse.dylib
0x00007ff80d478000 	/System/Library/PrivateFrameworks/LinguisticData.framework/Versions/A/LinguisticData
0x00007ff8047fb000 	/System/Library/PrivateFrameworks/Lexicon.framework/Versions/A/Lexicon
0x00007ff80f2d8000 	/usr/lib/libChineseTokenizer.dylib
0x00007ff804f5d000 	/System/Library/PrivateFrameworks/LanguageModeling.framework/Versions/A/LanguageModeling
0x00007ff80ecf3000 	/System/Library/PrivateFrameworks/AppleSauce.framework/Versions/A/AppleSauce
0x00007ff80dd16000 	/System/Library/PrivateFrameworks/CoreEmoji.framework/Versions/A/CoreEmoji
0x00007ff80ebf3000 	/usr/lib/libcmph.dylib
0x00007ff80b3e7000 	/System/Library/Frameworks/OpenDirectory.framework/Versions/A/Frameworks/CFOpenDirectory.framework/Versions/A/CFOpenDirectory
0x00007ff80b3db000 	/System/Library/Frameworks/OpenDirectory.framework/Versions/A/OpenDirectory
0x00007ff80f231000 	/System/Library/PrivateFrameworks/APFS.framework/Versions/A/APFS
0x00007ff80e033000 	/System/Library/Frameworks/SecurityFoundation.framework/Versions/A/SecurityFoundation
0x00007ff80f2ac000 	/usr/lib/libutil.dylib
0x00007ff806645000 	/System/Library/PrivateFrameworks/CoreServicesStore.framework/Versions/A/CoreServicesStore
0x00007ff80f2b0000 	/usr/lib/libxslt.1.dylib
0x00007ff80e0c0000 	/System/Library/PrivateFrameworks/BackgroundTaskManagement.framework/Versions/A/BackgroundTaskManagement
0x00007ff81071b000 	/System/Library/Frameworks/ImageIO.framework/Versions/A/Resources/libRadiance.dylib
0x00007ff810724000 	/System/Library/Frameworks/ImageIO.framework/Versions/A/Resources/libJPEG.dylib
0x00007ff810675000 	/System/Library/Frameworks/ImageIO.framework/Versions/A/Resources/libPng.dylib
0x00007ff810696000 	/System/Library/Frameworks/ImageIO.framework/Versions/A/Resources/libTIFF.dylib
0x00007ff810784000 	/System/Library/Frameworks/ImageIO.framework/Versions/A/Resources/libGIF.dylib
0x00007ff80ffb0000 	/System/Library/Frameworks/ImageIO.framework/Versions/A/Resources/libJP2.dylib
0x00007ff80f6ee000 	/usr/lib/libexpat.1.dylib
0x00007ff80ff65000 	/System/Library/PrivateFrameworks/AppleJPEG.framework/Versions/A/AppleJPEG
0x00007ff80c8c8000 	/System/Library/PrivateFrameworks/FontServices.framework/libFontParser.dylib
0x00007ff80a3e5000 	/System/Library/PrivateFrameworks/RunningBoardServices.framework/Versions/A/RunningBoardServices
0x00007ff81b0d4000 	/System/Library/PrivateFrameworks/IOSurfaceAccelerator.framework/Versions/A/IOSurfaceAccelerator
0x00007ff810092000 	/System/Library/PrivateFrameworks/WatchdogClient.framework/Versions/A/WatchdogClient
0x00007ff80504b000 	/System/Library/Frameworks/CoreDisplay.framework/Versions/A/CoreDisplay
0x00007ff80c7c6000 	/System/Library/Frameworks/CoreMedia.framework/Versions/A/CoreMedia
0x00007ff80c65d000 	/System/Library/PrivateFrameworks/IOAccelerator.framework/Versions/A/IOAccelerator
0x00007ff80b564000 	/System/Library/Frameworks/CoreVideo.framework/Versions/A/CoreVideo
0x00007ff80ed44000 	/System/Library/Frameworks/MetalPerformanceShaders.framework/Versions/A/MetalPerformanceShaders
0x00007ff8100cf000 	/System/Library/Frameworks/VideoToolbox.framework/Versions/A/VideoToolbox
0x00007ff80a32f000 	/System/Library/PrivateFrameworks/BaseBoard.framework/Versions/A/BaseBoard
0x00007ff80a0b6000 	/System/Library/PrivateFrameworks/ProtocolBuffer.framework/Versions/A/ProtocolBuffer
0x00007ff810714000 	/System/Library/PrivateFrameworks/GPUWrangler.framework/Versions/A/GPUWrangler
0x00007ff8106f8000 	/System/Library/PrivateFrameworks/IOPresentment.framework/Versions/A/IOPresentment
0x00007ff81071e000 	/System/Library/PrivateFrameworks/DSExternalDisplay.framework/Versions/A/DSExternalDisplay
0x00007ffa1bd79000 	/System/Library/Frameworks/OpenGL.framework/Versions/A/Libraries/libCoreFSCache.dylib
0x00007ffb08a35000 	/System/Library/PrivateFrameworks/GPUCompiler.framework/Versions/31001/Libraries/libGPUCompilerUtils.dylib
0x00007ff810789000 	/System/Library/PrivateFrameworks/CMCaptureCore.framework/Versions/A/CMCaptureCore
0x00007ff80fc96000 	/System/Library/PrivateFrameworks/AppServerSupport.framework/Versions/A/AppServerSupport
0x00007ff811f55000 	/System/Library/PrivateFrameworks/perfdata.framework/Versions/A/perfdata
0x00007ff805177000 	/System/Library/PrivateFrameworks/AudioToolboxCore.framework/Versions/A/AudioToolboxCore
0x00007ff80c7a4000 	/System/Library/PrivateFrameworks/caulk.framework/Versions/A/caulk
0x00007ff811867000 	/usr/lib/libAudioStatistics.dylib
0x00007ff90900f000 	/System/Library/PrivateFrameworks/SystemPolicy.framework/Versions/A/SystemPolicy
0x00007ff811ac2000 	/usr/lib/libSMC.dylib
0x00007ff81a9cf000 	/System/Library/Frameworks/CoreMIDI.framework/Versions/A/CoreMIDI
0x00007ff810644000 	/usr/lib/libAudioToolboxUtility.dylib
0x00007ff9052b2000 	/System/Library/PrivateFrameworks/OSAServicesClient.framework/Versions/A/OSAServicesClient
0x00007ff811f62000 	/usr/lib/libperfcheck.dylib
0x00007ff909ab9000 	/usr/lib/libmis.dylib
0x00007ffa1bdd4000 	/System/Library/Frameworks/OpenGL.framework/Versions/A/Libraries/libGLU.dylib
0x00007ffa1bd98000 	/System/Library/Frameworks/OpenGL.framework/Versions/A/Libraries/libGFXShared.dylib
0x00007ffa1bfa1000 	/System/Library/Frameworks/OpenGL.framework/Versions/A/Libraries/libGL.dylib
0x00007ffa1bda1000 	/System/Library/Frameworks/OpenGL.framework/Versions/A/Libraries/libGLImage.dylib
0x00007ffa1bd95000 	/System/Library/Frameworks/OpenGL.framework/Versions/A/Libraries/libCVMSPluginSupport.dylib
0x00007ffa1bd80000 	/System/Library/Frameworks/OpenGL.framework/Versions/A/Libraries/libCoreVMClient.dylib
0x00007ff80d310000 	/System/Library/Frameworks/MetalPerformanceShaders.framework/Versions/A/Frameworks/MPSCore.framework/Versions/A/MPSCore
0x00007ff80e6dc000 	/System/Library/Frameworks/MetalPerformanceShaders.framework/Versions/A/Frameworks/MPSImage.framework/Versions/A/MPSImage
0x00007ff80e17f000 	/System/Library/Frameworks/MetalPerformanceShaders.framework/Versions/A/Frameworks/MPSNeuralNetwork.framework/Versions/A/MPSNeuralNetwork
0x00007ff80e5f3000 	/System/Library/Frameworks/MetalPerformanceShaders.framework/Versions/A/Frameworks/MPSMatrix.framework/Versions/A/MPSMatrix
0x00007ff80e3ae000 	/System/Library/Frameworks/MetalPerformanceShaders.framework/Versions/A/Frameworks/MPSRayIntersector.framework/Versions/A/MPSRayIntersector
0x00007ff80e62b000 	/System/Library/Frameworks/MetalPerformanceShaders.framework/Versions/A/Frameworks/MPSNDArray.framework/Versions/A/MPSNDArray
0x00007ffa20d01000 	/System/Library/Frameworks/MetalPerformanceShaders.framework/Versions/A/Frameworks/MPSFunctions.framework/Versions/A/MPSFunctions
0x00007ff804488000 	/System/Library/PrivateFrameworks/MetalTools.framework/Versions/A/MetalTools
0x00007ff80d38c000 	/System/Library/PrivateFrameworks/AggregateDictionary.framework/Versions/A/AggregateDictionary
0x00007ff80f4d0000 	/usr/lib/libIOReport.dylib
0x00007ffa1d3b0000 	/System/Library/Frameworks/OpenCL.framework/Versions/A/OpenCL
0x00007ff80f834000 	/System/Library/PrivateFrameworks/FaceCore.framework/Versions/A/FaceCore
0x00007ff80f825000 	/System/Library/PrivateFrameworks/GraphVisualizer.framework/Versions/A/GraphVisualizer
0x00007ffb08940000 	/System/Library/PrivateFrameworks/FontServices.framework/Versions/A/FontServices
0x00007ff80fc4e000 	/System/Library/PrivateFrameworks/OTSVG.framework/Versions/A/OTSVG
0x00007ff80b14b000 	/System/Library/Frameworks/ApplicationServices.framework/Versions/A/Frameworks/ATS.framework/Versions/A/Resources/libFontRegistry.dylib
0x00007ff80fc9e000 	/System/Library/PrivateFrameworks/FontServices.framework/libhvf.dylib
0x00007ffb08941000 	/System/Library/PrivateFrameworks/FontServices.framework/libXTFontStaticRegistryData.dylib
0x00007ff80f69e000 	/System/Library/PrivateFrameworks/AppleVA.framework/Versions/A/AppleVA
0x00007ff811887000 	/System/Library/Frameworks/ApplicationServices.framework/Versions/A/Frameworks/ATS.framework/Versions/A/ATS
0x00007ff8097fd000 	/System/Library/Frameworks/ApplicationServices.framework/Versions/A/Frameworks/HIServices.framework/Versions/A/HIServices
0x00007ff810793000 	/System/Library/Frameworks/ApplicationServices.framework/Versions/A/Frameworks/PrintCore.framework/Versions/A/PrintCore
0x00007ff811c15000 	/System/Library/Frameworks/ApplicationServices.framework/Versions/A/Frameworks/QD.framework/Versions/A/QD
0x00007ff811c0d000 	/System/Library/Frameworks/ApplicationServices.framework/Versions/A/Frameworks/ColorSyncLegacy.framework/Versions/A/ColorSyncLegacy
0x00007ff811877000 	/System/Library/Frameworks/ApplicationServices.framework/Versions/A/Frameworks/SpeechSynthesis.framework/Versions/A/SpeechSynthesis
0x00007ff810754000 	/System/Library/Frameworks/ApplicationServices.framework/Versions/A/Frameworks/ATSUI.framework/Versions/A/ATSUI
0x00007ff811ba2000 	/usr/lib/libcups.2.dylib
0x00007ff811f71000 	/System/Library/Frameworks/Kerberos.framework/Versions/A/Kerberos
0x00007ff811f80000 	/System/Library/Frameworks/GSS.framework/Versions/A/GSS
0x00007ff8118f3000 	/usr/lib/libresolv.9.dylib
0x00007ff80fcad000 	/System/Library/PrivateFrameworks/Heimdal.framework/Versions/A/Heimdal
0x00007ff818b4d000 	/System/Library/Frameworks/Kerberos.framework/Versions/A/Libraries/libHeimdalProxy.dylib
0x00007ff80a4b8000 	/System/Library/Frameworks/Network.framework/Versions/A/Network
0x00007ff80f708000 	/usr/lib/libheimdal-asn1.dylib
0x00007ff811fcb000 	/System/Library/PrivateFrameworks/CommonAuth.framework/Versions/A/CommonAuth
0x00007ff8117f9000 	/System/Library/PrivateFrameworks/AudioSession.framework/Versions/A/AudioSession
0x00007ff80f798000 	/System/Library/PrivateFrameworks/MediaExperience.framework/Versions/A/MediaExperience
0x00007ff81168c000 	/System/Library/PrivateFrameworks/AudioSession.framework/libSessionUtility.dylib
0x00007ff811c21000 	/System/Library/PrivateFrameworks/AudioResourceArbitration.framework/Versions/A/AudioResourceArbitration
0x00007ff815c94000 	/System/Library/PrivateFrameworks/PowerLog.framework/Versions/A/PowerLog
0x00007ff80f711000 	/System/Library/PrivateFrameworks/IconFoundation.framework/Versions/A/IconFoundation
0x00007ff814a4a000 	/System/Library/PrivateFrameworks/SpeechRecognitionCore.framework/Versions/A/SpeechRecognitionCore
0x0000000104b70000 	/Library/Java/JavaVirtualMachines/jdk-17.jdk/Contents/Home/lib/server/libjvm.dylib
0x0000000103b64000 	/Library/Java/JavaVirtualMachines/jdk-17.jdk/Contents/Home/lib/libjimage.dylib
0x0000000103b87000 	/Library/Java/JavaVirtualMachines/jdk-17.jdk/Contents/Home/lib/libinstrument.dylib
0x0000000103bc9000 	/Library/Java/JavaVirtualMachines/jdk-17.jdk/Contents/Home/lib/libjava.dylib
0x0000000104a54000 	/Library/Java/JavaVirtualMachines/jdk-17.jdk/Contents/Home/lib/libnio.dylib
0x0000000104a70000 	/Library/Java/JavaVirtualMachines/jdk-17.jdk/Contents/Home/lib/libnet.dylib
0x0000000104a90000 	/Library/Java/JavaVirtualMachines/jdk-17.jdk/Contents/Home/lib/libzip.dylib


VM Arguments:
jvm_args: -javaagent:/Applications/IntelliJ IDEA CE.app/Contents/lib/idea_rt.jar=65297:/Applications/IntelliJ IDEA CE.app/Contents/bin -Dfile.encoding=UTF-8 --module-path=/Users/mac/.m2/repository/org/mindrot/jbcrypt/0.4/jbcrypt-0.4.jar:/Users/mac/.m2/repository/org/openjfx/javafx-fxml/17.0.2/javafx-fxml-17.0.2-mac.jar:/Users/mac/.m2/repository/javax/persistence/javax.persistence-api/2.2/javax.persistence-api-2.2.jar:/Users/mac/.m2/repository/org/hibernate/hibernate-core/5.6.15.Final/hibernate-core-5.6.15.Final.jar:/Users/mac/eclipse-workspace/java2/untitled folder/jul-12/ManageHotelApp_JavaFX/target/classes:/Users/mac/.m2/repository/org/openjfx/javafx-graphics/17.0.2/javafx-graphics-17.0.2-mac.jar:/Users/mac/.m2/repository/org/kordamp/bootstrapfx/bootstrapfx-core/0.4.0/bootstrapfx-core-0.4.0.jar:/Users/mac/.m2/repository/org/openjfx/javafx-controls/17.0.2/javafx-controls-17.0.2-mac.jar:/Users/mac/.m2/repository/org/openjfx/javafx-base/17.0.2/javafx-base-17.0.2-mac.jar:/Users/mac/.m2/repository/org/controlsfx/controlsfx/11.1.1/controlsfx-11.1.1.jar -Djdk.module.main=com.managehotelapp_javafx 
java_command: com.managehotelapp_javafx/com.managehotelapp_javafx.HelloApplication
java_class_path (initial): /Users/mac/.m2/repository/org/openjfx/javafx-controls/17.0.2/javafx-controls-17.0.2.jar:/Users/mac/.m2/repository/org/openjfx/javafx-graphics/17.0.2/javafx-graphics-17.0.2.jar:/Users/mac/.m2/repository/org/openjfx/javafx-base/17.0.2/javafx-base-17.0.2.jar:/Users/mac/.m2/repository/org/openjfx/javafx-fxml/17.0.2/javafx-fxml-17.0.2.jar:/Users/mac/.m2/repository/org/postgresql/postgresql/42.6.0/postgresql-42.6.0.jar:/Users/mac/.m2/repository/org/checkerframework/checker-qual/3.31.0/checker-qual-3.31.0.jar:/Users/mac/.m2/repository/org/jboss/logging/jboss-logging/3.4.3.Final/jboss-logging-3.4.3.Final.jar:/Users/mac/.m2/repository/net/bytebuddy/byte-buddy/1.12.18/byte-buddy-1.12.18.jar:/Users/mac/.m2/repository/antlr/antlr/2.7.7/antlr-2.7.7.jar:/Users/mac/.m2/repository/org/jboss/spec/javax/transaction/jboss-transaction-api_1.2_spec/1.1.1.Final/jboss-transaction-api_1.2_spec-1.1.1.Final.jar:/Users/mac/.m2/repository/org/jboss/jandex/2.4.2.Final/jandex-2.4.2.Final.jar:/Users/mac/.m2/repository/com/fasterxml/classmate/1.5.1/classmate-1.5.1.jar:/Users/mac/.m2/repository/javax/activation/javax.activation-api/1.2.0/javax.activation-api-1.2.0.jar:/Users/mac/.m2/repository/org/hibernate/common/hibernate-commons-annotations/5.1.2.Final/hibernate-commons-annotations-5.1.2.Final.jar:/Users/mac/.m2/repository/javax/xml/bind/jaxb-api/2.3.1/jaxb-api-2.3.1.jar:/Users/mac/.m2/repository/org/glassfish/jaxb/jaxb-runtime/2.3.1/jaxb-runtime-2.3.1.jar:/Users/mac/.m2/repository/org/glassfish/jaxb/txw2/2.3.1/txw2-2.3.1.jar:/Users/mac/.m2/repository/com/sun/istack/istack-commons-runtime/3.0.7/istack-commons-runtime-3.0.7.jar:/Users/mac/.m2/repository/org/jvnet/staxex/stax-ex/1.8/stax-ex-1.8.jar:/Users/mac/.m2/repository/com/sun/xml/fastinfoset/FastInfoset/1.2.15/FastInfoset-1.2.15.jar
Launcher Type: SUN_STANDARD

[Global flags]
     intx CICompilerCount                          = 3                                         {product} {ergonomic}
     uint ConcGCThreads                            = 1                                         {product} {ergonomic}
     uint G1ConcRefinementThreads                  = 4                                         {product} {ergonomic}
   size_t G1HeapRegionSize                         = 1048576                                   {product} {ergonomic}
    uintx GCDrainStackTargetSize                   = 64                                        {product} {ergonomic}
   size_t InitialHeapSize                          = 134217728                                 {product} {ergonomic}
   size_t MarkStackSize                            = 4194304                                   {product} {ergonomic}
   size_t MaxHeapSize                              = 2147483648                                {product} {ergonomic}
   size_t MaxNewSize                               = 1287651328                                {product} {ergonomic}
   size_t MinHeapDeltaBytes                        = 1048576                                   {product} {ergonomic}
   size_t MinHeapSize                              = 8388608                                   {product} {ergonomic}
    uintx NonNMethodCodeHeapSize                   = 5832780                                {pd product} {ergonomic}
    uintx NonProfiledCodeHeapSize                  = 122912730                              {pd product} {ergonomic}
    uintx ProfiledCodeHeapSize                     = 122912730                              {pd product} {ergonomic}
    uintx ReservedCodeCacheSize                    = 251658240                              {pd product} {ergonomic}
     bool SegmentedCodeCache                       = true                                      {product} {ergonomic}
   size_t SoftMaxHeapSize                          = 2147483648                             {manageable} {ergonomic}
     bool UseCompressedClassPointers               = true                           {product lp64_product} {ergonomic}
     bool UseCompressedOops                        = true                           {product lp64_product} {ergonomic}
     bool UseG1GC                                  = true                                      {product} {ergonomic}
     bool UseNUMA                                  = false                                     {product} {ergonomic}
     bool UseNUMAInterleaving                      = false                                     {product} {ergonomic}

Logging:
Log output configuration:
 #0: stdout all=warning uptime,level,tags
 #1: stderr all=off uptime,level,tags

Environment Variables:
PATH=/usr/local/mysql/bin:/usr/local/opt/php@8.1/sbin:/usr/local/opt/php@8.1/bin:/usr/local/opt/php@8.0/bin:/Users/mac/.composer/vendor/bin:/usr/local/bin:/usr/bin:/bin:/usr/sbin:/sbin
SHELL=/bin/zsh
LC_CTYPE=en_US.UTF-8

Signal Handlers:
   SIGSEGV: _ZL13crash_handleriP9__siginfoPv in libjvm.dylib, mask=11100110000111110111111111111111, flags=SA_RESTART|SA_SIGINFO
    SIGBUS: _ZL13crash_handleriP9__siginfoPv in libjvm.dylib, mask=11100110000111110111111111111111, flags=SA_RESTART|SA_SIGINFO
    SIGFPE: _ZL13crash_handleriP9__siginfoPv in libjvm.dylib, mask=11100110000111110111111111111111, flags=SA_RESTART|SA_SIGINFO
   SIGPIPE: _ZL17javaSignalHandleriP9__siginfoPv in libjvm.dylib, mask=11100110000111110111111111111111, flags=SA_RESTART|SA_SIGINFO
   SIGXFSZ: _ZL17javaSignalHandleriP9__siginfoPv in libjvm.dylib, mask=11100110000111110111111111111111, flags=SA_RESTART|SA_SIGINFO
    SIGILL: _ZL13crash_handleriP9__siginfoPv in libjvm.dylib, mask=11100110000111110111111111111111, flags=SA_RESTART|SA_SIGINFO
   SIGUSR2: _ZL10SR_handleriP9__siginfoP17__darwin_ucontext in libjvm.dylib, mask=00100000000000000000000000000000, flags=SA_RESTART|SA_SIGINFO
    SIGHUP: _ZL11UserHandleriPvS_ in libjvm.dylib, mask=11100110000111110111111111111111, flags=SA_RESTART|SA_SIGINFO
    SIGINT: _ZL11UserHandleriPvS_ in libjvm.dylib, mask=11100110000111110111111111111111, flags=SA_RESTART|SA_SIGINFO
   SIGTERM: _ZL11UserHandleriPvS_ in libjvm.dylib, mask=11100110000111110111111111111111, flags=SA_RESTART|SA_SIGINFO
   SIGQUIT: _ZL11UserHandleriPvS_ in libjvm.dylib, mask=11100110000111110111111111111111, flags=SA_RESTART|SA_SIGINFO
   SIGTRAP: _ZL13crash_handleriP9__siginfoPv in libjvm.dylib, mask=11100110000111110111111111111111, flags=SA_RESTART|SA_SIGINFO


---------------  S Y S T E M  ---------------

OS:
uname: Darwin 21.4.0 Darwin Kernel Version 21.4.0: Mon Feb 21 20:34:37 PST 2022; root:xnu-8020.101.4~2/RELEASE_X86_64 x86_64
OS uptime: 3 days 1:14 hours
rlimit (soft/hard): STACK 8192k/65532k , CORE 0k/infinity , NPROC 1392/2088 , NOFILE 10240/infinity , AS infinity/infinity , CPU infinity/infinity , DATA infinity/infinity , FSIZE infinity/infinity , MEMLOCK infinity/infinity , RSS infinity/infinity
load average: 2.64 2.32 3.04

CPU: total 4 (initial active 4) (2 cores per cpu, 2 threads per core) family 6 model 61 stepping 4 microcode 0x2f, cx8, cmov, fxsr, ht, mmx, 3dnowpref, sse, sse2, sse3, ssse3, sse4.1, sse4.2, popcnt, lzcnt, tsc, tscinvbit, avx, avx2, aes, erms, clmul, bmi1, bmi2, rtm, adx, fma, vzeroupper, clflush

Memory: 4k page, physical 8388608k(19144k free), swap 3145728k(1389056k free)

vm_info: Java HotSpot(TM) 64-Bit Server VM (17.0.7+8-LTS-224) for bsd-amd64 JRE (17.0.7+8-LTS-224), built on Feb 28 2023 23:06:28 by "mach5one" with clang Apple LLVM 12.0.0 (clang-1200.0.32.29)

END.
