#
# A fatal error has been detected by the Java Runtime Environment:
#
#  SIGSEGV (0xb) at pc=0x000000010cb43e55, pid=49970, tid=259
#
# JRE version: Java(TM) SE Runtime Environment (17.0.7+8) (build 17.0.7+8-LTS-224)
# Java VM: Java HotSpot(TM) 64-Bit Server VM (17.0.7+8-LTS-224, mixed mode, sharing, tiered, compressed oops, compressed class ptrs, g1 gc, bsd-amd64)
# Problematic frame:
# V  [libjvm.dylib+0x328e55]  _ZN13CompileBroker14compile_methodERK12methodHandleiiS2_iN11CompileTask13CompileReasonEP12DirectiveSetP10JavaThread+0xe5
#
# No core dump will be written. Core dumps have been disabled. To enable core dumping, try "ulimit -c unlimited" before starting Java again
#
# If you would like to submit a bug report, please visit:
#   https://bugreport.java.com/bugreport/crash.jsp
#

---------------  S U M M A R Y ------------

Command Line: -javaagent:/Applications/IntelliJ IDEA CE.app/Contents/lib/idea_rt.jar=52246:/Applications/IntelliJ IDEA CE.app/Contents/bin -Dfile.encoding=UTF-8 --module-path=/Users/mac/eclipse-workspace/java2/untitled folder/jul-12/ManageHotelApp_JavaFX/target/classes:/Users/mac/.m2/repository/javax/persistence/javax.persistence-api/2.2/javax.persistence-api-2.2.jar:/Users/mac/.m2/repository/org/openjfx/javafx-fxml/17.0.2/javafx-fxml-17.0.2-mac.jar:/Users/mac/.m2/repository/org/openjfx/javafx-base/17.0.2/javafx-base-17.0.2-mac.jar:/Users/mac/.m2/repository/org/mindrot/jbcrypt/0.4/jbcrypt-0.4.jar:/Users/mac/.m2/repository/org/openjfx/javafx-controls/17.0.2/javafx-controls-17.0.2-mac.jar:/Users/mac/.m2/repository/org/hibernate/hibernate-core/5.6.15.Final/hibernate-core-5.6.15.Final.jar:/Users/mac/.m2/repository/org/controlsfx/controlsfx/11.1.1/controlsfx-11.1.1.jar:/Users/mac/.m2/repository/org/openjfx/javafx-graphics/17.0.2/javafx-graphics-17.0.2-mac.jar:/Users/mac/.m2/repository/org/kordamp/bootstrapfx/bootstrapfx-core/0.4.0/bootstrapfx-core-0.4.0.jar -Djdk.module.main=com.managehotelapp_javafx com.managehotelapp_javafx/com.managehotelapp_javafx.HelloApplication

Host: "MacBookAir7,2" x86_64 2200 MHz, 4 cores, 8G, Darwin 21.4.0, macOS 12.3 (21E230)
Time: Fri Jul 14 21:46:12 2023 +07 elapsed time: 7.893290 seconds (0d 0h 0m 7s)

---------------  T H R E A D  ---------------

Current thread (0x00007fc05f08aa00):  JavaThread "JavaFX Application Thread" [_thread_in_vm, id=259, stack(0x00007ff7b65f8000,0x00007ff7b6df8000)]

Stack: [0x00007ff7b65f8000,0x00007ff7b6df8000],  sp=0x00007ff7b6df0830,  free space=8162k
Native frames: (J=compiled Java code, j=interpreted, Vv=VM code, C=native code)
V  [libjvm.dylib+0x328e55]  _ZN13CompileBroker14compile_methodERK12methodHandleiiS2_iN11CompileTask13CompileReasonEP12DirectiveSetP10JavaThread+0xe5
V  [libjvm.dylib+0x328d4e]  _ZN13CompileBroker14compile_methodERK12methodHandleiiS2_iN11CompileTask13CompileReasonEP10JavaThread+0x7e
V  [libjvm.dylib+0x31337e]  _ZN17CompilationPolicy7compileERK12methodHandlei9CompLevelP10JavaThread+0x35e
V  [libjvm.dylib+0x312cc9]  _ZN17CompilationPolicy5eventERK12methodHandleS2_ii9CompLevelP14CompiledMethodP10JavaThread+0x219
V  [libjvm.dylib+0x504471]  _ZN18InterpreterRuntime32frequency_counter_overflow_innerEP10JavaThreadPh+0x151
V  [libjvm.dylib+0x504218]  _ZN18InterpreterRuntime26frequency_counter_overflowEP10JavaThreadPh+0x18
j  com.sun.javafx.css.BitSet.retainAll(Ljava/util/Collection;)Z+0 javafx.graphics
j  com.sun.javafx.css.PseudoClassState.retainAll(Ljava/util/Collection;)Z+2 javafx.graphics
j  javafx.scene.CssStyleHelper.getTransitionStates(Ljavafx/scene/Node;)[Ljava/util/Set;+106 javafx.graphics
j  javafx.scene.CssStyleHelper.transitionToState(Ljavafx/scene/Node;)V+70 javafx.graphics
j  javafx.scene.Node.doProcessCSS()V+51 javafx.graphics
j  javafx.scene.Node$1.doProcessCSS(Ljavafx/scene/Node;)V+1 javafx.graphics
j  com.sun.javafx.scene.NodeHelper.processCSSImpl(Ljavafx/scene/Node;)V+4 javafx.graphics
j  com.sun.javafx.scene.NodeHelper.processCSS(Ljavafx/scene/Node;)V+5 javafx.graphics
j  javafx.scene.Parent.doProcessCSS()V+121 javafx.graphics
j  javafx.scene.Parent$1.doProcessCSS(Ljavafx/scene/Node;)V+4 javafx.graphics
j  com.sun.javafx.scene.ParentHelper.processCSSImpl(Ljavafx/scene/Node;)V+4 javafx.graphics
j  com.sun.javafx.scene.control.ControlHelper.superProcessCSSImpl(Ljavafx/scene/Node;)V+2 javafx.controls
j  com.sun.javafx.scene.control.ControlHelper.superProcessCSS(Ljavafx/scene/Node;)V+8 javafx.controls
j  javafx.scene.control.Control.doProcessCSS()V+42 javafx.controls
j  javafx.scene.control.Control$1.doProcessCSS(Ljavafx/scene/Node;)V+4 javafx.controls
j  com.sun.javafx.scene.control.ControlHelper.processCSSImpl(Ljavafx/scene/Node;)V+4 javafx.controls
j  com.sun.javafx.scene.NodeHelper.processCSS(Ljavafx/scene/Node;)V+5 javafx.graphics
j  javafx.scene.Parent.doProcessCSS()V+121 javafx.graphics
j  javafx.scene.Parent$1.doProcessCSS(Ljavafx/scene/Node;)V+4 javafx.graphics
j  com.sun.javafx.scene.ParentHelper.processCSSImpl(Ljavafx/scene/Node;)V+4 javafx.graphics
j  com.sun.javafx.scene.NodeHelper.processCSS(Ljavafx/scene/Node;)V+5 javafx.graphics
j  javafx.scene.Node.processCSS()V+99 javafx.graphics
j  javafx.scene.Scene.doCSSPass()V+23 javafx.graphics
j  javafx.scene.Scene.preferredSize()V+6 javafx.graphics
j  javafx.scene.Scene$2.preferredSize(Ljavafx/scene/Scene;)V+1 javafx.graphics
j  com.sun.javafx.scene.SceneHelper.preferredSize(Ljavafx/scene/Scene;)V+4 javafx.graphics
j  javafx.stage.Window$12.invalidated()V+384 javafx.graphics
j  javafx.beans.property.BooleanPropertyBase.markInvalid()V+13 javafx.base
j  javafx.beans.property.BooleanPropertyBase.set(Z)V+72 javafx.base
j  javafx.stage.Window.setShowing(Z)V+11 javafx.graphics
j  javafx.stage.Window.show()V+2 javafx.graphics
j  javafx.stage.Stage.show()V+1 javafx.graphics
j  com.managehotelapp_javafx.HelloApplication.start(Ljavafx/stage/Stage;)V+73 com.managehotelapp_javafx
j  com.sun.javafx.application.LauncherImpl.lambda$launchApplication1$9(Ljava/util/concurrent/atomic/AtomicBoolean;Ljavafx/application/Application;)V+20 javafx.graphics
j  com.sun.javafx.application.LauncherImpl$$Lambda$132+0x0000000800c86690.run()V+8 javafx.graphics
j  com.sun.javafx.application.PlatformImpl.lambda$runAndWait$12(Ljava/lang/Runnable;Ljava/util/concurrent/CountDownLatch;)V+1 javafx.graphics
j  com.sun.javafx.application.PlatformImpl$$Lambda$113+0x0000000800c82c50.run()V+8 javafx.graphics
j  com.sun.javafx.application.PlatformImpl.lambda$runLater$10(Ljava/lang/Runnable;)Ljava/lang/Void;+1 javafx.graphics
j  com.sun.javafx.application.PlatformImpl$$Lambda$115+0x0000000800c830a0.run()Ljava/lang/Object;+4 javafx.graphics
j  java.security.AccessController.executePrivileged(Ljava/security/PrivilegedAction;Ljava/security/AccessControlContext;Ljava/lang/Class;)Ljava/lang/Object;+29 java.base@17.0.7
j  java.security.AccessController.doPrivileged(Ljava/security/PrivilegedAction;Ljava/security/AccessControlContext;)Ljava/lang/Object;+13 java.base@17.0.7
j  com.sun.javafx.application.PlatformImpl.lambda$runLater$11(Ljava/lang/Runnable;Ljava/security/AccessControlContext;)V+7 javafx.graphics
j  com.sun.javafx.application.PlatformImpl$$Lambda$114+0x0000000800c82e78.run()V+8 javafx.graphics
j  com.sun.glass.ui.InvokeLaterDispatcher$Future.run()V+4 javafx.graphics
v  ~StubRoutines::call_stub
V  [libjvm.dylib+0x50a451]  _ZN9JavaCalls11call_helperEP9JavaValueRK12methodHandleP17JavaCallArgumentsP10JavaThread+0x2a1
V  [libjvm.dylib+0x563426]  _ZL20jni_invoke_nonstaticP7JNIEnv_P9JavaValueP8_jobject11JNICallTypeP10_jmethodIDP18JNI_ArgumentPusherP10JavaThread+0x2d6
V  [libjvm.dylib+0x5677ad]  jni_CallVoidMethod+0x19d
C  [libglass.dylib+0x8251]  -[GlassRunnable run]+0x61
C  [Foundation+0x81857]  __NSThreadPerformPerform+0xb3
C  [CoreFoundation+0x7faeb]  __CFRUNLOOP_IS_CALLING_OUT_TO_A_SOURCE0_PERFORM_FUNCTION__+0x11
C  [CoreFoundation+0x7fa53]  __CFRunLoopDoSource0+0xb4
C  [CoreFoundation+0x7f7cd]  __CFRunLoopDoSources0+0xf2
C  [CoreFoundation+0x7e1e8]  __CFRunLoopRun+0x37c
C  [CoreFoundation+0x7d7ac]  CFRunLoopRunSpecific+0x232
C  [HIToolbox+0x2fce6]  RunCurrentEventLoopInMode+0x124
C  [HIToolbox+0x2fa4a]  ReceiveNextEventCommon+0x252
C  [HIToolbox+0x2f7e5]  _BlockUntilNextEventMatchingListInModeWithFilter+0x46
C  [AppKit+0x3e5cd]  _DPSNextEvent+0x39f
C  [AppKit+0x3cc8a]  -[NSApplication(NSEvent) _nextEventMatchingEventMask:untilDate:inMode:dequeue:]+0x572
C  [AppKit+0x2f339]  -[NSApplication run]+0x24a
C  [libglass.dylib+0xa265]  -[GlassApplication runLoop:]+0x795
C  [Foundation+0x81857]  __NSThreadPerformPerform+0xb3
C  [CoreFoundation+0x7faeb]  __CFRUNLOOP_IS_CALLING_OUT_TO_A_SOURCE0_PERFORM_FUNCTION__+0x11
C  [CoreFoundation+0x7fa53]  __CFRunLoopDoSource0+0xb4
C  [CoreFoundation+0x7f7cd]  __CFRunLoopDoSources0+0xf2
C  [CoreFoundation+0x7e1e8]  __CFRunLoopRun+0x37c
C  [CoreFoundation+0x7d7ac]  CFRunLoopRunSpecific+0x232
C  [libjli.dylib+0x70b2]  CreateExecutionEnvironment+0x182
C  [libjli.dylib+0x2c15]  JLI_Launch+0x585
C  [java+0x3c09]  main+0x189
C  0x000000011732951e

Java frames: (J=compiled Java code, j=interpreted, Vv=VM code)
j  com.sun.javafx.css.BitSet.retainAll(Ljava/util/Collection;)Z+0 javafx.graphics
j  com.sun.javafx.css.PseudoClassState.retainAll(Ljava/util/Collection;)Z+2 javafx.graphics
j  javafx.scene.CssStyleHelper.getTransitionStates(Ljavafx/scene/Node;)[Ljava/util/Set;+106 javafx.graphics
j  javafx.scene.CssStyleHelper.transitionToState(Ljavafx/scene/Node;)V+70 javafx.graphics
j  javafx.scene.Node.doProcessCSS()V+51 javafx.graphics
j  javafx.scene.Node$1.doProcessCSS(Ljavafx/scene/Node;)V+1 javafx.graphics
j  com.sun.javafx.scene.NodeHelper.processCSSImpl(Ljavafx/scene/Node;)V+4 javafx.graphics
j  com.sun.javafx.scene.NodeHelper.processCSS(Ljavafx/scene/Node;)V+5 javafx.graphics
j  javafx.scene.Parent.doProcessCSS()V+121 javafx.graphics
j  javafx.scene.Parent$1.doProcessCSS(Ljavafx/scene/Node;)V+4 javafx.graphics
j  com.sun.javafx.scene.ParentHelper.processCSSImpl(Ljavafx/scene/Node;)V+4 javafx.graphics
j  com.sun.javafx.scene.control.ControlHelper.superProcessCSSImpl(Ljavafx/scene/Node;)V+2 javafx.controls
j  com.sun.javafx.scene.control.ControlHelper.superProcessCSS(Ljavafx/scene/Node;)V+8 javafx.controls
j  javafx.scene.control.Control.doProcessCSS()V+42 javafx.controls
j  javafx.scene.control.Control$1.doProcessCSS(Ljavafx/scene/Node;)V+4 javafx.controls
j  com.sun.javafx.scene.control.ControlHelper.processCSSImpl(Ljavafx/scene/Node;)V+4 javafx.controls
j  com.sun.javafx.scene.NodeHelper.processCSS(Ljavafx/scene/Node;)V+5 javafx.graphics
j  javafx.scene.Parent.doProcessCSS()V+121 javafx.graphics
j  javafx.scene.Parent$1.doProcessCSS(Ljavafx/scene/Node;)V+4 javafx.graphics
j  com.sun.javafx.scene.ParentHelper.processCSSImpl(Ljavafx/scene/Node;)V+4 javafx.graphics
j  com.sun.javafx.scene.NodeHelper.processCSS(Ljavafx/scene/Node;)V+5 javafx.graphics
j  javafx.scene.Node.processCSS()V+99 javafx.graphics
j  javafx.scene.Scene.doCSSPass()V+23 javafx.graphics
j  javafx.scene.Scene.preferredSize()V+6 javafx.graphics
j  javafx.scene.Scene$2.preferredSize(Ljavafx/scene/Scene;)V+1 javafx.graphics
j  com.sun.javafx.scene.SceneHelper.preferredSize(Ljavafx/scene/Scene;)V+4 javafx.graphics
j  javafx.stage.Window$12.invalidated()V+384 javafx.graphics
j  javafx.beans.property.BooleanPropertyBase.markInvalid()V+13 javafx.base
j  javafx.beans.property.BooleanPropertyBase.set(Z)V+72 javafx.base
j  javafx.stage.Window.setShowing(Z)V+11 javafx.graphics
j  javafx.stage.Window.show()V+2 javafx.graphics
j  javafx.stage.Stage.show()V+1 javafx.graphics
j  com.managehotelapp_javafx.HelloApplication.start(Ljavafx/stage/Stage;)V+73 com.managehotelapp_javafx
j  com.sun.javafx.application.LauncherImpl.lambda$launchApplication1$9(Ljava/util/concurrent/atomic/AtomicBoolean;Ljavafx/application/Application;)V+20 javafx.graphics
j  com.sun.javafx.application.LauncherImpl$$Lambda$132+0x0000000800c86690.run()V+8 javafx.graphics
j  com.sun.javafx.application.PlatformImpl.lambda$runAndWait$12(Ljava/lang/Runnable;Ljava/util/concurrent/CountDownLatch;)V+1 javafx.graphics
j  com.sun.javafx.application.PlatformImpl$$Lambda$113+0x0000000800c82c50.run()V+8 javafx.graphics
j  com.sun.javafx.application.PlatformImpl.lambda$runLater$10(Ljava/lang/Runnable;)Ljava/lang/Void;+1 javafx.graphics
j  com.sun.javafx.application.PlatformImpl$$Lambda$115+0x0000000800c830a0.run()Ljava/lang/Object;+4 javafx.graphics
j  java.security.AccessController.executePrivileged(Ljava/security/PrivilegedAction;Ljava/security/AccessControlContext;Ljava/lang/Class;)Ljava/lang/Object;+29 java.base@17.0.7
j  java.security.AccessController.doPrivileged(Ljava/security/PrivilegedAction;Ljava/security/AccessControlContext;)Ljava/lang/Object;+13 java.base@17.0.7
j  com.sun.javafx.application.PlatformImpl.lambda$runLater$11(Ljava/lang/Runnable;Ljava/security/AccessControlContext;)V+7 javafx.graphics
j  com.sun.javafx.application.PlatformImpl$$Lambda$114+0x0000000800c82e78.run()V+8 javafx.graphics
j  com.sun.glass.ui.InvokeLaterDispatcher$Future.run()V+4 javafx.graphics
v  ~StubRoutines::call_stub

siginfo: si_signo: 11 (SIGSEGV), si_code: 0 (unknown), si_addr: 0x0000000000000000

Register to memory mapping:

RAX=0x0 is NULL
RBX=0x0000000000000003 is an unknown value
RCX=0x000000010d4ef0e0: _ZL13option_filter+0 in /Library/Java/JavaVirtualMachines/jdk-17.jdk/Contents/Home/lib/server/libjvm.dylib at 0x000000010c81b000
RDX=0x00007ff7b6df07e0 is pointing into the stack for thread: 0x00007fc05f08aa00
RSP=0x00007ff7b6df0830 is pointing into the stack for thread: 0x00007fc05f08aa00
RBP=0x00007ff7b6df0880 is pointing into the stack for thread: 0x00007fc05f08aa00
RSI={method} {0x00000001317a6f08} 'retainAll' '(Ljava/util/Collection;)Z' in 'com/sun/javafx/css/BitSet'
RDI=0x00007ff7b6df1c70 is pointing into the stack for thread: 0x00007fc05f08aa00
R8 =0x0000000000000180 is an unknown value
R9 =0x0000000000000003 is an unknown value
R10=0x00007fc05e014b98 points into unknown readable memory: 0x0000000000000000 | 00 00 00 00 00 00 00 00
R11=0x00007fc05e01565c points into unknown readable memory: 00 dc 04 00
R12=0x00007fc05e11faf0 points into unknown readable memory: 0x000000010d42ca98 | 98 ca 42 0d 01 00 00 00
R13=0x0200000000000000 is an unknown value
R14=0x0000000000000002 is an unknown value
R15=0x00007ff7b6df1c70 is pointing into the stack for thread: 0x00007fc05f08aa00


Registers:
RAX=0x0000000000000000, RBX=0x0000000000000003, RCX=0x000000010d4ef0e0, RDX=0x00007ff7b6df07e0
RSP=0x00007ff7b6df0830, RBP=0x00007ff7b6df0880, RSI=0x00000001317a6f08, RDI=0x00007ff7b6df1c70
R8 =0x0000000000000180, R9 =0x0000000000000003, R10=0x00007fc05e014b98, R11=0x00007fc05e01565c
R12=0x00007fc05e11faf0, R13=0x0200000000000000, R14=0x0000000000000002, R15=0x00007ff7b6df1c70
RIP=0x000000010cb43e55, EFLAGS=0x0000000000010206, ERR=0x0000000000000000
  TRAPNO=0x000000000000000d

Top of Stack: (sp=0x00007ff7b6df0830)
0x00007ff7b6df0830:   00007ff7b6df0850 000000010d075c9f
0x00007ff7b6df0840:   0000000000000002 00007ff7b6df1c70
0x00007ff7b6df0850:   ffffffff00000180 0000000000000002
0x00007ff7b6df0860:   00007ff7b6df1c70 0000000000000180
0x00007ff7b6df0870:   00007ff7b6df1c70 00007fc05e117ba0
0x00007ff7b6df0880:   00007ff7b6df08d0 000000010cb43d4e
0x00007ff7b6df0890:   00007fc05e117ba0 00007fc05f08aa00
0x00007ff7b6df08a0:   ffffffff00000003 0000000000000002
0x00007ff7b6df08b0:   00007ff7b6df1c70 0000000000000180
0x00007ff7b6df08c0:   00007fc05f08aa00 00000000ffffffff
0x00007ff7b6df08d0:   00007ff7b6df1be0 000000010cb2e37e
0x00007ff7b6df08e0:   00007fc05f08aa00 00007fc05f08aa00
0x00007ff7b6df08f0:   0000000000000002 00007ff7b6df1d60
0x00007ff7b6df0900:   00007ff7b6df0970 000000010cb44005
0x00007ff7b6df0910:   0000000000000000 00007fc05f08aa00
0x00007ff7b6df0920:   00007ff7b6df0940 000000010d075c9f
0x00007ff7b6df0930:   00007ff7b6df0950 000000010d075c9f
0x00007ff7b6df0940:   0000000000000000 00007fc05e117ba0
0x00007ff7b6df0950:   00007ff7b6df0980 000000010cb52af5
0x00007ff7b6df0960:   0000000000000000 00007ff7b6df1d60
0x00007ff7b6df0970:   00007ff7b6df1d60 00007fc05e117ba0
0x00007ff7b6df0980:   00007ff7b6df09c0 000000010cb43d5d
0x00007ff7b6df0990:   ffffffff00000003 0000000000000002
0x00007ff7b6df09a0:   00007ff7b6df1d60 0000000000000180
0x00007ff7b6df09b0:   00007fc05f08aa00 00000000ffffffff
0x00007ff7b6df09c0:   00007ff7b6df1cd0 000000010cb2e37e
0x00007ff7b6df09d0:   00007fc05f08aa00 000000012a6cb3d0
0x00007ff7b6df09e0:   000000003167a828 00007ff7b6df0a00
0x00007ff7b6df09f0:   00007ff731809208 00000001319989c0
0x00007ff7b6df0a00:   000000073183dd28 00007ff7319aa848
0x00007ff7b6df0a10:   00000001319a9f40 00007ff7b6df0a68
0x00007ff7b6df0a20:   00007ff731a84b70 0000000031acb4c8 

Instructions: (pc=0x000000010cb43e55)
0x000000010cb43d55:   4c 89 ff e8 73 ed 00 00 48 89 d8 48 83 c4 08 5b
0x000000010cb43d65:   41 5c 41 5d 41 5e 41 5f 5d c3 90 55 48 89 e5 41
0x000000010cb43d75:   57 41 56 41 55 41 54 53 48 83 ec 28 44 89 cb 41
0x000000010cb43d85:   89 d6 41 89 f5 49 89 ff 83 fa 04 75 11 48 8d 05
0x000000010cb43d95:   ef 4d 96 00 4c 8b 20 4d 85 e4 75 1a eb 3d 41 8d
0x000000010cb43da5:   46 ff 83 f8 02 77 34 48 8d 05 cd 4d 96 00 4c 8b
0x000000010cb43db5:   20 4d 85 e4 74 25 48 89 4d c8 44 89 45 d0 48 8b
0x000000010cb43dc5:   45 10 0f b6 88 86 00 00 00 4c 89 ff 44 89 ee 44
0x000000010cb43dd5:   89 f2 e8 f4 02 00 00 84 c0 74 15 45 31 ed 4c 89
0x000000010cb43de5:   e8 48 83 c4 28 5b 41 5c 41 5d 41 5e 41 5f 5d c3
0x000000010cb43df5:   41 83 7c 24 10 03 75 09 e8 be 77 29 00 84 c0 74
0x000000010cb43e05:   da 49 8b 37 41 83 fd ff 74 39 48 8b 46 08 48 8b
0x000000010cb43e15:   40 08 48 8b 78 18 44 89 ea 44 89 f1 45 31 c0 e8
0x000000010cb43e25:   a7 51 1c 00 44 89 e9 49 89 c5 48 85 c0 75 af 89
0x000000010cb43e35:   4d d4 49 8b 3f 44 89 f6 e8 5e b3 50 00 84 c0 74
0x000000010cb43e45:   61 eb 98 44 89 6d d4 4c 8b 6e 48 4d 85 ed 74 3f
0x000000010cb43e55:   49 8b 45 00 4c 89 ef ff 50 10 84 c0 74 31 49 8b
0x000000010cb43e65:   3f 44 89 f6 e8 22 b2 50 00 84 c0 0f 85 6d ff ff
0x000000010cb43e75:   ff 49 8b 07 48 8b 78 48 48 85 ff 74 12 48 8b 07
0x000000010cb43e85:   ff 90 c8 00 00 00 44 39 f0 0f 84 4f ff ff ff 49
0x000000010cb43e95:   8b 3f 44 89 f6 e8 f1 b1 50 00 84 c0 0f 85 39 ff
0x000000010cb43ea5:   ff ff 4c 8b 6d 18 41 83 7c 24 10 02 0f 85 88 00
0x000000010cb43eb5:   00 00 49 8b 07 48 8b 40 08 4c 8b 60 08 4c 89 65
0x000000010cb43ec5:   b8 4c 89 6d c0 4d 85 e4 74 33 4d 8b ad 40 02 00
0x000000010cb43ed5:   00 41 8b 75 00 41 3b 75 04 75 0c 4c 89 ef e8 18
0x000000010cb43ee5:   c2 cd ff 41 8b 75 00 8d 46 01 41 89 45 00 49 8b
0x000000010cb43ef5:   45 08 48 63 ce 4c 89 24 c8 4c 8b 6d 18 4c 8d 65
0x000000010cb43f05:   b8 4c 89 e7 4c 89 ee e8 ef af 01 00 4c 89 e7 e8
0x000000010cb43f15:   87 0c 18 00 49 83 7d 08 00 75 12 4c 89 ff 4c 89
0x000000010cb43f25:   ee e8 25 c5 50 00 49 83 7d 08 00 74 0d 4c 89 ef
0x000000010cb43f35:   e8 26 af 0b 00 e9 a1 fe ff ff 49 8b 3f f6 47 29
0x000000010cb43f45:   01 74 41 e8 e3 ad 50 00 84 c0 75 38 4c 89 ff 4c 


Stack slot to memory mapping:
stack at sp + 0 slots: 0x00007ff7b6df0850 is pointing into the stack for thread: 0x00007fc05f08aa00
stack at sp + 1 slots: 0x000000010d075c9f: _ZN5Mutex28lock_without_safepoint_checkEv+0x1f in /Library/Java/JavaVirtualMachines/jdk-17.jdk/Contents/Home/lib/server/libjvm.dylib at 0x000000010c81b000
stack at sp + 2 slots: 0x0000000000000002 is an unknown value
stack at sp + 3 slots: 0x00007ff7b6df1c70 is pointing into the stack for thread: 0x00007fc05f08aa00
stack at sp + 4 slots: 0xffffffff00000180 is an unknown value
stack at sp + 5 slots: 0x0000000000000002 is an unknown value
stack at sp + 6 slots: 0x00007ff7b6df1c70 is pointing into the stack for thread: 0x00007fc05f08aa00
stack at sp + 7 slots: 0x0000000000000180 is an unknown value


---------------  P R O C E S S  ---------------

Threads class SMR info:
_java_thread_list=0x00007fc061905fa0, length=20, elements={
0x00007fc05d80ba00, 0x00007fc05e809a00, 0x00007fc05f014a00, 0x00007fc05e840400,
0x00007fc05e842c00, 0x00007fc05f85e400, 0x00007fc05d82dc00, 0x00007fc05e843200,
0x00007fc05e843800, 0x00007fc05d828800, 0x00007fc05f008800, 0x00007fc05f018600,
0x00007fc05e839c00, 0x00007fc05f863c00, 0x00007fc05f08aa00, 0x00007fc05fb57800,
0x00007fc05e99ea00, 0x00007fc05f0e4a00, 0x00007fc05e9f8200, 0x00007fc05ea35e00
}

Java Threads: ( => current thread )
  0x00007fc05d80ba00 JavaThread "main" [_thread_blocked, id=6147, stack(0x0000700003aa8000,0x0000700003ba8000)]
  0x00007fc05e809a00 JavaThread "Reference Handler" daemon [_thread_blocked, id=15107, stack(0x00007000041bd000,0x00007000042bd000)]
  0x00007fc05f014a00 JavaThread "Finalizer" daemon [_thread_blocked, id=14851, stack(0x00007000042c0000,0x00007000043c0000)]
  0x00007fc05e840400 JavaThread "Signal Dispatcher" daemon [_thread_blocked, id=22787, stack(0x00007000044c9000,0x00007000045c9000)]
  0x00007fc05e842c00 JavaThread "Service Thread" daemon [_thread_blocked, id=23299, stack(0x00007000045cc000,0x00007000046cc000)]
  0x00007fc05f85e400 JavaThread "Monitor Deflation Thread" daemon [_thread_blocked, id=23555, stack(0x00007000046cf000,0x00007000047cf000)]
  0x00007fc05d82dc00 JavaThread "C2 CompilerThread0" daemon [_thread_in_native, id=24067, stack(0x00007000047d2000,0x00007000048d2000)]
  0x00007fc05e843200 JavaThread "C1 CompilerThread0" daemon [_thread_blocked, id=41987, stack(0x00007000048d5000,0x00007000049d5000)]
  0x00007fc05e843800 JavaThread "Sweeper thread" daemon [_thread_blocked, id=41475, stack(0x00007000049d8000,0x0000700004ad8000)]
  0x00007fc05d828800 JavaThread "Common-Cleaner" daemon [_thread_blocked, id=24835, stack(0x0000700004adb000,0x0000700004bdb000)]
  0x00007fc05f008800 JavaThread "Monitor Ctrl-Break" daemon [_thread_in_native, id=40963, stack(0x0000700004bde000,0x0000700004cde000)]
  0x00007fc05f018600 JavaThread "Notification Thread" daemon [_thread_blocked, id=25091, stack(0x0000700004ce1000,0x0000700004de1000)]
  0x00007fc05e839c00 JavaThread "QuantumRenderer-0" daemon [_thread_blocked, id=39427, stack(0x00007000050ed000,0x00007000051ed000)]
  0x00007fc05f863c00 JavaThread "InvokeLaterDispatcher" daemon [_thread_blocked, id=36103, stack(0x00007000051f0000,0x00007000052f0000)]
=>0x00007fc05f08aa00 JavaThread "JavaFX Application Thread" [_thread_in_vm, id=259, stack(0x00007ff7b65f8000,0x00007ff7b6df8000)]
  0x00007fc05fb57800 JavaThread "JavaFX-Launcher" [_thread_blocked, id=75267, stack(0x0000700005685000,0x0000700005785000)]
  0x00007fc05e99ea00 JavaThread "PostgreSQL-JDBC-Cleaner" daemon [_thread_blocked, id=75011, stack(0x0000700005788000,0x0000700005888000)]
  0x00007fc05f0e4a00 JavaThread "Hibernate Connection Pool Validation Thread" daemon [_thread_blocked, id=74755, stack(0x000070000588b000,0x000070000598b000)]
  0x00007fc05e9f8200 JavaThread "PulseTimer-CVDisplayLink thread" daemon [_thread_in_native, id=51723, stack(0x00007000043c3000,0x0000700004443000)]
  0x00007fc05ea35e00 JavaThread "Prism Font Disposer" daemon [_thread_blocked, id=58123, stack(0x00007000054fc000,0x00007000055fc000)]

Other Threads:
  0x00007fc05e11bc90 VMThread "VM Thread" [stack: 0x00007000040ba000,0x00007000041ba000] [id=15875]
  0x00007fc05e220e00 WatcherThread [stack: 0x0000700004de4000,0x0000700004ee4000] [id=25603]
  0x00007fc05e01db30 GCTaskThread "GC Thread#0" [stack: 0x0000700003bab000,0x0000700003cab000] [id=19971]
  0x00007fc05e146130 GCTaskThread "GC Thread#1" [stack: 0x0000700004ee7000,0x0000700004fe7000] [id=40195]
  0x00007fc05e146a40 GCTaskThread "GC Thread#2" [stack: 0x0000700004fea000,0x00007000050ea000] [id=39683]
  0x00007fc0611399d0 GCTaskThread "GC Thread#3" [stack: 0x00007000052f3000,0x00007000053f3000] [id=78863]
  0x00007fc05e10a1c0 ConcurrentGCThread "G1 Main Marker" [stack: 0x0000700003cae000,0x0000700003dae000] [id=19715]
  0x00007fc05e2083a0 ConcurrentGCThread "G1 Conc#0" [stack: 0x0000700003db1000,0x0000700003eb1000] [id=18691]
  0x00007fc05e02a500 ConcurrentGCThread "G1 Refine#0" [stack: 0x0000700003eb4000,0x0000700003fb4000] [id=18179]
  0x00007fc05e208fc0 ConcurrentGCThread "G1 Service" [stack: 0x0000700003fb7000,0x00007000040b7000] [id=17667]

Threads with active compile tasks:
C2 CompilerThread0     7930 3160       4       jdk.internal.org.objectweb.asm.Frame::execute (2305 bytes)

VM state: not at safepoint (normal execution)

VM Mutex/Monitor currently owned by a thread: None

Heap address: 0x0000000780000000, size: 2048 MB, Compressed Oops mode: Zero based, Oop shift amount: 3

CDS archive(s) mapped at: [0x0000000800000000-0x0000000800bd8000-0x0000000800bd8000), size 12419072, SharedBaseAddress: 0x0000000800000000, ArchiveRelocationMode: 0.
Compressed class space mapped at: 0x0000000800c00000-0x0000000840c00000, reserved size: 1073741824
Narrow klass base: 0x0000000800000000, Narrow klass shift: 0, Narrow klass range: 0x100000000

GC Precious Log:
 CPUs: 4 total, 4 available
 Memory: 8192M
 Large Page Support: Disabled
 NUMA Support: Disabled
 Compressed Oops: Enabled (Zero based)
 Heap Region Size: 1M
 Heap Min Capacity: 8M
 Heap Initial Capacity: 128M
 Heap Max Capacity: 2G
 Pre-touch: Disabled
 Parallel Workers: 4
 Concurrent Workers: 1
 Concurrent Refinement Workers: 4
 Periodic GC: Disabled

Heap:
 garbage-first heap   total 40960K, used 25341K [0x0000000780000000, 0x0000000800000000)
  region size 1024K, 6 young (6144K), 1 survivors (1024K)
 Metaspace       used 33205K, committed 33536K, reserved 1081344K
  class space    used 4854K, committed 4992K, reserved 1048576K

Heap Regions: E=young(eden), S=young(survivor), O=old, HS=humongous(starts), HC=humongous(continues), CS=collection set, F=free, OA=open archive, CA=closed archive, TAMS=top-at-mark-start (previous, next)
|   0|0x0000000780000000, 0x0000000780100000, 0x0000000780100000|100%|HS|  |TAMS 0x0000000780100000, 0x0000000780000000| Complete 
|   1|0x0000000780100000, 0x0000000780200000, 0x0000000780200000|100%| O|  |TAMS 0x0000000780200000, 0x0000000780100000| Untracked 
|   2|0x0000000780200000, 0x0000000780300000, 0x0000000780300000|100%| O|  |TAMS 0x0000000780200000, 0x0000000780200000| Untracked 
|   3|0x0000000780300000, 0x0000000780400000, 0x0000000780400000|100%| O|  |TAMS 0x0000000780300000, 0x0000000780300000| Untracked 
|   4|0x0000000780400000, 0x0000000780500000, 0x0000000780500000|100%| O|  |TAMS 0x0000000780400000, 0x0000000780400000| Untracked 
|   5|0x0000000780500000, 0x0000000780600000, 0x0000000780600000|100%| O|  |TAMS 0x0000000780500000, 0x0000000780500000| Untracked 
|   6|0x0000000780600000, 0x0000000780700000, 0x0000000780700000|100%| O|  |TAMS 0x0000000780600000, 0x0000000780600000| Untracked 
|   7|0x0000000780700000, 0x0000000780800000, 0x0000000780800000|100%| O|  |TAMS 0x0000000780700000, 0x0000000780700000| Untracked 
|   8|0x0000000780800000, 0x0000000780900000, 0x0000000780900000|100%| O|  |TAMS 0x0000000780800000, 0x0000000780800000| Untracked 
|   9|0x0000000780900000, 0x0000000780a00000, 0x0000000780a00000|100%| O|  |TAMS 0x0000000780900000, 0x0000000780900000| Untracked 
|  10|0x0000000780a00000, 0x0000000780b00000, 0x0000000780b00000|100%|HS|  |TAMS 0x0000000780a00000, 0x0000000780a00000| Complete 
|  11|0x0000000780b00000, 0x0000000780c00000, 0x0000000780c00000|100%|HC|  |TAMS 0x0000000780b00000, 0x0000000780b00000| Complete 
|  12|0x0000000780c00000, 0x0000000780d00000, 0x0000000780d00000|100%|HS|  |TAMS 0x0000000780c00000, 0x0000000780c00000| Complete 
|  13|0x0000000780d00000, 0x0000000780e00000, 0x0000000780e00000|100%|HC|  |TAMS 0x0000000780d00000, 0x0000000780d00000| Complete 
|  14|0x0000000780e00000, 0x0000000780f00000, 0x0000000780f00000|100%|HS|  |TAMS 0x0000000780e00000, 0x0000000780e00000| Complete 
|  15|0x0000000780f00000, 0x0000000781000000, 0x0000000781000000|100%|HC|  |TAMS 0x0000000780f00000, 0x0000000780f00000| Complete 
|  16|0x0000000781000000, 0x0000000781000000, 0x0000000781100000|  0%| F|  |TAMS 0x0000000781000000, 0x0000000781000000| Untracked 
|  17|0x0000000781100000, 0x0000000781200000, 0x0000000781200000|100%| O|  |TAMS 0x0000000781100000, 0x0000000781100000| Untracked 
|  18|0x0000000781200000, 0x0000000781300000, 0x0000000781300000|100%| O|  |TAMS 0x0000000781200000, 0x0000000781200000| Untracked 
|  19|0x0000000781300000, 0x0000000781300000, 0x0000000781400000|  0%| F|  |TAMS 0x0000000781300000, 0x0000000781300000| Untracked 
|  20|0x0000000781400000, 0x0000000781400000, 0x0000000781500000|  0%| F|  |TAMS 0x0000000781400000, 0x0000000781400000| Untracked 
|  21|0x0000000781500000, 0x00000007815ca400, 0x0000000781600000| 79%| O|  |TAMS 0x0000000781500000, 0x0000000781500000| Untracked 
|  22|0x0000000781600000, 0x0000000781600000, 0x0000000781700000|  0%| F|  |TAMS 0x0000000781600000, 0x0000000781600000| Untracked 
|  23|0x0000000781700000, 0x0000000781700000, 0x0000000781800000|  0%| F|  |TAMS 0x0000000781700000, 0x0000000781700000| Untracked 
|  24|0x0000000781800000, 0x0000000781800000, 0x0000000781900000|  0%| F|  |TAMS 0x0000000781800000, 0x0000000781800000| Untracked 
|  25|0x0000000781900000, 0x0000000781900000, 0x0000000781a00000|  0%| F|  |TAMS 0x0000000781900000, 0x0000000781900000| Untracked 
|  26|0x0000000781a00000, 0x0000000781a00000, 0x0000000781b00000|  0%| F|  |TAMS 0x0000000781a00000, 0x0000000781a00000| Untracked 
|  27|0x0000000781b00000, 0x0000000781c00000, 0x0000000781c00000|100%| S|CS|TAMS 0x0000000781b00000, 0x0000000781b00000| Complete 
|  28|0x0000000781c00000, 0x0000000781c00000, 0x0000000781d00000|  0%| F|  |TAMS 0x0000000781c00000, 0x0000000781c00000| Untracked 
|  29|0x0000000781d00000, 0x0000000781d00000, 0x0000000781e00000|  0%| F|  |TAMS 0x0000000781d00000, 0x0000000781d00000| Untracked 
|  30|0x0000000781e00000, 0x0000000781e00000, 0x0000000781f00000|  0%| F|  |TAMS 0x0000000781e00000, 0x0000000781e00000| Untracked 
|  76|0x0000000784c00000, 0x0000000784c00000, 0x0000000784d00000|  0%| F|  |TAMS 0x0000000784c00000, 0x0000000784c00000| Untracked 
|  77|0x0000000784d00000, 0x0000000784d00000, 0x0000000784e00000|  0%| F|  |TAMS 0x0000000784d00000, 0x0000000784d00000| Untracked 
|  78|0x0000000784e00000, 0x0000000784ec51d0, 0x0000000784f00000| 76%| E|  |TAMS 0x0000000784e00000, 0x0000000784e00000| Complete 
|  79|0x0000000784f00000, 0x0000000785000000, 0x0000000785000000|100%| E|CS|TAMS 0x0000000784f00000, 0x0000000784f00000| Complete 
|  80|0x0000000785000000, 0x0000000785100000, 0x0000000785100000|100%| E|CS|TAMS 0x0000000785000000, 0x0000000785000000| Complete 
|  81|0x0000000785100000, 0x0000000785200000, 0x0000000785200000|100%| E|CS|TAMS 0x0000000785100000, 0x0000000785100000| Complete 
| 127|0x0000000787f00000, 0x0000000788000000, 0x0000000788000000|100%| E|CS|TAMS 0x0000000787f00000, 0x0000000787f00000| Complete 
|2046|0x00000007ffe00000, 0x00000007ffe76000, 0x00000007fff00000| 46%|OA|  |TAMS 0x00000007ffe76000, 0x00000007ffe00000| Untracked 
|2047|0x00000007fff00000, 0x00000007fff7f000, 0x0000000800000000| 49%|CA|  |TAMS 0x00000007fff7f000, 0x00000007fff00000| Untracked 

Card table byte_map: [0x000000010bc00000,0x000000010c000000] _byte_map_base: 0x0000000108000000

Marking Bits (Prev, Next): (CMBitMap*) 0x00007fc05e809250, (CMBitMap*) 0x00007fc05e809210
 Prev Bits: [0x00000001263dc000, 0x00000001283dc000)
 Next Bits: [0x000000011501b000, 0x000000011701b000)

Polling page: 0x000000010922f000

Metaspace:

Usage:
  Non-class:     27.69 MB used.
      Class:      4.74 MB used.
       Both:     32.43 MB used.

Virtual space:
  Non-class space:       32.00 MB reserved,      27.88 MB ( 87%) committed,  4 nodes.
      Class space:        1.00 GB reserved,       4.88 MB ( <1%) committed,  1 nodes.
             Both:        1.03 GB reserved,      32.75 MB (  3%) committed. 

Chunk freelists:
   Non-Class:  3.86 MB
       Class:  2.94 MB
        Both:  6.80 MB

MaxMetaspaceSize: unlimited
CompressedClassSpaceSize: 1.00 GB
Initial GC threshold: 21.00 MB
Current GC threshold: 35.12 MB
CDS: on
MetaspaceReclaimPolicy: balanced
 - commit_granule_bytes: 65536.
 - commit_granule_words: 8192.
 - virtual_space_node_default_size: 1048576.
 - enlarge_chunks_in_place: 1.
 - new_chunks_are_fully_committed: 0.
 - uncommit_free_chunks: 1.
 - use_allocation_guard: 0.
 - handle_deallocations: 1.


Internal statistics:

num_allocs_failed_limit: 3.
num_arena_births: 302.
num_arena_deaths: 2.
num_vsnodes_births: 5.
num_vsnodes_deaths: 0.
num_space_committed: 524.
num_space_uncommitted: 0.
num_chunks_returned_to_freelist: 5.
num_chunks_taken_from_freelist: 1454.
num_chunk_merges: 3.
num_chunk_splits: 1049.
num_chunks_enlarged: 817.
num_purges: 2.
num_inconsistent_stats: 0.

CodeHeap 'non-profiled nmethods': size=120032Kb used=1214Kb max_used=1214Kb free=118817Kb
 bounds [0x000000011eea4000, 0x000000011f114000, 0x00000001263dc000]
CodeHeap 'profiled nmethods': size=120028Kb used=6639Kb max_used=6639Kb free=113389Kb
 bounds [0x00000001173dc000, 0x0000000117a5c000, 0x000000011e913000]
CodeHeap 'non-nmethods': size=5700Kb used=1436Kb max_used=1436Kb free=4263Kb
 bounds [0x000000011e913000, 0x000000011eb83000, 0x000000011eea4000]
 total_blobs=4545 nmethods=3744 adapters=714
 compilation: enabled
              stopped_count=0, restarted_count=0
 full_count=0

Compilation events (20 events):
Event: 7.889 Thread 0x00007fc05e843200 nmethod 3757 0x0000000117a55490 code [0x0000000117a55640, 0x0000000117a55840]
Event: 7.889 Thread 0x00007fc05e843200 3761       2       javafx.scene.paint.Color::getRed (6 bytes)
Event: 7.889 Thread 0x00007fc05e843200 nmethod 3761 0x0000000117a55910 code [0x0000000117a55aa0, 0x0000000117a55bb0]
Event: 7.889 Thread 0x00007fc05e843200 3756       2       java.lang.Math::max (45 bytes)
Event: 7.889 Thread 0x00007fc05e843200 nmethod 3756 0x0000000117a55c90 code [0x0000000117a55e40, 0x0000000117a56050]
Event: 7.889 Thread 0x00007fc05e843200 3763       2       java.lang.String::contains (19 bytes)
Event: 7.889 Thread 0x00007fc05e843200 nmethod 3763 0x0000000117a56110 code [0x0000000117a562c0, 0x0000000117a56430]
Event: 7.889 Thread 0x00007fc05e843200 3764       2       com.sun.javafx.scene.shape.ShapeHelper::markDirtyImpl (17 bytes)
Event: 7.890 Thread 0x00007fc05e843200 nmethod 3764 0x0000000117a56510 code [0x0000000117a56700, 0x0000000117a569d0]
Event: 7.890 Thread 0x00007fc05e843200 3766       2       jdk.internal.misc.Unsafe::getLongUnaligned (173 bytes)
Event: 7.890 Thread 0x00007fc05e843200 nmethod 3766 0x0000000117a56c10 code [0x0000000117a56de0, 0x0000000117a57120]
Event: 7.890 Thread 0x00007fc05e843200 3765       2       javafx.beans.property.ReadOnlyDoubleProperty::<init> (5 bytes)
Event: 7.890 Thread 0x00007fc05e843200 nmethod 3765 0x0000000117a57210 code [0x0000000117a573a0, 0x0000000117a57490]
Event: 7.890 Thread 0x00007fc05e843200 3767       1       com.sun.javafx.css.CalculatedValue::isRelative (5 bytes)
Event: 7.891 Thread 0x00007fc05e843200 nmethod 3767 0x000000011efd3290 code [0x000000011efd3420, 0x000000011efd34f0]
Event: 7.891 Thread 0x00007fc05e843200 3768       2       java.lang.Float::floatToIntBits (15 bytes)
Event: 7.891 Thread 0x00007fc05e843200 nmethod 3768 0x0000000117a57510 code [0x0000000117a576a0, 0x0000000117a577f0]
Event: 7.891 Thread 0x00007fc05e843200 3769       1       com.sun.javafx.css.StyleCache$Key::getStyleMapIds (5 bytes)
Event: 7.891 Thread 0x00007fc05e843200 nmethod 3769 0x000000011efd3590 code [0x000000011efd3720, 0x000000011efd37f0]
Event: 7.892 Thread 0x00007fc05e843200 3770       2       com.sun.javafx.css.PseudoClassState::retainAll (6 bytes)

GC Heap History (16 events):
Event: 0.557 GC heap before
{Heap before GC invocations=0 (full 0):
 garbage-first heap   total 133120K, used 14292K [0x0000000780000000, 0x0000000800000000)
  region size 1024K, 13 young (13312K), 0 survivors (0K)
 Metaspace       used 1747K, committed 1856K, reserved 1056768K
  class space    used 186K, committed 256K, reserved 1048576K
}
Event: 0.560 GC heap after
{Heap after GC invocations=1 (full 0):
 garbage-first heap   total 133120K, used 2929K [0x0000000780000000, 0x0000000800000000)
  region size 1024K, 2 young (2048K), 2 survivors (2048K)
 Metaspace       used 1747K, committed 1856K, reserved 1056768K
  class space    used 186K, committed 256K, reserved 1048576K
}
Event: 1.876 GC heap before
{Heap before GC invocations=1 (full 0):
 garbage-first heap   total 133120K, used 24433K [0x0000000780000000, 0x0000000800000000)
  region size 1024K, 23 young (23552K), 2 survivors (2048K)
 Metaspace       used 8474K, committed 8704K, reserved 1064960K
  class space    used 1097K, committed 1216K, reserved 1048576K
}
Event: 1.883 GC heap after
{Heap after GC invocations=2 (full 0):
 garbage-first heap   total 133120K, used 6569K [0x0000000780000000, 0x0000000800000000)
  region size 1024K, 3 young (3072K), 3 survivors (3072K)
 Metaspace       used 8474K, committed 8704K, reserved 1064960K
  class space    used 1097K, committed 1216K, reserved 1048576K
}
Event: 4.481 GC heap before
{Heap before GC invocations=2 (full 0):
 garbage-first heap   total 133120K, used 49577K [0x0000000780000000, 0x0000000800000000)
  region size 1024K, 46 young (47104K), 3 survivors (3072K)
 Metaspace       used 21301K, committed 21504K, reserved 1073152K
  class space    used 2952K, committed 3072K, reserved 1048576K
}
Event: 4.500 GC heap after
{Heap after GC invocations=3 (full 0):
 garbage-first heap   total 133120K, used 9867K [0x0000000780000000, 0x0000000800000000)
  region size 1024K, 6 young (6144K), 6 survivors (6144K)
 Metaspace       used 21301K, committed 21504K, reserved 1073152K
  class space    used 2952K, committed 3072K, reserved 1048576K
}
Event: 5.601 GC heap before
{Heap before GC invocations=4 (full 0):
 garbage-first heap   total 40960K, used 28299K [0x0000000780000000, 0x0000000800000000)
  region size 1024K, 24 young (24576K), 6 survivors (6144K)
 Metaspace       used 22000K, committed 22272K, reserved 1073152K
  class space    used 3051K, committed 3200K, reserved 1048576K
}
Event: 5.611 GC heap after
{Heap after GC invocations=5 (full 0):
 garbage-first heap   total 40960K, used 10764K [0x0000000780000000, 0x0000000800000000)
  region size 1024K, 1 young (1024K), 1 survivors (1024K)
 Metaspace       used 22000K, committed 22272K, reserved 1073152K
  class space    used 3051K, committed 3200K, reserved 1048576K
}
Event: 5.628 GC heap before
{Heap before GC invocations=5 (full 0):
 garbage-first heap   total 40960K, used 11788K [0x0000000780000000, 0x0000000800000000)
  region size 1024K, 2 young (2048K), 1 survivors (1024K)
 Metaspace       used 22019K, committed 22272K, reserved 1073152K
  class space    used 3052K, committed 3200K, reserved 1048576K
}
Event: 5.641 GC heap after
{Heap after GC invocations=6 (full 0):
 garbage-first heap   total 40960K, used 10746K [0x0000000780000000, 0x0000000800000000)
  region size 1024K, 1 young (1024K), 1 survivors (1024K)
 Metaspace       used 22019K, committed 22272K, reserved 1073152K
  class space    used 3052K, committed 3200K, reserved 1048576K
}
Event: 6.690 GC heap before
{Heap before GC invocations=6 (full 0):
 garbage-first heap   total 40960K, used 28154K [0x0000000780000000, 0x0000000800000000)
  region size 1024K, 19 young (19456K), 1 survivors (1024K)
 Metaspace       used 24940K, committed 25216K, reserved 1073152K
  class space    used 3417K, committed 3520K, reserved 1048576K
}
Event: 6.693 GC heap after
{Heap after GC invocations=7 (full 0):
 garbage-first heap   total 40960K, used 11517K [0x0000000780000000, 0x0000000800000000)
  region size 1024K, 2 young (2048K), 2 survivors (2048K)
 Metaspace       used 24940K, committed 25216K, reserved 1073152K
  class space    used 3417K, committed 3520K, reserved 1048576K
}
Event: 7.274 GC heap before
{Heap before GC invocations=7 (full 0):
 garbage-first heap   total 40960K, used 33021K [0x0000000780000000, 0x0000000800000000)
  region size 1024K, 19 young (19456K), 2 survivors (2048K)
 Metaspace       used 29651K, committed 29952K, reserved 1081344K
  class space    used 4142K, committed 4288K, reserved 1048576K
}
Event: 7.282 GC heap after
{Heap after GC invocations=8 (full 0):
 garbage-first heap   total 40960K, used 20179K [0x0000000780000000, 0x0000000800000000)
  region size 1024K, 3 young (3072K), 3 survivors (3072K)
 Metaspace       used 29651K, committed 29952K, reserved 1081344K
  class space    used 4142K, committed 4288K, reserved 1048576K
}
Event: 7.778 GC heap before
{Heap before GC invocations=8 (full 0):
 garbage-first heap   total 40960K, used 30419K [0x0000000780000000, 0x0000000800000000)
  region size 1024K, 13 young (13312K), 3 survivors (3072K)
 Metaspace       used 32188K, committed 32448K, reserved 1081344K
  class space    used 4598K, committed 4736K, reserved 1048576K
}
Event: 7.784 GC heap after
{Heap after GC invocations=9 (full 0):
 garbage-first heap   total 40960K, used 21245K [0x0000000780000000, 0x0000000800000000)
  region size 1024K, 1 young (1024K), 1 survivors (1024K)
 Metaspace       used 32188K, committed 32448K, reserved 1081344K
  class space    used 4598K, committed 4736K, reserved 1048576K
}

Deoptimization events (20 events):
Event: 7.480 Thread 0x00007fc05f08aa00 Uncommon trap: trap_request=0xffffffde fr.pc=0x000000011eec72cc relative=0x00000000000001ac
Event: 7.480 Thread 0x00007fc05f08aa00 Uncommon trap: reason=class_check action=maybe_recompile pc=0x000000011eec72cc method=java.lang.String.equals(Ljava/lang/Object;)Z @ 8 c2
Event: 7.480 Thread 0x00007fc05f08aa00 DEOPT PACKING pc=0x000000011eec72cc sp=0x00007ff7b6df1ff0
Event: 7.480 Thread 0x00007fc05f08aa00 DEOPT UNPACKING pc=0x000000011e965099 sp=0x00007ff7b6df1fb8 mode 2
Event: 7.482 Thread 0x00007fc05f08aa00 Uncommon trap: trap_request=0xffffffde fr.pc=0x000000011eec72cc relative=0x00000000000001ac
Event: 7.482 Thread 0x00007fc05f08aa00 Uncommon trap: reason=class_check action=maybe_recompile pc=0x000000011eec72cc method=java.lang.String.equals(Ljava/lang/Object;)Z @ 8 c2
Event: 7.482 Thread 0x00007fc05f08aa00 DEOPT PACKING pc=0x000000011eec72cc sp=0x00007ff7b6df1f30
Event: 7.482 Thread 0x00007fc05f08aa00 DEOPT UNPACKING pc=0x000000011e965099 sp=0x00007ff7b6df1ef8 mode 2
Event: 7.697 Thread 0x00007fc05f08aa00 Uncommon trap: trap_request=0xffffff45 fr.pc=0x000000011eeb54cc relative=0x00000000000001ac
Event: 7.697 Thread 0x00007fc05f08aa00 Uncommon trap: reason=unstable_if action=reinterpret pc=0x000000011eeb54cc method=java.lang.String.isLatin1()Z @ 10 c2
Event: 7.697 Thread 0x00007fc05f08aa00 DEOPT PACKING pc=0x000000011eeb54cc sp=0x00007ff7b6df1bb0
Event: 7.697 Thread 0x00007fc05f08aa00 DEOPT UNPACKING pc=0x000000011e965099 sp=0x00007ff7b6df1b00 mode 2
Event: 7.750 Thread 0x00007fc05f08aa00 Uncommon trap: trap_request=0xffffff45 fr.pc=0x000000011ef36ff8 relative=0x0000000000000158
Event: 7.750 Thread 0x00007fc05f08aa00 Uncommon trap: reason=unstable_if action=reinterpret pc=0x000000011ef36ff8 method=java.lang.ClassLoader.checkName(Ljava/lang/String;)Z @ 20 c2
Event: 7.750 Thread 0x00007fc05f08aa00 DEOPT PACKING pc=0x000000011ef36ff8 sp=0x00007ff7b6df17e0
Event: 7.750 Thread 0x00007fc05f08aa00 DEOPT UNPACKING pc=0x000000011e965099 sp=0x00007ff7b6df1790 mode 2
Event: 7.761 Thread 0x00007fc05f08aa00 Uncommon trap: trap_request=0xffffff45 fr.pc=0x000000011ef7acb4 relative=0x0000000000000034
Event: 7.761 Thread 0x00007fc05f08aa00 Uncommon trap: reason=unstable_if action=reinterpret pc=0x000000011ef7acb4 method=java.lang.reflect.Modifier.isProtected(I)Z @ 3 c2
Event: 7.761 Thread 0x00007fc05f08aa00 DEOPT PACKING pc=0x000000011ef7acb4 sp=0x00007ff7b6df13d0
Event: 7.761 Thread 0x00007fc05f08aa00 DEOPT UNPACKING pc=0x000000011e965099 sp=0x00007ff7b6df1380 mode 2

Classes unloaded (1 events):
Event: 4.562 Thread 0x00007fc05e11bc90 Unloading class 0x0000000800c06400 'java/lang/invoke/LambdaForm$DMH+0x0000000800c06400'

Classes redefined (0 events):
No events

Internal exceptions (20 events):
Event: 5.991 Thread 0x00007fc05f08aa00 Exception <a 'sun/nio/fs/UnixException'{0x0000000781a84718}> (0x0000000781a84718) 
thrown [open/src/hotspot/share/prims/jni.cpp, line 516]
Event: 5.995 Thread 0x00007fc05f08aa00 Exception <a 'sun/nio/fs/UnixException'{0x0000000781a907d0}> (0x0000000781a907d0) 
thrown [open/src/hotspot/share/prims/jni.cpp, line 516]
Event: 5.996 Thread 0x00007fc05f08aa00 Exception <a 'sun/nio/fs/UnixException'{0x0000000781a94560}> (0x0000000781a94560) 
thrown [open/src/hotspot/share/prims/jni.cpp, line 516]
Event: 5.997 Thread 0x00007fc05f08aa00 Exception <a 'sun/nio/fs/UnixException'{0x0000000781a98c70}> (0x0000000781a98c70) 
thrown [open/src/hotspot/share/prims/jni.cpp, line 516]
Event: 5.999 Thread 0x00007fc05f08aa00 Exception <a 'sun/nio/fs/UnixException'{0x0000000781a9caf8}> (0x0000000781a9caf8) 
thrown [open/src/hotspot/share/prims/jni.cpp, line 516]
Event: 6.002 Thread 0x00007fc05f08aa00 Exception <a 'sun/nio/fs/UnixException'{0x0000000781aa1e98}> (0x0000000781aa1e98) 
thrown [open/src/hotspot/share/prims/jni.cpp, line 516]
Event: 6.003 Thread 0x00007fc05f08aa00 Exception <a 'sun/nio/fs/UnixException'{0x0000000781aa47f8}> (0x0000000781aa47f8) 
thrown [open/src/hotspot/share/prims/jni.cpp, line 516]
Event: 6.003 Thread 0x00007fc05f08aa00 Exception <a 'sun/nio/fs/UnixException'{0x0000000781aa8ce0}> (0x0000000781aa8ce0) 
thrown [open/src/hotspot/share/prims/jni.cpp, line 516]
Event: 6.004 Thread 0x00007fc05f08aa00 Exception <a 'sun/nio/fs/UnixException'{0x0000000781aaf788}> (0x0000000781aaf788) 
thrown [open/src/hotspot/share/prims/jni.cpp, line 516]
Event: 6.674 Thread 0x00007fc05f08aa00 Exception <a 'java/lang/NoSuchMethodError'{0x00000007814ffd18}: 'java.lang.Object java.lang.invoke.DirectMethodHandle$Holder.invokeInterface(java.lang.Object, java.lang.Object, java.lang.Object)'> (0x00000007814ffd18) 
thrown [open/src/hotspot/share/interpreter/linkResolver.cpp, line 759]
Event: 6.731 Thread 0x00007fc05f08aa00 Exception <a 'sun/nio/fs/UnixException'{0x00000007850975d8}> (0x00000007850975d8) 
thrown [open/src/hotspot/share/prims/jni.cpp, line 516]
Event: 6.800 Thread 0x00007fc05f08aa00 Exception <a 'java/lang/NoSuchMethodError'{0x0000000784d31b08}: 'java.lang.Object java.lang.invoke.DirectMethodHandle$Holder.invokeStaticInit(java.lang.Object, java.lang.Object, java.lang.Object, java.lang.Object)'> (0x0000000784d31b08) 
thrown [open/src/hotspot/share/interpreter/linkResolver.cpp, line 759]
Event: 6.801 Thread 0x00007fc05f08aa00 Exception <a 'java/lang/NullPointerException'{0x0000000784d3d4d8}> (0x0000000784d3d4d8) 
thrown [open/src/hotspot/share/interpreter/linkResolver.cpp, line 1350]
Event: 6.819 Thread 0x00007fc05f08aa00 Exception <a 'java/lang/ClassNotFoundException'{0x0000000784db2118}: sun/util/logging/resources/spi/loggingProvider> (0x0000000784db2118) 
thrown [open/src/hotspot/share/classfile/systemDictionary.cpp, line 256]
Event: 6.839 Thread 0x00007fc05f08aa00 Exception <a 'java/lang/NoSuchMethodError'{0x0000000784ce17f8}: 'java.lang.Object java.lang.invoke.DirectMethodHandle$Holder.invokeSpecial(java.lang.Object, java.lang.Object, java.lang.Object, int, java.lang.Object)'> (0x0000000784ce17f8) 
thrown [open/src/hotspot/share/interpreter/linkResolver.cpp, line 759]
Event: 7.714 Thread 0x00007fc05f08aa00 Exception <a 'java/lang/IncompatibleClassChangeError'{0x0000000784c93040}: Found class java.lang.Object, but interface was expected> (0x0000000784c93040) 
thrown [open/src/hotspot/share/interpreter/linkResolver.cpp, line 826]
Event: 7.750 Thread 0x00007fc05f08aa00 Exception <a 'java/lang/ClassNotFoundException'{0x0000000781d9e8d0}: com/sun/javafx/scene/control/skin/resources/controls> (0x0000000781d9e8d0) 
thrown [open/src/hotspot/share/prims/jni.cpp, line 535]
Event: 7.751 Thread 0x00007fc05f08aa00 Exception <a 'java/lang/ClassNotFoundException'{0x0000000781dac858}: com/sun/javafx/scene/control/skin/resources/controls_en> (0x0000000781dac858) 
thrown [open/src/hotspot/share/prims/jni.cpp, line 535]
Event: 7.751 Thread 0x00007fc05f08aa00 Exception <a 'java/lang/ClassNotFoundException'{0x0000000781dada20}: com/sun/javafx/scene/control/skin/resources/controls_en_US> (0x0000000781dada20) 
thrown [open/src/hotspot/share/prims/jni.cpp, line 535]
Event: 7.793 Thread 0x00007fc05f08aa00 Exception <a 'java/lang/NoSuchMethodError'{0x0000000787f687d0}: 'void java.lang.invoke.DirectMethodHandle$Holder.invokeSpecial(java.lang.Object, java.lang.Object, java.lang.Object, java.lang.Object, java.lang.Object, java.lang.Object)'> (0x0000000787f687d0) 
thrown [open/src/hotspot/share/interpreter/linkResolver.cpp, line 759]

VM Operations (20 events):
Event: 4.587 Executing VM operation: G1Concurrent
Event: 4.588 Executing VM operation: G1Concurrent done
Event: 5.037 Executing VM operation: ICBufferFull
Event: 5.047 Executing VM operation: ICBufferFull done
Event: 5.601 Executing VM operation: G1CollectForAllocation
Event: 5.611 Executing VM operation: G1CollectForAllocation done
Event: 5.628 Executing VM operation: G1CollectForAllocation
Event: 5.651 Executing VM operation: G1CollectForAllocation done
Event: 6.086 Executing VM operation: HandshakeAllThreads
Event: 6.086 Executing VM operation: HandshakeAllThreads done
Event: 6.690 Executing VM operation: G1CollectForAllocation
Event: 6.693 Executing VM operation: G1CollectForAllocation done
Event: 7.021 Executing VM operation: HandshakeAllThreads
Event: 7.021 Executing VM operation: HandshakeAllThreads done
Event: 7.021 Executing VM operation: HandshakeAllThreads
Event: 7.021 Executing VM operation: HandshakeAllThreads done
Event: 7.274 Executing VM operation: G1CollectForAllocation
Event: 7.282 Executing VM operation: G1CollectForAllocation done
Event: 7.778 Executing VM operation: G1CollectForAllocation
Event: 7.784 Executing VM operation: G1CollectForAllocation done

Events (20 events):
Event: 7.473 loading class jdk/jfr/FlightRecorder
Event: 7.473 loading class jdk/jfr/FlightRecorder done
Event: 7.704 loading class sun/nio/cs/StandardCharsets$Aliases
Event: 7.704 loading class sun/util/PreHashedMap
Event: 7.704 loading class sun/util/PreHashedMap done
Event: 7.704 loading class sun/nio/cs/StandardCharsets$Aliases done
Event: 7.704 loading class sun/nio/cs/StandardCharsets$Cache
Event: 7.704 loading class sun/nio/cs/StandardCharsets$Cache done
Event: 7.704 loading class sun/nio/cs/UTF_16BE$Decoder
Event: 7.704 loading class sun/nio/cs/UnicodeDecoder
Event: 7.704 loading class sun/nio/cs/UnicodeDecoder done
Event: 7.704 loading class sun/nio/cs/UTF_16BE$Decoder done
Event: 7.704 loading class sun/nio/cs/ArrayDecoder
Event: 7.704 loading class sun/nio/cs/ArrayDecoder done
Event: 7.707 Thread 0x00007fc05ea35e00 Thread added: 0x00007fc05ea35e00
Event: 7.707 Protecting memory [0x00007000054fc000,0x0000700005500000] with protection modes 0
Event: 7.823 loading class java/lang/FdLibm$Hypot
Event: 7.823 loading class java/lang/FdLibm$Hypot done
Event: 7.823 loading class java/lang/FdLibm
Event: 7.823 loading class java/lang/FdLibm done


Dynamic libraries:
0x0000000109231000 	/Library/Java/JavaVirtualMachines/jdk-17.jdk/Contents/Home/lib/libjli.dylib
0x00007ff80e9e1000 	/usr/lib/libz.1.dylib
0x00007ff80eac1000 	/usr/lib/libSystem.B.dylib
0x00007ff80eabc000 	/usr/lib/system/libcache.dylib
0x00007ff80ea78000 	/usr/lib/system/libcommonCrypto.dylib
0x00007ff80eaa1000 	/usr/lib/system/libcompiler_rt.dylib
0x00007ff80ea97000 	/usr/lib/system/libcopyfile.dylib
0x00007ff803a6c000 	/usr/lib/system/libcorecrypto.dylib
0x00007ff803b2a000 	/usr/lib/system/libdispatch.dylib
0x00007ff803cee000 	/usr/lib/system/libdyld.dylib
0x00007ff80eab3000 	/usr/lib/system/libkeymgr.dylib
0x00007ff80ea56000 	/usr/lib/system/libmacho.dylib
0x00007ff80e0d5000 	/usr/lib/system/libquarantine.dylib
0x00007ff80eab1000 	/usr/lib/system/libremovefile.dylib
0x00007ff808c68000 	/usr/lib/system/libsystem_asl.dylib
0x00007ff803a15000 	/usr/lib/system/libsystem_blocks.dylib
0x00007ff803bb2000 	/usr/lib/system/libsystem_c.dylib
0x00007ff80eaa9000 	/usr/lib/system/libsystem_collections.dylib
0x00007ff80d382000 	/usr/lib/system/libsystem_configuration.dylib
0x00007ff80c62e000 	/usr/lib/system/libsystem_containermanager.dylib
0x00007ff80e78f000 	/usr/lib/system/libsystem_coreservices.dylib
0x00007ff806311000 	/usr/lib/system/libsystem_darwin.dylib
0x00007ff80eab4000 	/usr/lib/system/libsystem_dnssd.dylib
0x00007ff803baf000 	/usr/lib/system/libsystem_featureflags.dylib
0x00007ff803d04000 	/usr/lib/system/libsystem_info.dylib
0x00007ff80e9f4000 	/usr/lib/system/libsystem_m.dylib
0x00007ff803afe000 	/usr/lib/system/libsystem_malloc.dylib
0x00007ff808c03000 	/usr/lib/system/libsystem_networkextension.dylib
0x00007ff806737000 	/usr/lib/system/libsystem_notify.dylib
0x00007ff814d1f000 	/usr/lib/system/libsystem_product_info_filter.dylib
0x00007ff80d386000 	/usr/lib/system/libsystem_sandbox.dylib
0x00007ff80eaae000 	/usr/lib/system/libsystem_secinit.dylib
0x00007ff803caa000 	/usr/lib/system/libsystem_kernel.dylib
0x00007ff803cfa000 	/usr/lib/system/libsystem_platform.dylib
0x00007ff803ce2000 	/usr/lib/system/libsystem_pthread.dylib
0x00007ff80a4b0000 	/usr/lib/system/libsystem_symptoms.dylib
0x00007ff803a53000 	/usr/lib/system/libsystem_trace.dylib
0x00007ff80ea84000 	/usr/lib/system/libunwind.dylib
0x00007ff803a17000 	/usr/lib/system/libxpc.dylib
0x00007ff803c94000 	/usr/lib/libc++abi.dylib
0x00007ff803b71000 	/usr/lib/libobjc.A.dylib
0x00007ff80ea8f000 	/usr/lib/liboah.dylib
0x00007ff803c3b000 	/usr/lib/libc++.1.dylib
0x00007ff81ab1c000 	/System/Library/Frameworks/Cocoa.framework/Versions/A/Cocoa
0x00007ff806795000 	/System/Library/Frameworks/AppKit.framework/Versions/C/AppKit
0x00007ff809ca0000 	/System/Library/Frameworks/CoreData.framework/Versions/A/CoreData
0x00007ff804ba1000 	/System/Library/Frameworks/Foundation.framework/Versions/C/Foundation
0x00007ff807623000 	/System/Library/PrivateFrameworks/UIFoundation.framework/Versions/A/UIFoundation
0x00007ff814a22000 	/System/Library/PrivateFrameworks/RemoteViewServices.framework/Versions/A/RemoteViewServices
0x00007ff80cd0c000 	/System/Library/PrivateFrameworks/XCTTargetBootstrap.framework/Versions/A/XCTTargetBootstrap
0x00007ff8108c8000 	/System/Library/PrivateFrameworks/InternationalSupport.framework/Versions/A/InternationalSupport
0x00007ff810952000 	/System/Library/PrivateFrameworks/UserActivity.framework/Versions/A/UserActivity
0x00007ff80fca8000 	/usr/lib/libspindump.dylib
0x00007ff8078b1000 	/System/Library/Frameworks/UniformTypeIdentifiers.framework/Versions/A/UniformTypeIdentifiers
0x00007ff80b435000 	/usr/lib/libapp_launch_measurement.dylib
0x00007ff80a670000 	/System/Library/PrivateFrameworks/CoreAnalytics.framework/Versions/A/CoreAnalytics
0x00007ff80b438000 	/System/Library/PrivateFrameworks/CoreAutoLayout.framework/Versions/A/CoreAutoLayout
0x00007ff80c666000 	/System/Library/Frameworks/Metal.framework/Versions/A/Metal
0x00007ff80d392000 	/usr/lib/liblangid.dylib
0x00007ff80cd11000 	/System/Library/PrivateFrameworks/CoreSVG.framework/Versions/A/CoreSVG
0x00007ff808c98000 	/System/Library/PrivateFrameworks/SkyLight.framework/Versions/A/SkyLight
0x00007ff809036000 	/System/Library/Frameworks/CoreGraphics.framework/Versions/A/CoreGraphics
0x00007ff8150e2000 	/System/Library/Frameworks/Accelerate.framework/Versions/A/Accelerate
0x00007ff80f727000 	/System/Library/PrivateFrameworks/IconServices.framework/Versions/A/IconServices
0x00007ff80c64b000 	/System/Library/Frameworks/IOSurface.framework/Versions/A/IOSurface
0x00007ff80a69e000 	/usr/lib/libDiagnosticMessagesClient.dylib
0x00007ff8187c5000 	/System/Library/Frameworks/ApplicationServices.framework/Versions/A/ApplicationServices
0x00007ff80ccf8000 	/System/Library/PrivateFrameworks/DFRFoundation.framework/Versions/A/DFRFoundation
0x00007ff80607d000 	/usr/lib/libicucore.A.dylib
0x00007ff8116bd000 	/System/Library/Frameworks/AudioToolbox.framework/Versions/A/AudioToolbox
0x00007ff8108d4000 	/System/Library/PrivateFrameworks/DataDetectorsCore.framework/Versions/A/DataDetectorsCore
0x00007ff90c861000 	/System/Library/PrivateFrameworks/TextInput.framework/Versions/A/TextInput
0x00007ff808c1b000 	/usr/lib/libMobileGestalt.dylib
0x00007ff80ca04000 	/System/Library/Frameworks/Carbon.framework/Versions/A/Frameworks/HIToolbox.framework/Versions/A/HIToolbox
0x00007ff80ae3b000 	/System/Library/Frameworks/QuartzCore.framework/Versions/A/QuartzCore
0x00007ff805d24000 	/System/Library/Frameworks/Security.framework/Versions/A/Security
0x00007ff814a5a000 	/System/Library/Frameworks/Carbon.framework/Versions/A/Frameworks/SpeechRecognition.framework/Versions/A/SpeechRecognition
0x00007ff80b195000 	/System/Library/PrivateFrameworks/CoreUI.framework/Versions/A/CoreUI
0x00007ff8055f0000 	/System/Library/Frameworks/CoreAudio.framework/Versions/A/CoreAudio
0x00007ff80a78d000 	/System/Library/Frameworks/DiskArbitration.framework/Versions/A/DiskArbitration
0x00007ff810096000 	/System/Library/PrivateFrameworks/MultitouchSupport.framework/Versions/A/MultitouchSupport
0x00007ff808c1a000 	/usr/lib/libenergytrace.dylib
0x00007ff806681000 	/System/Library/Frameworks/IOKit.framework/Versions/A/IOKit
0x00007ff814e4a000 	/System/Library/Frameworks/CoreServices.framework/Versions/A/CoreServices
0x00007ff80b3cf000 	/System/Library/PrivateFrameworks/PerformanceAnalysis.framework/Versions/A/PerformanceAnalysis
0x00007ffa1bd85000 	/System/Library/Frameworks/OpenGL.framework/Versions/A/OpenGL
0x00007ff80dffb000 	/System/Library/PrivateFrameworks/MobileKeyBag.framework/Versions/A/MobileKeyBag
0x00007ff809701000 	/System/Library/Frameworks/ColorSync.framework/Versions/A/ColorSync
0x00007ff803d2f000 	/System/Library/Frameworks/CoreFoundation.framework/Versions/A/CoreFoundation
0x00007ff80cf88000 	/System/Library/Frameworks/CoreImage.framework/Versions/A/CoreImage
0x00007ff805408000 	/System/Library/Frameworks/CoreText.framework/Versions/A/CoreText
0x00007ff80cd41000 	/System/Library/Frameworks/ImageIO.framework/Versions/A/ImageIO
0x00007ff80eac7000 	/System/Library/PrivateFrameworks/SoftLinking.framework/Versions/A/SoftLinking
0x00007ff80b480000 	/usr/lib/libxml2.2.dylib
0x00007ff80ed4b000 	/usr/lib/libcompression.dylib
0x00007ff8107fb000 	/System/Library/PrivateFrameworks/TextureIO.framework/Versions/A/TextureIO
0x00007ff80f439000 	/usr/lib/libate.dylib
0x00007ff80f215000 	/usr/lib/liblzma.5.dylib
0x00007ff8048b4000 	/System/Library/Frameworks/SystemConfiguration.framework/Versions/A/SystemConfiguration
0x00007ff80eac3000 	/usr/lib/libfakelink.dylib
0x00007ff808774000 	/System/Library/Frameworks/CFNetwork.framework/Versions/A/CFNetwork
0x00007ff80ec04000 	/usr/lib/libarchive.2.dylib
0x00007ff80d38e000 	/System/Library/PrivateFrameworks/AppleSystemInfo.framework/Versions/A/AppleSystemInfo
0x00007ff80e0fc000 	/usr/lib/libbsm.0.dylib
0x00007ff807d87000 	/usr/lib/libnetwork.dylib
0x00007ff80ea5c000 	/usr/lib/system/libkxld.dylib
0x00007ff80dd28000 	/System/Library/PrivateFrameworks/IOMobileFramebuffer.framework/Versions/A/IOMobileFramebuffer
0x00007ffb1b28c000 	/usr/lib/libCoreEntitlements.dylib
0x00007ff80e771000 	/System/Library/PrivateFrameworks/AppleFSCompression.framework/Versions/A/AppleFSCompression
0x00007ff80e0e4000 	/usr/lib/libcoretls.dylib
0x00007ff80f22f000 	/usr/lib/libcoretls_cfhelpers.dylib
0x00007ff80ed46000 	/usr/lib/libpam.2.dylib
0x00007ff80a0d0000 	/usr/lib/libsqlite3.dylib
0x00007ff80f29e000 	/usr/lib/libxar.1.dylib
0x00007ff80e781000 	/usr/lib/libbz2.1.0.dylib
0x00007ff80eac8000 	/usr/lib/libpcap.A.dylib
0x00007ff80a4a8000 	/usr/lib/libdns_services.dylib
0x00007ff80ed16000 	/usr/lib/libapple_nghttp2.dylib
0x00007ff80eb02000 	/usr/lib/libiconv.2.dylib
0x00007ff80ea55000 	/usr/lib/libcharset.1.dylib
0x00007ff80b403000 	/System/Library/Frameworks/CoreServices.framework/Versions/A/Frameworks/FSEvents.framework/Versions/A/FSEvents
0x00007ff80631b000 	/System/Library/Frameworks/CoreServices.framework/Versions/A/Frameworks/CarbonCore.framework/Versions/A/CarbonCore
0x00007ff80a6f1000 	/System/Library/Frameworks/CoreServices.framework/Versions/A/Frameworks/Metadata.framework/Versions/A/Metadata
0x00007ff80e794000 	/System/Library/Frameworks/CoreServices.framework/Versions/A/Frameworks/OSServices.framework/Versions/A/OSServices
0x00007ff80ec8b000 	/System/Library/Frameworks/CoreServices.framework/Versions/A/Frameworks/SearchKit.framework/Versions/A/SearchKit
0x00007ff80a43b000 	/System/Library/Frameworks/CoreServices.framework/Versions/A/Frameworks/AE.framework/Versions/A/AE
0x00007ff804231000 	/System/Library/Frameworks/CoreServices.framework/Versions/A/Frameworks/LaunchServices.framework/Versions/A/LaunchServices
0x00007ff80f1c6000 	/System/Library/Frameworks/CoreServices.framework/Versions/A/Frameworks/DictionaryServices.framework/Versions/A/DictionaryServices
0x00007ff80b410000 	/System/Library/Frameworks/CoreServices.framework/Versions/A/Frameworks/SharedFileList.framework/Versions/A/SharedFileList
0x00007ff80e0d8000 	/usr/lib/libCheckFix.dylib
0x00007ff808c7f000 	/System/Library/PrivateFrameworks/TCC.framework/Versions/A/TCC
0x00007ff80d394000 	/System/Library/PrivateFrameworks/CoreNLP.framework/Versions/A/CoreNLP
0x00007ff80a6a1000 	/System/Library/PrivateFrameworks/MetadataUtilities.framework/Versions/A/MetadataUtilities
0x00007ff804964000 	/usr/lib/libmecabra.dylib
0x00007ff80e10c000 	/usr/lib/libmecab.dylib
0x00007ff80492f000 	/usr/lib/libCRFSuite.dylib
0x00007ff80e166000 	/usr/lib/libgermantok.dylib
0x00007ff80ecf1000 	/usr/lib/libThaiTokenizer.dylib
0x00007ff80a794000 	/System/Library/Frameworks/Accelerate.framework/Versions/A/Frameworks/vImage.framework/Versions/A/vImage
0x00007ff814e21000 	/System/Library/Frameworks/Accelerate.framework/Versions/A/Frameworks/vecLib.framework/Versions/A/vecLib
0x00007ff80f2df000 	/System/Library/Frameworks/Accelerate.framework/Versions/A/Frameworks/vecLib.framework/Versions/A/libvMisc.dylib
0x00007ff80db53000 	/System/Library/Frameworks/Accelerate.framework/Versions/A/Frameworks/vecLib.framework/Versions/A/libvDSP.dylib
0x00007ff8045ab000 	/System/Library/Frameworks/Accelerate.framework/Versions/A/Frameworks/vecLib.framework/Versions/A/libBLAS.dylib
0x00007ff80ee28000 	/System/Library/Frameworks/Accelerate.framework/Versions/A/Frameworks/vecLib.framework/Versions/A/libLAPACK.dylib
0x00007ff80e169000 	/System/Library/Frameworks/Accelerate.framework/Versions/A/Frameworks/vecLib.framework/Versions/A/libLinearAlgebra.dylib
0x00007ff80ed2e000 	/System/Library/Frameworks/Accelerate.framework/Versions/A/Frameworks/vecLib.framework/Versions/A/libSparseBLAS.dylib
0x00007ff80ee22000 	/System/Library/Frameworks/Accelerate.framework/Versions/A/Frameworks/vecLib.framework/Versions/A/libQuadrature.dylib
0x00007ff80d47f000 	/System/Library/Frameworks/Accelerate.framework/Versions/A/Frameworks/vecLib.framework/Versions/A/libBNNS.dylib
0x00007ff804845000 	/System/Library/Frameworks/Accelerate.framework/Versions/A/Frameworks/vecLib.framework/Versions/A/libSparse.dylib
0x00007ff80d478000 	/System/Library/PrivateFrameworks/LinguisticData.framework/Versions/A/LinguisticData
0x00007ff8047fb000 	/System/Library/PrivateFrameworks/Lexicon.framework/Versions/A/Lexicon
0x00007ff80f2d8000 	/usr/lib/libChineseTokenizer.dylib
0x00007ff804f5d000 	/System/Library/PrivateFrameworks/LanguageModeling.framework/Versions/A/LanguageModeling
0x00007ff80ecf3000 	/System/Library/PrivateFrameworks/AppleSauce.framework/Versions/A/AppleSauce
0x00007ff80dd16000 	/System/Library/PrivateFrameworks/CoreEmoji.framework/Versions/A/CoreEmoji
0x00007ff80ebf3000 	/usr/lib/libcmph.dylib
0x00007ff80b3e7000 	/System/Library/Frameworks/OpenDirectory.framework/Versions/A/Frameworks/CFOpenDirectory.framework/Versions/A/CFOpenDirectory
0x00007ff80b3db000 	/System/Library/Frameworks/OpenDirectory.framework/Versions/A/OpenDirectory
0x00007ff80f231000 	/System/Library/PrivateFrameworks/APFS.framework/Versions/A/APFS
0x00007ff80e033000 	/System/Library/Frameworks/SecurityFoundation.framework/Versions/A/SecurityFoundation
0x00007ff80f2ac000 	/usr/lib/libutil.dylib
0x00007ff806645000 	/System/Library/PrivateFrameworks/CoreServicesStore.framework/Versions/A/CoreServicesStore
0x00007ff80f2b0000 	/usr/lib/libxslt.1.dylib
0x00007ff80e0c0000 	/System/Library/PrivateFrameworks/BackgroundTaskManagement.framework/Versions/A/BackgroundTaskManagement
0x00007ff81071b000 	/System/Library/Frameworks/ImageIO.framework/Versions/A/Resources/libRadiance.dylib
0x00007ff810724000 	/System/Library/Frameworks/ImageIO.framework/Versions/A/Resources/libJPEG.dylib
0x00007ff810675000 	/System/Library/Frameworks/ImageIO.framework/Versions/A/Resources/libPng.dylib
0x00007ff810696000 	/System/Library/Frameworks/ImageIO.framework/Versions/A/Resources/libTIFF.dylib
0x00007ff810784000 	/System/Library/Frameworks/ImageIO.framework/Versions/A/Resources/libGIF.dylib
0x00007ff80ffb0000 	/System/Library/Frameworks/ImageIO.framework/Versions/A/Resources/libJP2.dylib
0x00007ff80f6ee000 	/usr/lib/libexpat.1.dylib
0x00007ff80ff65000 	/System/Library/PrivateFrameworks/AppleJPEG.framework/Versions/A/AppleJPEG
0x00007ff80c8c8000 	/System/Library/PrivateFrameworks/FontServices.framework/libFontParser.dylib
0x00007ff80a3e5000 	/System/Library/PrivateFrameworks/RunningBoardServices.framework/Versions/A/RunningBoardServices
0x00007ff81b0d4000 	/System/Library/PrivateFrameworks/IOSurfaceAccelerator.framework/Versions/A/IOSurfaceAccelerator
0x00007ff810092000 	/System/Library/PrivateFrameworks/WatchdogClient.framework/Versions/A/WatchdogClient
0x00007ff80504b000 	/System/Library/Frameworks/CoreDisplay.framework/Versions/A/CoreDisplay
0x00007ff80c7c6000 	/System/Library/Frameworks/CoreMedia.framework/Versions/A/CoreMedia
0x00007ff80c65d000 	/System/Library/PrivateFrameworks/IOAccelerator.framework/Versions/A/IOAccelerator
0x00007ff80b564000 	/System/Library/Frameworks/CoreVideo.framework/Versions/A/CoreVideo
0x00007ff80ed44000 	/System/Library/Frameworks/MetalPerformanceShaders.framework/Versions/A/MetalPerformanceShaders
0x00007ff8100cf000 	/System/Library/Frameworks/VideoToolbox.framework/Versions/A/VideoToolbox
0x00007ff80a32f000 	/System/Library/PrivateFrameworks/BaseBoard.framework/Versions/A/BaseBoard
0x00007ff80a0b6000 	/System/Library/PrivateFrameworks/ProtocolBuffer.framework/Versions/A/ProtocolBuffer
0x00007ff810714000 	/System/Library/PrivateFrameworks/GPUWrangler.framework/Versions/A/GPUWrangler
0x00007ff8106f8000 	/System/Library/PrivateFrameworks/IOPresentment.framework/Versions/A/IOPresentment
0x00007ff81071e000 	/System/Library/PrivateFrameworks/DSExternalDisplay.framework/Versions/A/DSExternalDisplay
0x00007ffa1bd79000 	/System/Library/Frameworks/OpenGL.framework/Versions/A/Libraries/libCoreFSCache.dylib
0x00007ffb08a35000 	/System/Library/PrivateFrameworks/GPUCompiler.framework/Versions/31001/Libraries/libGPUCompilerUtils.dylib
0x00007ff810789000 	/System/Library/PrivateFrameworks/CMCaptureCore.framework/Versions/A/CMCaptureCore
0x00007ff80fc96000 	/System/Library/PrivateFrameworks/AppServerSupport.framework/Versions/A/AppServerSupport
0x00007ff811f55000 	/System/Library/PrivateFrameworks/perfdata.framework/Versions/A/perfdata
0x00007ff805177000 	/System/Library/PrivateFrameworks/AudioToolboxCore.framework/Versions/A/AudioToolboxCore
0x00007ff80c7a4000 	/System/Library/PrivateFrameworks/caulk.framework/Versions/A/caulk
0x00007ff811867000 	/usr/lib/libAudioStatistics.dylib
0x00007ff90900f000 	/System/Library/PrivateFrameworks/SystemPolicy.framework/Versions/A/SystemPolicy
0x00007ff811ac2000 	/usr/lib/libSMC.dylib
0x00007ff81a9cf000 	/System/Library/Frameworks/CoreMIDI.framework/Versions/A/CoreMIDI
0x00007ff810644000 	/usr/lib/libAudioToolboxUtility.dylib
0x00007ff9052b2000 	/System/Library/PrivateFrameworks/OSAServicesClient.framework/Versions/A/OSAServicesClient
0x00007ff811f62000 	/usr/lib/libperfcheck.dylib
0x00007ff909ab9000 	/usr/lib/libmis.dylib
0x00007ffa1bdd4000 	/System/Library/Frameworks/OpenGL.framework/Versions/A/Libraries/libGLU.dylib
0x00007ffa1bd98000 	/System/Library/Frameworks/OpenGL.framework/Versions/A/Libraries/libGFXShared.dylib
0x00007ffa1bfa1000 	/System/Library/Frameworks/OpenGL.framework/Versions/A/Libraries/libGL.dylib
0x00007ffa1bda1000 	/System/Library/Frameworks/OpenGL.framework/Versions/A/Libraries/libGLImage.dylib
0x00007ffa1bd95000 	/System/Library/Frameworks/OpenGL.framework/Versions/A/Libraries/libCVMSPluginSupport.dylib
0x00007ffa1bd80000 	/System/Library/Frameworks/OpenGL.framework/Versions/A/Libraries/libCoreVMClient.dylib
0x00007ff80d310000 	/System/Library/Frameworks/MetalPerformanceShaders.framework/Versions/A/Frameworks/MPSCore.framework/Versions/A/MPSCore
0x00007ff80e6dc000 	/System/Library/Frameworks/MetalPerformanceShaders.framework/Versions/A/Frameworks/MPSImage.framework/Versions/A/MPSImage
0x00007ff80e17f000 	/System/Library/Frameworks/MetalPerformanceShaders.framework/Versions/A/Frameworks/MPSNeuralNetwork.framework/Versions/A/MPSNeuralNetwork
0x00007ff80e5f3000 	/System/Library/Frameworks/MetalPerformanceShaders.framework/Versions/A/Frameworks/MPSMatrix.framework/Versions/A/MPSMatrix
0x00007ff80e3ae000 	/System/Library/Frameworks/MetalPerformanceShaders.framework/Versions/A/Frameworks/MPSRayIntersector.framework/Versions/A/MPSRayIntersector
0x00007ff80e62b000 	/System/Library/Frameworks/MetalPerformanceShaders.framework/Versions/A/Frameworks/MPSNDArray.framework/Versions/A/MPSNDArray
0x00007ffa20d01000 	/System/Library/Frameworks/MetalPerformanceShaders.framework/Versions/A/Frameworks/MPSFunctions.framework/Versions/A/MPSFunctions
0x00007ff804488000 	/System/Library/PrivateFrameworks/MetalTools.framework/Versions/A/MetalTools
0x00007ff80d38c000 	/System/Library/PrivateFrameworks/AggregateDictionary.framework/Versions/A/AggregateDictionary
0x00007ff80f4d0000 	/usr/lib/libIOReport.dylib
0x00007ffa1d3b0000 	/System/Library/Frameworks/OpenCL.framework/Versions/A/OpenCL
0x00007ff80f834000 	/System/Library/PrivateFrameworks/FaceCore.framework/Versions/A/FaceCore
0x00007ff80f825000 	/System/Library/PrivateFrameworks/GraphVisualizer.framework/Versions/A/GraphVisualizer
0x00007ffb08940000 	/System/Library/PrivateFrameworks/FontServices.framework/Versions/A/FontServices
0x00007ff80fc4e000 	/System/Library/PrivateFrameworks/OTSVG.framework/Versions/A/OTSVG
0x00007ff80b14b000 	/System/Library/Frameworks/ApplicationServices.framework/Versions/A/Frameworks/ATS.framework/Versions/A/Resources/libFontRegistry.dylib
0x00007ff80fc9e000 	/System/Library/PrivateFrameworks/FontServices.framework/libhvf.dylib
0x00007ffb08941000 	/System/Library/PrivateFrameworks/FontServices.framework/libXTFontStaticRegistryData.dylib
0x00007ff80f69e000 	/System/Library/PrivateFrameworks/AppleVA.framework/Versions/A/AppleVA
0x00007ff811887000 	/System/Library/Frameworks/ApplicationServices.framework/Versions/A/Frameworks/ATS.framework/Versions/A/ATS
0x00007ff8097fd000 	/System/Library/Frameworks/ApplicationServices.framework/Versions/A/Frameworks/HIServices.framework/Versions/A/HIServices
0x00007ff810793000 	/System/Library/Frameworks/ApplicationServices.framework/Versions/A/Frameworks/PrintCore.framework/Versions/A/PrintCore
0x00007ff811c15000 	/System/Library/Frameworks/ApplicationServices.framework/Versions/A/Frameworks/QD.framework/Versions/A/QD
0x00007ff811c0d000 	/System/Library/Frameworks/ApplicationServices.framework/Versions/A/Frameworks/ColorSyncLegacy.framework/Versions/A/ColorSyncLegacy
0x00007ff811877000 	/System/Library/Frameworks/ApplicationServices.framework/Versions/A/Frameworks/SpeechSynthesis.framework/Versions/A/SpeechSynthesis
0x00007ff810754000 	/System/Library/Frameworks/ApplicationServices.framework/Versions/A/Frameworks/ATSUI.framework/Versions/A/ATSUI
0x00007ff811ba2000 	/usr/lib/libcups.2.dylib
0x00007ff811f71000 	/System/Library/Frameworks/Kerberos.framework/Versions/A/Kerberos
0x00007ff811f80000 	/System/Library/Frameworks/GSS.framework/Versions/A/GSS
0x00007ff8118f3000 	/usr/lib/libresolv.9.dylib
0x00007ff80fcad000 	/System/Library/PrivateFrameworks/Heimdal.framework/Versions/A/Heimdal
0x00007ff818b4d000 	/System/Library/Frameworks/Kerberos.framework/Versions/A/Libraries/libHeimdalProxy.dylib
0x00007ff80a4b8000 	/System/Library/Frameworks/Network.framework/Versions/A/Network
0x00007ff80f708000 	/usr/lib/libheimdal-asn1.dylib
0x00007ff811fcb000 	/System/Library/PrivateFrameworks/CommonAuth.framework/Versions/A/CommonAuth
0x00007ff8117f9000 	/System/Library/PrivateFrameworks/AudioSession.framework/Versions/A/AudioSession
0x00007ff80f798000 	/System/Library/PrivateFrameworks/MediaExperience.framework/Versions/A/MediaExperience
0x00007ff81168c000 	/System/Library/PrivateFrameworks/AudioSession.framework/libSessionUtility.dylib
0x00007ff811c21000 	/System/Library/PrivateFrameworks/AudioResourceArbitration.framework/Versions/A/AudioResourceArbitration
0x00007ff815c94000 	/System/Library/PrivateFrameworks/PowerLog.framework/Versions/A/PowerLog
0x00007ff80f711000 	/System/Library/PrivateFrameworks/IconFoundation.framework/Versions/A/IconFoundation
0x00007ff814a4a000 	/System/Library/PrivateFrameworks/SpeechRecognitionCore.framework/Versions/A/SpeechRecognitionCore
0x000000010c81b000 	/Library/Java/JavaVirtualMachines/jdk-17.jdk/Contents/Home/lib/server/libjvm.dylib
0x0000000109258000 	/Library/Java/JavaVirtualMachines/jdk-17.jdk/Contents/Home/lib/libjimage.dylib
0x000000010927b000 	/Library/Java/JavaVirtualMachines/jdk-17.jdk/Contents/Home/lib/libinstrument.dylib
0x00000001092bd000 	/Library/Java/JavaVirtualMachines/jdk-17.jdk/Contents/Home/lib/libjava.dylib
0x0000000109548000 	/Library/Java/JavaVirtualMachines/jdk-17.jdk/Contents/Home/lib/libnio.dylib
0x0000000109564000 	/Library/Java/JavaVirtualMachines/jdk-17.jdk/Contents/Home/lib/libnet.dylib
0x0000000109584000 	/Library/Java/JavaVirtualMachines/jdk-17.jdk/Contents/Home/lib/libzip.dylib
0x0000000109598000 	/Users/mac/.openjfx/cache/17.0.2-ea/libprism_es2.dylib
0x00007ff806607000 	/System/Library/PrivateFrameworks/CoreServicesInternal.framework/Versions/A/CoreServicesInternal
0x00007ffa1bfac000 	/System/Library/Frameworks/OpenGL.framework/Versions/A/Resources/GLEngine.bundle/GLEngine
0x00007ffa1be12000 	/System/Library/Frameworks/OpenGL.framework/Versions/A/Libraries/libGLProgrammability.dylib
0x00007ffa14780000 	/System/Library/Extensions/AppleIntelBDWGraphicsGLDriver.bundle/Contents/MacOS/AppleIntelBDWGraphicsGLDriver
0x00007ff913bf3000 	/System/Library/PrivateFrameworks/GPUSupport.framework/Versions/A/Libraries/libGPUSupportMercury.dylib
0x00007ffa1c136000 	/System/Library/Frameworks/OpenGL.framework/Versions/A/Resources/GLRendererFloat.bundle/GLRendererFloat
0x000000010c6c0000 	/Users/mac/.openjfx/cache/17.0.2-ea/libglass.dylib
0x00007ff816285000 	/System/Library/Frameworks/FileProvider.framework/Versions/A/FileProvider
0x00007ff80a29c000 	/System/Library/Frameworks/Accounts.framework/Versions/A/Accounts
0x00007ff8163fe000 	/System/Library/PrivateFrameworks/GenerationalStorage.framework/Versions/A/GenerationalStorage
0x00007ff816f11000 	/System/Library/PrivateFrameworks/CoreSymbolication.framework/Versions/A/CoreSymbolication
0x00007ff815c89000 	/System/Library/PrivateFrameworks/SymptomDiagnosticReporter.framework/Versions/A/SymptomDiagnosticReporter
0x00007ff8078c5000 	/System/Library/PrivateFrameworks/DesktopServicesPriv.framework/Versions/A/DesktopServicesPriv
0x00007ff806746000 	/usr/lib/libsandbox.1.dylib
0x00007ff80b5e3000 	/System/Library/PrivateFrameworks/UserManagement.framework/Versions/A/UserManagement
0x00007ff816ed6000 	/System/Library/PrivateFrameworks/DebugSymbols.framework/Versions/A/DebugSymbols
0x00007ff811c02000 	/System/Library/PrivateFrameworks/NetAuth.framework/Versions/A/NetAuth
0x00007ff812b0f000 	/System/Library/PrivateFrameworks/Sharing.framework/Versions/A/Sharing
0x00007ff80b5b6000 	/System/Library/PrivateFrameworks/login.framework/Versions/A/Frameworks/loginsupport.framework/Versions/A/loginsupport
0x00007ff818074000 	/System/Library/PrivateFrameworks/Apple80211.framework/Versions/A/Apple80211
0x00007ff80e7c1000 	/System/Library/PrivateFrameworks/AuthKit.framework/Versions/A/AuthKit
0x00007ff80de0c000 	/System/Library/PrivateFrameworks/CoreUtils.framework/Versions/A/CoreUtils
0x00007ff80dd33000 	/System/Library/Frameworks/CoreWLAN.framework/Versions/A/CoreWLAN
0x00007ff812c6e000 	/System/Library/Frameworks/IOBluetooth.framework/Versions/A/IOBluetooth
0x00007ff8180dc000 	/System/Library/PrivateFrameworks/CoreWiFi.framework/Versions/A/CoreWiFi
0x00007ff816aa8000 	/System/Library/PrivateFrameworks/FrontBoardServices.framework/Versions/A/FrontBoardServices
0x00007ff816b39000 	/System/Library/PrivateFrameworks/BoardServices.framework/Versions/A/BoardServices
0x00007ff80e022000 	/System/Library/PrivateFrameworks/AssertionServices.framework/Versions/A/AssertionServices
0x00007ff81825f000 	/System/Library/PrivateFrameworks/BackBoardServices.framework/Versions/A/BackBoardServices
0x00007ff81205c000 	/System/Library/PrivateFrameworks/CorePhoneNumbers.framework/Versions/A/CorePhoneNumbers
0x00007ff815da6000 	/System/Library/PrivateFrameworks/DiskManagement.framework/Versions/A/DiskManagement
0x00007ff815cba000 	/System/Library/PrivateFrameworks/AppleIDAuthSupport.framework/Versions/A/AppleIDAuthSupport
0x00007ffa232c2000 	/System/Library/PrivateFrameworks/AAAFoundation.framework/Versions/A/AAAFoundation
0x00007ff81203d000 	/System/Library/PrivateFrameworks/KeychainCircle.framework/Versions/A/KeychainCircle
0x00007ff815d72000 	/System/Library/PrivateFrameworks/MediaKit.framework/Versions/A/MediaKit
0x00007ff815cc6000 	/System/Library/Frameworks/DiscRecording.framework/Versions/A/DiscRecording
0x00007ff80f616000 	/usr/lib/libCoreStorage.dylib
0x00007ff81854d000 	/usr/lib/libcsfde.dylib
0x00007ff812d3b000 	/System/Library/PrivateFrameworks/ProtectedCloudStorage.framework/Versions/A/ProtectedCloudStorage
0x00007ff818549000 	/System/Library/PrivateFrameworks/EFILogin.framework/Versions/A/EFILogin
0x00007ff816424000 	/System/Library/PrivateFrameworks/OctagonTrust.framework/Versions/A/OctagonTrust
0x00007ffb07baf000 	/System/Library/PrivateFrameworks/CoreUtilsExtras.framework/Versions/A/CoreUtilsExtras
0x00007ff815bed000 	/System/Library/Frameworks/CoreBluetooth.framework/Versions/A/CoreBluetooth
0x00007ff818bd2000 	/System/Library/Frameworks/AudioUnit.framework/Versions/A/AudioUnit
0x00007ff80f60e000 	/usr/lib/libMatch.1.dylib
0x00007ff90e092000 	/System/Library/Frameworks/Accelerate.framework/Versions/A/Frameworks/vImage.framework/Versions/A/Libraries/libCGInterfaces.dylib
0x0000000117079000 	/usr/lib/libobjc-trampolines.dylib
0x00007ff80b2db000 	/System/Library/PrivateFrameworks/ViewBridge.framework/Versions/A/ViewBridge
0x0000000130694000 	/Library/Java/JavaVirtualMachines/jdk-17.jdk/Contents/Home/lib/libverify.dylib
0x00000001306ac000 	/Library/Java/JavaVirtualMachines/jdk-17.jdk/Contents/Home/lib/libmanagement.dylib
0x00000001306bc000 	/Library/Java/JavaVirtualMachines/jdk-17.jdk/Contents/Home/lib/libmanagement_ext.dylib
0x00000001306cc000 	/Users/mac/.openjfx/cache/17.0.2-ea/libjavafx_font.dylib
0x00007ff80fd64000 	/System/Library/PrivateFrameworks/login.framework/Versions/A/login


VM Arguments:
jvm_args: -javaagent:/Applications/IntelliJ IDEA CE.app/Contents/lib/idea_rt.jar=52246:/Applications/IntelliJ IDEA CE.app/Contents/bin -Dfile.encoding=UTF-8 --module-path=/Users/mac/eclipse-workspace/java2/untitled folder/jul-12/ManageHotelApp_JavaFX/target/classes:/Users/mac/.m2/repository/javax/persistence/javax.persistence-api/2.2/javax.persistence-api-2.2.jar:/Users/mac/.m2/repository/org/openjfx/javafx-fxml/17.0.2/javafx-fxml-17.0.2-mac.jar:/Users/mac/.m2/repository/org/openjfx/javafx-base/17.0.2/javafx-base-17.0.2-mac.jar:/Users/mac/.m2/repository/org/mindrot/jbcrypt/0.4/jbcrypt-0.4.jar:/Users/mac/.m2/repository/org/openjfx/javafx-controls/17.0.2/javafx-controls-17.0.2-mac.jar:/Users/mac/.m2/repository/org/hibernate/hibernate-core/5.6.15.Final/hibernate-core-5.6.15.Final.jar:/Users/mac/.m2/repository/org/controlsfx/controlsfx/11.1.1/controlsfx-11.1.1.jar:/Users/mac/.m2/repository/org/openjfx/javafx-graphics/17.0.2/javafx-graphics-17.0.2-mac.jar:/Users/mac/.m2/repository/org/kordamp/bootstrapfx/bootstrapfx-core/0.4.0/bootstrapfx-core-0.4.0.jar -Djdk.module.main=com.managehotelapp_javafx 
java_command: com.managehotelapp_javafx/com.managehotelapp_javafx.HelloApplication
java_class_path (initial): /Users/mac/.m2/repository/org/openjfx/javafx-controls/17.0.2/javafx-controls-17.0.2.jar:/Users/mac/.m2/repository/org/openjfx/javafx-graphics/17.0.2/javafx-graphics-17.0.2.jar:/Users/mac/.m2/repository/org/openjfx/javafx-base/17.0.2/javafx-base-17.0.2.jar:/Users/mac/.m2/repository/org/openjfx/javafx-fxml/17.0.2/javafx-fxml-17.0.2.jar:/Users/mac/.m2/repository/org/postgresql/postgresql/42.6.0/postgresql-42.6.0.jar:/Users/mac/.m2/repository/org/checkerframework/checker-qual/3.31.0/checker-qual-3.31.0.jar:/Users/mac/.m2/repository/org/jboss/logging/jboss-logging/3.4.3.Final/jboss-logging-3.4.3.Final.jar:/Users/mac/.m2/repository/net/bytebuddy/byte-buddy/1.12.18/byte-buddy-1.12.18.jar:/Users/mac/.m2/repository/antlr/antlr/2.7.7/antlr-2.7.7.jar:/Users/mac/.m2/repository/org/jboss/spec/javax/transaction/jboss-transaction-api_1.2_spec/1.1.1.Final/jboss-transaction-api_1.2_spec-1.1.1.Final.jar:/Users/mac/.m2/repository/org/jboss/jandex/2.4.2.Final/jandex-2.4.2.Final.jar:/Users/mac/.m2/repository/com/fasterxml/classmate/1.5.1/classmate-1.5.1.jar:/Users/mac/.m2/repository/javax/activation/javax.activation-api/1.2.0/javax.activation-api-1.2.0.jar:/Users/mac/.m2/repository/org/hibernate/common/hibernate-commons-annotations/5.1.2.Final/hibernate-commons-annotations-5.1.2.Final.jar:/Users/mac/.m2/repository/javax/xml/bind/jaxb-api/2.3.1/jaxb-api-2.3.1.jar:/Users/mac/.m2/repository/org/glassfish/jaxb/jaxb-runtime/2.3.1/jaxb-runtime-2.3.1.jar:/Users/mac/.m2/repository/org/glassfish/jaxb/txw2/2.3.1/txw2-2.3.1.jar:/Users/mac/.m2/repository/com/sun/istack/istack-commons-runtime/3.0.7/istack-commons-runtime-3.0.7.jar:/Users/mac/.m2/repository/org/jvnet/staxex/stax-ex/1.8/stax-ex-1.8.jar:/Users/mac/.m2/repository/com/sun/xml/fastinfoset/FastInfoset/1.2.15/FastInfoset-1.2.15.jar
Launcher Type: SUN_STANDARD

[Global flags]
     intx CICompilerCount                          = 3                                         {product} {ergonomic}
     uint ConcGCThreads                            = 1                                         {product} {ergonomic}
     uint G1ConcRefinementThreads                  = 4                                         {product} {ergonomic}
   size_t G1HeapRegionSize                         = 1048576                                   {product} {ergonomic}
    uintx GCDrainStackTargetSize                   = 64                                        {product} {ergonomic}
   size_t InitialHeapSize                          = 134217728                                 {product} {ergonomic}
   size_t MarkStackSize                            = 4194304                                   {product} {ergonomic}
   size_t MaxHeapSize                              = 2147483648                                {product} {ergonomic}
   size_t MaxNewSize                               = 1287651328                                {product} {ergonomic}
   size_t MinHeapDeltaBytes                        = 1048576                                   {product} {ergonomic}
   size_t MinHeapSize                              = 8388608                                   {product} {ergonomic}
    uintx NonNMethodCodeHeapSize                   = 5832780                                {pd product} {ergonomic}
    uintx NonProfiledCodeHeapSize                  = 122912730                              {pd product} {ergonomic}
    uintx ProfiledCodeHeapSize                     = 122912730                              {pd product} {ergonomic}
    uintx ReservedCodeCacheSize                    = 251658240                              {pd product} {ergonomic}
     bool SegmentedCodeCache                       = true                                      {product} {ergonomic}
   size_t SoftMaxHeapSize                          = 2147483648                             {manageable} {ergonomic}
     bool UseCompressedClassPointers               = true                           {product lp64_product} {ergonomic}
     bool UseCompressedOops                        = true                           {product lp64_product} {ergonomic}
     bool UseG1GC                                  = true                                      {product} {ergonomic}
     bool UseNUMA                                  = false                                     {product} {ergonomic}
     bool UseNUMAInterleaving                      = false                                     {product} {ergonomic}

Logging:
Log output configuration:
 #0: stdout all=warning uptime,level,tags
 #1: stderr all=off uptime,level,tags

Environment Variables:
PATH=/usr/local/mysql/bin:/usr/local/opt/php@8.1/sbin:/usr/local/opt/php@8.1/bin:/usr/local/opt/php@8.0/bin:/Users/mac/.composer/vendor/bin:/usr/local/bin:/usr/bin:/bin:/usr/sbin:/sbin
SHELL=/bin/zsh
LC_CTYPE=en_US.UTF-8

Signal Handlers:
   SIGSEGV: _ZL13crash_handleriP9__siginfoPv in libjvm.dylib, mask=11100110000111110111111111111111, flags=SA_RESTART|SA_SIGINFO
    SIGBUS: _ZL13crash_handleriP9__siginfoPv in libjvm.dylib, mask=11100110000111110111111111111111, flags=SA_RESTART|SA_SIGINFO
    SIGFPE: _ZL13crash_handleriP9__siginfoPv in libjvm.dylib, mask=11100110000111110111111111111111, flags=SA_RESTART|SA_SIGINFO
   SIGPIPE: _ZL17javaSignalHandleriP9__siginfoPv in libjvm.dylib, mask=11100110000111110111111111111111, flags=SA_RESTART|SA_SIGINFO
   SIGXFSZ: _ZL17javaSignalHandleriP9__siginfoPv in libjvm.dylib, mask=11100110000111110111111111111111, flags=SA_RESTART|SA_SIGINFO
    SIGILL: _ZL13crash_handleriP9__siginfoPv in libjvm.dylib, mask=11100110000111110111111111111111, flags=SA_RESTART|SA_SIGINFO
   SIGUSR2: _ZL10SR_handleriP9__siginfoP17__darwin_ucontext in libjvm.dylib, mask=00100000000000000000000000000000, flags=SA_RESTART|SA_SIGINFO
    SIGHUP: _ZL11UserHandleriPvS_ in libjvm.dylib, mask=11100110000111110111111111111111, flags=SA_RESTART|SA_SIGINFO
    SIGINT: _ZL11UserHandleriPvS_ in libjvm.dylib, mask=11100110000111110111111111111111, flags=SA_RESTART|SA_SIGINFO
   SIGTERM: _ZL11UserHandleriPvS_ in libjvm.dylib, mask=11100110000111110111111111111111, flags=SA_RESTART|SA_SIGINFO
   SIGQUIT: _ZL11UserHandleriPvS_ in libjvm.dylib, mask=11100110000111110111111111111111, flags=SA_RESTART|SA_SIGINFO
   SIGTRAP: _ZL13crash_handleriP9__siginfoPv in libjvm.dylib, mask=11100110000111110111111111111111, flags=SA_RESTART|SA_SIGINFO


---------------  S Y S T E M  ---------------

OS:
uname: Darwin 21.4.0 Darwin Kernel Version 21.4.0: Mon Feb 21 20:34:37 PST 2022; root:xnu-8020.101.4~2/RELEASE_X86_64 x86_64
OS uptime: 2 days 3:44 hours
rlimit (soft/hard): STACK 8192k/65532k , CORE 0k/infinity , NPROC 1392/2088 , NOFILE 10240/infinity , AS infinity/infinity , CPU infinity/infinity , DATA infinity/infinity , FSIZE infinity/infinity , MEMLOCK infinity/infinity , RSS infinity/infinity
load average: 4.20 3.37 3.48

CPU: total 4 (initial active 4) (2 cores per cpu, 2 threads per core) family 6 model 61 stepping 4 microcode 0x2f, cx8, cmov, fxsr, ht, mmx, 3dnowpref, sse, sse2, sse3, ssse3, sse4.1, sse4.2, popcnt, lzcnt, tsc, tscinvbit, avx, avx2, aes, erms, clmul, bmi1, bmi2, rtm, adx, fma, vzeroupper, clflush

Memory: 4k page, physical 8388608k(111768k free), swap 2097152k(447488k free)

vm_info: Java HotSpot(TM) 64-Bit Server VM (17.0.7+8-LTS-224) for bsd-amd64 JRE (17.0.7+8-LTS-224), built on Feb 28 2023 23:06:28 by "mach5one" with clang Apple LLVM 12.0.0 (clang-1200.0.32.29)

END.
